[0.070s] DEBUG:colcon:Command line arguments: ['/home/param/.local/bin/colcon', 'build']
[0.070s] DEBUG:colcon:Parsed command line arguments: Namespace(log_base=None, log_level=None, verb_name='build', build_base='build', install_base='install', merge_install=False, symlink_install=False, test_result_base=None, continue_on_error=False, executor='parallel', parallel_workers=32, event_handlers=None, ignore_user_meta=False, metas=['./colcon.meta'], base_paths=['.'], packages_ignore=None, packages_ignore_regex=None, paths=None, packages_up_to=None, packages_up_to_regex=None, packages_above=None, packages_above_and_dependencies=None, packages_above_depth=None, packages_select_by_dep=None, packages_skip_by_dep=None, packages_skip_up_to=None, packages_select_build_failed=False, packages_skip_build_finished=False, packages_select_test_failures=False, packages_skip_test_passed=False, packages_select=None, packages_skip=None, packages_select_regex=None, packages_skip_regex=None, packages_start=None, packages_end=None, allow_overriding=[], cmake_args=None, cmake_target=None, cmake_target_skip_unavailable=False, cmake_clean_cache=False, cmake_clean_first=False, cmake_force_configure=False, ament_cmake_args=None, catkin_cmake_args=None, catkin_skip_building_tests=False, mixin_files=None, mixin=None, verb_parser=<colcon_mixin.mixin.mixin_argument.MixinArgumentDecorator object at 0x7849d6c19ba0>, verb_extension=<colcon_core.verb.build.BuildVerb object at 0x7849d6d0a380>, main=<bound method BuildVerb.main of <colcon_core.verb.build.BuildVerb object at 0x7849d6d0a380>>, mixin_verb=('build',))
[0.142s] Level 1:colcon.colcon_core.package_discovery:discover_packages(colcon_meta) check parameters
[0.142s] Level 1:colcon.colcon_core.package_discovery:discover_packages(recursive) check parameters
[0.142s] Level 1:colcon.colcon_core.package_discovery:discover_packages(ignore) check parameters
[0.142s] Level 1:colcon.colcon_core.package_discovery:discover_packages(path) check parameters
[0.142s] Level 1:colcon.colcon_core.package_discovery:discover_packages(colcon_meta) discover
[0.142s] Level 1:colcon.colcon_core.package_discovery:discover_packages(recursive) discover
[0.142s] INFO:colcon.colcon_core.package_discovery:Crawling recursively for packages in '/home/param/nash_ws'
[0.142s] Level 1:colcon.colcon_core.package_identification:_identify(.) by extensions ['ignore', 'ignore_ament_install']
[0.142s] Level 1:colcon.colcon_core.package_identification:_identify(.) by extension 'ignore'
[0.142s] Level 1:colcon.colcon_core.package_identification:_identify(.) by extension 'ignore_ament_install'
[0.142s] Level 1:colcon.colcon_core.package_identification:_identify(.) by extensions ['colcon_pkg']
[0.142s] Level 1:colcon.colcon_core.package_identification:_identify(.) by extension 'colcon_pkg'
[0.142s] Level 1:colcon.colcon_core.package_identification:_identify(.) by extensions ['colcon_meta']
[0.142s] Level 1:colcon.colcon_core.package_identification:_identify(.) by extension 'colcon_meta'
[0.142s] Level 1:colcon.colcon_core.package_identification:_identify(.) by extensions ['ros']
[0.142s] Level 1:colcon.colcon_core.package_identification:_identify(.) by extension 'ros'
[0.147s] Level 1:colcon.colcon_core.package_identification:_identify(.) by extensions ['cmake', 'python']
[0.147s] Level 1:colcon.colcon_core.package_identification:_identify(.) by extension 'cmake'
[0.147s] Level 1:colcon.colcon_core.package_identification:_identify(.) by extension 'python'
[0.147s] Level 1:colcon.colcon_core.package_identification:_identify(.) by extensions ['python_setup_py']
[0.147s] Level 1:colcon.colcon_core.package_identification:_identify(.) by extension 'python_setup_py'
[0.147s] Level 1:colcon.colcon_core.package_identification:_identify(build) by extensions ['ignore', 'ignore_ament_install']
[0.147s] Level 1:colcon.colcon_core.package_identification:_identify(build) by extension 'ignore'
[0.147s] Level 1:colcon.colcon_core.package_identification:_identify(build) ignored
[0.148s] Level 1:colcon.colcon_core.package_identification:_identify(install) by extensions ['ignore', 'ignore_ament_install']
[0.148s] Level 1:colcon.colcon_core.package_identification:_identify(install) by extension 'ignore'
[0.148s] Level 1:colcon.colcon_core.package_identification:_identify(install) ignored
[0.148s] Level 1:colcon.colcon_core.package_identification:_identify(log) by extensions ['ignore', 'ignore_ament_install']
[0.148s] Level 1:colcon.colcon_core.package_identification:_identify(log) by extension 'ignore'
[0.148s] Level 1:colcon.colcon_core.package_identification:_identify(log) ignored
[0.148s] Level 1:colcon.colcon_core.package_identification:_identify(src) by extensions ['ignore', 'ignore_ament_install']
[0.148s] Level 1:colcon.colcon_core.package_identification:_identify(src) by extension 'ignore'
[0.148s] Level 1:colcon.colcon_core.package_identification:_identify(src) by extension 'ignore_ament_install'
[0.148s] Level 1:colcon.colcon_core.package_identification:_identify(src) by extensions ['colcon_pkg']
[0.148s] Level 1:colcon.colcon_core.package_identification:_identify(src) by extension 'colcon_pkg'
[0.148s] Level 1:colcon.colcon_core.package_identification:_identify(src) by extensions ['colcon_meta']
[0.148s] Level 1:colcon.colcon_core.package_identification:_identify(src) by extension 'colcon_meta'
[0.148s] Level 1:colcon.colcon_core.package_identification:_identify(src) by extensions ['ros']
[0.148s] Level 1:colcon.colcon_core.package_identification:_identify(src) by extension 'ros'
[0.148s] Level 1:colcon.colcon_core.package_identification:_identify(src) by extensions ['cmake', 'python']
[0.148s] Level 1:colcon.colcon_core.package_identification:_identify(src) by extension 'cmake'
[0.148s] Level 1:colcon.colcon_core.package_identification:_identify(src) by extension 'python'
[0.148s] Level 1:colcon.colcon_core.package_identification:_identify(src) by extensions ['python_setup_py']
[0.148s] Level 1:colcon.colcon_core.package_identification:_identify(src) by extension 'python_setup_py'
[0.148s] Level 1:colcon.colcon_core.package_identification:_identify(src/nashbot) by extensions ['ignore', 'ignore_ament_install']
[0.148s] Level 1:colcon.colcon_core.package_identification:_identify(src/nashbot) by extension 'ignore'
[0.148s] Level 1:colcon.colcon_core.package_identification:_identify(src/nashbot) by extension 'ignore_ament_install'
[0.148s] Level 1:colcon.colcon_core.package_identification:_identify(src/nashbot) by extensions ['colcon_pkg']
[0.148s] Level 1:colcon.colcon_core.package_identification:_identify(src/nashbot) by extension 'colcon_pkg'
[0.148s] Level 1:colcon.colcon_core.package_identification:_identify(src/nashbot) by extensions ['colcon_meta']
[0.148s] Level 1:colcon.colcon_core.package_identification:_identify(src/nashbot) by extension 'colcon_meta'
[0.148s] Level 1:colcon.colcon_core.package_identification:_identify(src/nashbot) by extensions ['ros']
[0.148s] Level 1:colcon.colcon_core.package_identification:_identify(src/nashbot) by extension 'ros'
[0.149s] DEBUG:colcon.colcon_core.package_identification:Package 'src/nashbot' with type 'ros.ament_cmake' and name 'nashbot'
[0.150s] Level 1:colcon.colcon_core.package_identification:_identify(src/nashbot_moveit_config) by extensions ['ignore', 'ignore_ament_install']
[0.150s] Level 1:colcon.colcon_core.package_identification:_identify(src/nashbot_moveit_config) by extension 'ignore'
[0.150s] Level 1:colcon.colcon_core.package_identification:_identify(src/nashbot_moveit_config) by extension 'ignore_ament_install'
[0.150s] Level 1:colcon.colcon_core.package_identification:_identify(src/nashbot_moveit_config) by extensions ['colcon_pkg']
[0.150s] Level 1:colcon.colcon_core.package_identification:_identify(src/nashbot_moveit_config) by extension 'colcon_pkg'
[0.150s] Level 1:colcon.colcon_core.package_identification:_identify(src/nashbot_moveit_config) by extensions ['colcon_meta']
[0.150s] Level 1:colcon.colcon_core.package_identification:_identify(src/nashbot_moveit_config) by extension 'colcon_meta'
[0.150s] Level 1:colcon.colcon_core.package_identification:_identify(src/nashbot_moveit_config) by extensions ['ros']
[0.150s] Level 1:colcon.colcon_core.package_identification:_identify(src/nashbot_moveit_config) by extension 'ros'
[0.150s] DEBUG:colcon.colcon_core.package_identification:Package 'src/nashbot_moveit_config' with type 'ros.ament_cmake' and name 'nashbot_moveit_config'
[0.150s] Level 1:colcon.colcon_core.package_identification:_identify(src/nb_config) by extensions ['ignore', 'ignore_ament_install']
[0.150s] Level 1:colcon.colcon_core.package_identification:_identify(src/nb_config) by extension 'ignore'
[0.150s] Level 1:colcon.colcon_core.package_identification:_identify(src/nb_config) by extension 'ignore_ament_install'
[0.150s] Level 1:colcon.colcon_core.package_identification:_identify(src/nb_config) by extensions ['colcon_pkg']
[0.150s] Level 1:colcon.colcon_core.package_identification:_identify(src/nb_config) by extension 'colcon_pkg'
[0.150s] Level 1:colcon.colcon_core.package_identification:_identify(src/nb_config) by extensions ['colcon_meta']
[0.150s] Level 1:colcon.colcon_core.package_identification:_identify(src/nb_config) by extension 'colcon_meta'
[0.150s] Level 1:colcon.colcon_core.package_identification:_identify(src/nb_config) by extensions ['ros']
[0.150s] Level 1:colcon.colcon_core.package_identification:_identify(src/nb_config) by extension 'ros'
[0.151s] DEBUG:colcon.colcon_core.package_identification:Package 'src/nb_config' with type 'ros.ament_cmake' and name 'nb_config'
[0.151s] Level 1:colcon.colcon_core.package_identification:_identify(src/nb_new) by extensions ['ignore', 'ignore_ament_install']
[0.151s] Level 1:colcon.colcon_core.package_identification:_identify(src/nb_new) by extension 'ignore'
[0.151s] Level 1:colcon.colcon_core.package_identification:_identify(src/nb_new) by extension 'ignore_ament_install'
[0.151s] Level 1:colcon.colcon_core.package_identification:_identify(src/nb_new) by extensions ['colcon_pkg']
[0.151s] Level 1:colcon.colcon_core.package_identification:_identify(src/nb_new) by extension 'colcon_pkg'
[0.151s] Level 1:colcon.colcon_core.package_identification:_identify(src/nb_new) by extensions ['colcon_meta']
[0.151s] Level 1:colcon.colcon_core.package_identification:_identify(src/nb_new) by extension 'colcon_meta'
[0.151s] Level 1:colcon.colcon_core.package_identification:_identify(src/nb_new) by extensions ['ros']
[0.151s] Level 1:colcon.colcon_core.package_identification:_identify(src/nb_new) by extension 'ros'
[0.151s] DEBUG:colcon.colcon_core.package_identification:Package 'src/nb_new' with type 'ros.ament_cmake' and name 'nb_new'
[0.151s] Level 1:colcon.colcon_core.package_discovery:discover_packages(recursive) using defaults
[0.151s] Level 1:colcon.colcon_core.package_discovery:discover_packages(ignore) discover
[0.151s] Level 1:colcon.colcon_core.package_discovery:discover_packages(ignore) using defaults
[0.151s] Level 1:colcon.colcon_core.package_discovery:discover_packages(path) discover
[0.151s] Level 1:colcon.colcon_core.package_discovery:discover_packages(path) using defaults
[0.165s] Level 1:colcon.colcon_core.package_discovery:discover_packages(prefix_path) check parameters
[0.166s] Level 1:colcon.colcon_core.package_discovery:discover_packages(prefix_path) discover
[0.168s] DEBUG:colcon.colcon_installed_package_information.package_discovery:Found 55 installed packages in /home/param/ws_moveit2/install
[0.168s] DEBUG:colcon.colcon_installed_package_information.package_discovery:Found 5 installed packages in /home/param/nash_ws/install
[0.169s] DEBUG:colcon.colcon_installed_package_information.package_discovery:Found 314 installed packages in /opt/ros/humble
[0.169s] Level 1:colcon.colcon_core.package_discovery:discover_packages(prefix_path) using defaults
[0.189s] WARNING:colcon.colcon_core.package_selection:Some selected packages are already built in one or more underlay workspaces:
	'nashbot' is in: /home/param/nash_ws/install/nashbot
If a package in a merged underlay workspace is overridden and it installs headers, then all packages in the overlay must sort their include directories by workspace order. Failure to do so may result in build failures or undefined behavior at run time.
If the overridden package is used by another package in any underlay, then the overriding package in the overlay must be API and ABI compatible or undefined behavior at run time may occur.

If you understand the risks and want to override a package anyways, add the following to the command line:
	--allow-overriding nashbot

This may be promoted to an error in a future release of colcon-override-check.
[0.189s] Level 5:colcon.colcon_core.verb:set package 'nashbot' build argument 'cmake_args' from command line to 'None'
[0.189s] Level 5:colcon.colcon_core.verb:set package 'nashbot' build argument 'cmake_target' from command line to 'None'
[0.189s] Level 5:colcon.colcon_core.verb:set package 'nashbot' build argument 'cmake_target_skip_unavailable' from command line to 'False'
[0.189s] Level 5:colcon.colcon_core.verb:set package 'nashbot' build argument 'cmake_clean_cache' from command line to 'False'
[0.189s] Level 5:colcon.colcon_core.verb:set package 'nashbot' build argument 'cmake_clean_first' from command line to 'False'
[0.189s] Level 5:colcon.colcon_core.verb:set package 'nashbot' build argument 'cmake_force_configure' from command line to 'False'
[0.189s] Level 5:colcon.colcon_core.verb:set package 'nashbot' build argument 'ament_cmake_args' from command line to 'None'
[0.189s] Level 5:colcon.colcon_core.verb:set package 'nashbot' build argument 'catkin_cmake_args' from command line to 'None'
[0.189s] Level 5:colcon.colcon_core.verb:set package 'nashbot' build argument 'catkin_skip_building_tests' from command line to 'False'
[0.189s] DEBUG:colcon.colcon_core.verb:Building package 'nashbot' with the following arguments: {'ament_cmake_args': None, 'build_base': '/home/param/nash_ws/build/nashbot', 'catkin_cmake_args': None, 'catkin_skip_building_tests': False, 'cmake_args': None, 'cmake_clean_cache': False, 'cmake_clean_first': False, 'cmake_force_configure': False, 'cmake_target': None, 'cmake_target_skip_unavailable': False, 'install_base': '/home/param/nash_ws/install/nashbot', 'merge_install': False, 'path': '/home/param/nash_ws/src/nashbot', 'symlink_install': False, 'test_result_base': None}
[0.189s] Level 5:colcon.colcon_core.verb:set package 'nashbot_moveit_config' build argument 'cmake_args' from command line to 'None'
[0.189s] Level 5:colcon.colcon_core.verb:set package 'nashbot_moveit_config' build argument 'cmake_target' from command line to 'None'
[0.189s] Level 5:colcon.colcon_core.verb:set package 'nashbot_moveit_config' build argument 'cmake_target_skip_unavailable' from command line to 'False'
[0.189s] Level 5:colcon.colcon_core.verb:set package 'nashbot_moveit_config' build argument 'cmake_clean_cache' from command line to 'False'
[0.189s] Level 5:colcon.colcon_core.verb:set package 'nashbot_moveit_config' build argument 'cmake_clean_first' from command line to 'False'
[0.189s] Level 5:colcon.colcon_core.verb:set package 'nashbot_moveit_config' build argument 'cmake_force_configure' from command line to 'False'
[0.189s] Level 5:colcon.colcon_core.verb:set package 'nashbot_moveit_config' build argument 'ament_cmake_args' from command line to 'None'
[0.189s] Level 5:colcon.colcon_core.verb:set package 'nashbot_moveit_config' build argument 'catkin_cmake_args' from command line to 'None'
[0.189s] Level 5:colcon.colcon_core.verb:set package 'nashbot_moveit_config' build argument 'catkin_skip_building_tests' from command line to 'False'
[0.189s] DEBUG:colcon.colcon_core.verb:Building package 'nashbot_moveit_config' with the following arguments: {'ament_cmake_args': None, 'build_base': '/home/param/nash_ws/build/nashbot_moveit_config', 'catkin_cmake_args': None, 'catkin_skip_building_tests': False, 'cmake_args': None, 'cmake_clean_cache': False, 'cmake_clean_first': False, 'cmake_force_configure': False, 'cmake_target': None, 'cmake_target_skip_unavailable': False, 'install_base': '/home/param/nash_ws/install/nashbot_moveit_config', 'merge_install': False, 'path': '/home/param/nash_ws/src/nashbot_moveit_config', 'symlink_install': False, 'test_result_base': None}
[0.190s] Level 5:colcon.colcon_core.verb:set package 'nb_config' build argument 'cmake_args' from command line to 'None'
[0.190s] Level 5:colcon.colcon_core.verb:set package 'nb_config' build argument 'cmake_target' from command line to 'None'
[0.190s] Level 5:colcon.colcon_core.verb:set package 'nb_config' build argument 'cmake_target_skip_unavailable' from command line to 'False'
[0.190s] Level 5:colcon.colcon_core.verb:set package 'nb_config' build argument 'cmake_clean_cache' from command line to 'False'
[0.190s] Level 5:colcon.colcon_core.verb:set package 'nb_config' build argument 'cmake_clean_first' from command line to 'False'
[0.190s] Level 5:colcon.colcon_core.verb:set package 'nb_config' build argument 'cmake_force_configure' from command line to 'False'
[0.190s] Level 5:colcon.colcon_core.verb:set package 'nb_config' build argument 'ament_cmake_args' from command line to 'None'
[0.190s] Level 5:colcon.colcon_core.verb:set package 'nb_config' build argument 'catkin_cmake_args' from command line to 'None'
[0.190s] Level 5:colcon.colcon_core.verb:set package 'nb_config' build argument 'catkin_skip_building_tests' from command line to 'False'
[0.190s] DEBUG:colcon.colcon_core.verb:Building package 'nb_config' with the following arguments: {'ament_cmake_args': None, 'build_base': '/home/param/nash_ws/build/nb_config', 'catkin_cmake_args': None, 'catkin_skip_building_tests': False, 'cmake_args': None, 'cmake_clean_cache': False, 'cmake_clean_first': False, 'cmake_force_configure': False, 'cmake_target': None, 'cmake_target_skip_unavailable': False, 'install_base': '/home/param/nash_ws/install/nb_config', 'merge_install': False, 'path': '/home/param/nash_ws/src/nb_config', 'symlink_install': False, 'test_result_base': None}
[0.190s] Level 5:colcon.colcon_core.verb:set package 'nb_new' build argument 'cmake_args' from command line to 'None'
[0.190s] Level 5:colcon.colcon_core.verb:set package 'nb_new' build argument 'cmake_target' from command line to 'None'
[0.190s] Level 5:colcon.colcon_core.verb:set package 'nb_new' build argument 'cmake_target_skip_unavailable' from command line to 'False'
[0.190s] Level 5:colcon.colcon_core.verb:set package 'nb_new' build argument 'cmake_clean_cache' from command line to 'False'
[0.190s] Level 5:colcon.colcon_core.verb:set package 'nb_new' build argument 'cmake_clean_first' from command line to 'False'
[0.190s] Level 5:colcon.colcon_core.verb:set package 'nb_new' build argument 'cmake_force_configure' from command line to 'False'
[0.190s] Level 5:colcon.colcon_core.verb:set package 'nb_new' build argument 'ament_cmake_args' from command line to 'None'
[0.190s] Level 5:colcon.colcon_core.verb:set package 'nb_new' build argument 'catkin_cmake_args' from command line to 'None'
[0.190s] Level 5:colcon.colcon_core.verb:set package 'nb_new' build argument 'catkin_skip_building_tests' from command line to 'False'
[0.190s] DEBUG:colcon.colcon_core.verb:Building package 'nb_new' with the following arguments: {'ament_cmake_args': None, 'build_base': '/home/param/nash_ws/build/nb_new', 'catkin_cmake_args': None, 'catkin_skip_building_tests': False, 'cmake_args': None, 'cmake_clean_cache': False, 'cmake_clean_first': False, 'cmake_force_configure': False, 'cmake_target': None, 'cmake_target_skip_unavailable': False, 'install_base': '/home/param/nash_ws/install/nb_new', 'merge_install': False, 'path': '/home/param/nash_ws/src/nb_new', 'symlink_install': False, 'test_result_base': None}
[0.190s] INFO:colcon.colcon_core.executor:Executing jobs using 'parallel' executor
[0.191s] DEBUG:colcon.colcon_parallel_executor.executor.parallel:run_until_complete
[0.191s] INFO:colcon.colcon_ros.task.ament_cmake.build:Building ROS package in '/home/param/nash_ws/src/nashbot' with build type 'ament_cmake'
[0.191s] INFO:colcon.colcon_cmake.task.cmake.build:Building CMake package in '/home/param/nash_ws/src/nashbot'
[0.192s] INFO:colcon.colcon_core.plugin_system:Skipping extension 'colcon_core.shell.bat': Not used on non-Windows systems
[0.192s] INFO:colcon.colcon_core.shell:Skip shell extension 'powershell' for command environment: Not usable outside of PowerShell
[0.192s] DEBUG:colcon.colcon_core.shell:Skip shell extension 'dsv' for command environment
[0.198s] DEBUG:colcon.colcon_core.event_handler.log_command:Invoking command in '/home/param/nash_ws/build/nashbot': CMAKE_PREFIX_PATH=${CMAKE_PREFIX_PATH}:/home/param/ws_moveit2/install/moveit_configs_utils:/home/param/ws_moveit2/install/launch_param_builder:/opt/ros/humble /usr/bin/cmake --build /home/param/nash_ws/build/nashbot -- -j32 -l32
[0.224s] DEBUG:colcon.colcon_core.event_handler.log_command:Invoked command in '/home/param/nash_ws/build/nashbot' returned '0': CMAKE_PREFIX_PATH=${CMAKE_PREFIX_PATH}:/home/param/ws_moveit2/install/moveit_configs_utils:/home/param/ws_moveit2/install/launch_param_builder:/opt/ros/humble /usr/bin/cmake --build /home/param/nash_ws/build/nashbot -- -j32 -l32
[0.245s] DEBUG:colcon.colcon_core.event_handler.log_command:Invoking command in '/home/param/nash_ws/build/nashbot': CMAKE_PREFIX_PATH=${CMAKE_PREFIX_PATH}:/home/param/ws_moveit2/install/moveit_configs_utils:/home/param/ws_moveit2/install/launch_param_builder:/opt/ros/humble /usr/bin/cmake --install /home/param/nash_ws/build/nashbot
[0.259s] Level 1:colcon.colcon_core.environment:create_environment_scripts_only(nashbot)
[0.259s] DEBUG:colcon.colcon_core.event_handler.log_command:Invoked command in '/home/param/nash_ws/build/nashbot' returned '0': CMAKE_PREFIX_PATH=${CMAKE_PREFIX_PATH}:/home/param/ws_moveit2/install/moveit_configs_utils:/home/param/ws_moveit2/install/launch_param_builder:/opt/ros/humble /usr/bin/cmake --install /home/param/nash_ws/build/nashbot
[0.260s] Level 1:colcon.colcon_core.environment:checking '/home/param/nash_ws/install/nashbot' for CMake module files
[0.260s] Level 1:colcon.colcon_core.environment:checking '/home/param/nash_ws/install/nashbot' for CMake config files
[0.261s] Level 1:colcon.colcon_core.shell:create_environment_hook('nashbot', 'cmake_prefix_path')
[0.261s] INFO:colcon.colcon_core.shell:Creating environment hook '/home/param/nash_ws/install/nashbot/share/nashbot/hook/cmake_prefix_path.ps1'
[0.261s] INFO:colcon.colcon_core.shell:Creating environment descriptor '/home/param/nash_ws/install/nashbot/share/nashbot/hook/cmake_prefix_path.dsv'
[0.261s] INFO:colcon.colcon_core.shell:Creating environment hook '/home/param/nash_ws/install/nashbot/share/nashbot/hook/cmake_prefix_path.sh'
[0.262s] Level 1:colcon.colcon_core.environment:checking '/home/param/nash_ws/install/nashbot/bin'
[0.262s] Level 1:colcon.colcon_core.environment:checking '/home/param/nash_ws/install/nashbot/lib/pkgconfig/nashbot.pc'
[0.262s] Level 1:colcon.colcon_core.environment:checking '/home/param/nash_ws/install/nashbot/lib/python3.10/site-packages'
[0.262s] Level 1:colcon.colcon_core.environment:checking '/home/param/nash_ws/install/nashbot/bin'
[0.262s] INFO:colcon.colcon_core.shell:Creating package script '/home/param/nash_ws/install/nashbot/share/nashbot/package.ps1'
[0.262s] INFO:colcon.colcon_core.shell:Creating package descriptor '/home/param/nash_ws/install/nashbot/share/nashbot/package.dsv'
[0.263s] INFO:colcon.colcon_core.shell:Creating package script '/home/param/nash_ws/install/nashbot/share/nashbot/package.sh'
[0.263s] INFO:colcon.colcon_core.shell:Creating package script '/home/param/nash_ws/install/nashbot/share/nashbot/package.bash'
[0.263s] INFO:colcon.colcon_core.shell:Creating package script '/home/param/nash_ws/install/nashbot/share/nashbot/package.zsh'
[0.263s] Level 1:colcon.colcon_core.environment:create_file_with_runtime_dependencies(/home/param/nash_ws/install/nashbot/share/colcon-core/packages/nashbot)
[0.280s] Level 1:colcon.colcon_core.environment:create_environment_scripts_only(nashbot)
[0.280s] Level 1:colcon.colcon_core.environment:checking '/home/param/nash_ws/install/nashbot' for CMake module files
[0.280s] Level 1:colcon.colcon_core.environment:checking '/home/param/nash_ws/install/nashbot' for CMake config files
[0.280s] Level 1:colcon.colcon_core.shell:create_environment_hook('nashbot', 'cmake_prefix_path')
[0.280s] INFO:colcon.colcon_core.shell:Creating environment hook '/home/param/nash_ws/install/nashbot/share/nashbot/hook/cmake_prefix_path.ps1'
[0.280s] INFO:colcon.colcon_core.shell:Creating environment descriptor '/home/param/nash_ws/install/nashbot/share/nashbot/hook/cmake_prefix_path.dsv'
[0.281s] INFO:colcon.colcon_core.shell:Creating environment hook '/home/param/nash_ws/install/nashbot/share/nashbot/hook/cmake_prefix_path.sh'
[0.281s] Level 1:colcon.colcon_core.environment:checking '/home/param/nash_ws/install/nashbot/bin'
[0.281s] Level 1:colcon.colcon_core.environment:checking '/home/param/nash_ws/install/nashbot/lib/pkgconfig/nashbot.pc'
[0.281s] Level 1:colcon.colcon_core.environment:checking '/home/param/nash_ws/install/nashbot/lib/python3.10/site-packages'
[0.281s] Level 1:colcon.colcon_core.environment:checking '/home/param/nash_ws/install/nashbot/bin'
[0.281s] INFO:colcon.colcon_core.shell:Creating package script '/home/param/nash_ws/install/nashbot/share/nashbot/package.ps1'
[0.281s] INFO:colcon.colcon_core.shell:Creating package descriptor '/home/param/nash_ws/install/nashbot/share/nashbot/package.dsv'
[0.281s] INFO:colcon.colcon_core.shell:Creating package script '/home/param/nash_ws/install/nashbot/share/nashbot/package.sh'
[0.282s] INFO:colcon.colcon_core.shell:Creating package script '/home/param/nash_ws/install/nashbot/share/nashbot/package.bash'
[0.282s] INFO:colcon.colcon_core.shell:Creating package script '/home/param/nash_ws/install/nashbot/share/nashbot/package.zsh'
[0.282s] Level 1:colcon.colcon_core.environment:create_file_with_runtime_dependencies(/home/param/nash_ws/install/nashbot/share/colcon-core/packages/nashbot)
[0.282s] INFO:colcon.colcon_ros.task.ament_cmake.build:Building ROS package in '/home/param/nash_ws/src/nashbot_moveit_config' with build type 'ament_cmake'
[0.282s] INFO:colcon.colcon_cmake.task.cmake.build:Building CMake package in '/home/param/nash_ws/src/nashbot_moveit_config'
[0.282s] INFO:colcon.colcon_core.shell:Skip shell extension 'powershell' for command environment: Not usable outside of PowerShell
[0.282s] DEBUG:colcon.colcon_core.shell:Skip shell extension 'dsv' for command environment
[0.285s] INFO:colcon.colcon_ros.task.ament_cmake.build:Building ROS package in '/home/param/nash_ws/src/nb_config' with build type 'ament_cmake'
[0.286s] INFO:colcon.colcon_cmake.task.cmake.build:Building CMake package in '/home/param/nash_ws/src/nb_config'
[0.286s] INFO:colcon.colcon_core.shell:Skip shell extension 'powershell' for command environment: Not usable outside of PowerShell
[0.286s] DEBUG:colcon.colcon_core.shell:Skip shell extension 'dsv' for command environment
[0.289s] INFO:colcon.colcon_ros.task.ament_cmake.build:Building ROS package in '/home/param/nash_ws/src/nb_new' with build type 'ament_cmake'
[0.289s] INFO:colcon.colcon_cmake.task.cmake.build:Building CMake package in '/home/param/nash_ws/src/nb_new'
[0.289s] INFO:colcon.colcon_core.shell:Skip shell extension 'powershell' for command environment: Not usable outside of PowerShell
[0.289s] DEBUG:colcon.colcon_core.shell:Skip shell extension 'dsv' for command environment
[0.293s] DEBUG:colcon.colcon_core.event_handler.log_command:Invoking command in '/home/param/nash_ws/build/nashbot_moveit_config': CMAKE_PREFIX_PATH=/home/param/nash_ws/install/nashbot:/home/param/ws_moveit2/install/pilz_industrial_motion_planner_testutils:/home/param/ws_moveit2/install/moveit_runtime:/home/param/ws_moveit2/install/moveit2_tutorials:/home/param/ws_moveit2/install/moveit:/home/param/ws_moveit2/install/moveit_planners:/home/param/ws_moveit2/install/pilz_industrial_motion_planner:/home/param/ws_moveit2/install/moveit_visual_tools:/home/param/ws_moveit2/install/moveit_task_constructor_visualization:/home/param/ws_moveit2/install/moveit_task_constructor_demo:/home/param/ws_moveit2/install/moveit_task_constructor_capabilities:/home/param/ws_moveit2/install/moveit_task_constructor_core:/home/param/ws_moveit2/install/moveit_ros_control_interface:/home/param/ws_moveit2/install/moveit_plugins:/home/param/ws_moveit2/install/moveit_simple_controller_manager:/home/param/ws_moveit2/install/moveit_setup_assistant:/home/param/ws_moveit2/install/moveit_setup_srdf_plugins:/home/param/ws_moveit2/install/moveit_setup_core_plugins:/home/param/ws_moveit2/install/moveit_setup_controllers:/home/param/ws_moveit2/install/moveit_setup_app_plugins:/home/param/ws_moveit2/install/moveit_setup_framework:/home/param/ws_moveit2/install/moveit_servo:/home/param/ws_moveit2/install/moveit_ros:/home/param/ws_moveit2/install/moveit_ros_visualization:/home/param/ws_moveit2/install/moveit_hybrid_planning:/home/param/ws_moveit2/install/moveit_ros_planning_interface:/home/param/ws_moveit2/install/moveit_ros_benchmarks:/home/param/ws_moveit2/install/moveit_ros_warehouse:/home/param/ws_moveit2/install/moveit_ros_robot_interaction:/home/param/ws_moveit2/install/moveit_ros_perception:/home/param/ws_moveit2/install/moveit_resources_prbt_pg70_support:/home/param/ws_moveit2/install/moveit_resources_prbt_moveit_config:/home/param/ws_moveit2/install/moveit_ros_move_group:/home/param/ws_moveit2/install/moveit_planners_ompl:/home/param/ws_moveit2/install/moveit_ros_planning:/home/param/ws_moveit2/install/moveit_ros_occupancy_map_monitor:/home/param/ws_moveit2/install/moveit_resources_prbt_ikfast_manipulator_plugin:/home/param/ws_moveit2/install/moveit_planners_chomp:/home/param/ws_moveit2/install/moveit_kinematics:/home/param/ws_moveit2/install/moveit_chomp_optimizer_adapter:/home/param/ws_moveit2/install/chomp_motion_planner:/home/param/ws_moveit2/install/moveit_core:/home/param/ws_moveit2/install/srdfdom:/home/param/ws_moveit2/install/rviz_marker_tools:/home/param/ws_moveit2/install/rosparam_shortcuts:/home/param/ws_moveit2/install/moveit_task_constructor_msgs:/home/param/ws_moveit2/install/moveit_resources_prbt_support:/home/param/ws_moveit2/install/moveit_resources:/home/param/ws_moveit2/install/moveit_resources_pr2_description:/home/param/ws_moveit2/install/moveit_resources_panda_moveit_config:/home/param/ws_moveit2/install/moveit_resources_panda_description:/home/param/ws_moveit2/install/moveit_resources_fanuc_moveit_config:/home/param/ws_moveit2/install/moveit_resources_fanuc_description:/home/param/ws_moveit2/install/moveit_common:/home/param/nash_ws/install/nb_moveit:/home/param/nash_ws/install/nb_config:/home/param/nash_ws/install/nashbot_moveit_config:/home/param/nash_ws/install/moveit:/home/param/ws_moveit2/install/moveit_configs_utils:/home/param/ws_moveit2/install/launch_param_builder:/opt/ros/humble /usr/bin/cmake --build /home/param/nash_ws/build/nashbot_moveit_config -- -j32 -l32
[0.295s] DEBUG:colcon.colcon_core.event_handler.log_command:Invoking command in '/home/param/nash_ws/build/nb_config': CMAKE_PREFIX_PATH=/home/param/nash_ws/install/nashbot:/home/param/ws_moveit2/install/pilz_industrial_motion_planner_testutils:/home/param/ws_moveit2/install/moveit_runtime:/home/param/ws_moveit2/install/moveit2_tutorials:/home/param/ws_moveit2/install/moveit:/home/param/ws_moveit2/install/moveit_planners:/home/param/ws_moveit2/install/pilz_industrial_motion_planner:/home/param/ws_moveit2/install/moveit_visual_tools:/home/param/ws_moveit2/install/moveit_task_constructor_visualization:/home/param/ws_moveit2/install/moveit_task_constructor_demo:/home/param/ws_moveit2/install/moveit_task_constructor_capabilities:/home/param/ws_moveit2/install/moveit_task_constructor_core:/home/param/ws_moveit2/install/moveit_ros_control_interface:/home/param/ws_moveit2/install/moveit_plugins:/home/param/ws_moveit2/install/moveit_simple_controller_manager:/home/param/ws_moveit2/install/moveit_setup_assistant:/home/param/ws_moveit2/install/moveit_setup_srdf_plugins:/home/param/ws_moveit2/install/moveit_setup_core_plugins:/home/param/ws_moveit2/install/moveit_setup_controllers:/home/param/ws_moveit2/install/moveit_setup_app_plugins:/home/param/ws_moveit2/install/moveit_setup_framework:/home/param/ws_moveit2/install/moveit_servo:/home/param/ws_moveit2/install/moveit_ros:/home/param/ws_moveit2/install/moveit_ros_visualization:/home/param/ws_moveit2/install/moveit_hybrid_planning:/home/param/ws_moveit2/install/moveit_ros_planning_interface:/home/param/ws_moveit2/install/moveit_ros_benchmarks:/home/param/ws_moveit2/install/moveit_ros_warehouse:/home/param/ws_moveit2/install/moveit_ros_robot_interaction:/home/param/ws_moveit2/install/moveit_ros_perception:/home/param/ws_moveit2/install/moveit_resources_prbt_pg70_support:/home/param/ws_moveit2/install/moveit_resources_prbt_moveit_config:/home/param/ws_moveit2/install/moveit_ros_move_group:/home/param/ws_moveit2/install/moveit_planners_ompl:/home/param/ws_moveit2/install/moveit_ros_planning:/home/param/ws_moveit2/install/moveit_ros_occupancy_map_monitor:/home/param/ws_moveit2/install/moveit_resources_prbt_ikfast_manipulator_plugin:/home/param/ws_moveit2/install/moveit_planners_chomp:/home/param/ws_moveit2/install/moveit_kinematics:/home/param/ws_moveit2/install/moveit_chomp_optimizer_adapter:/home/param/ws_moveit2/install/chomp_motion_planner:/home/param/ws_moveit2/install/moveit_core:/home/param/ws_moveit2/install/srdfdom:/home/param/ws_moveit2/install/rviz_marker_tools:/home/param/ws_moveit2/install/rosparam_shortcuts:/home/param/ws_moveit2/install/moveit_task_constructor_msgs:/home/param/ws_moveit2/install/moveit_resources_prbt_support:/home/param/ws_moveit2/install/moveit_resources:/home/param/ws_moveit2/install/moveit_resources_pr2_description:/home/param/ws_moveit2/install/moveit_resources_panda_moveit_config:/home/param/ws_moveit2/install/moveit_resources_panda_description:/home/param/ws_moveit2/install/moveit_resources_fanuc_moveit_config:/home/param/ws_moveit2/install/moveit_resources_fanuc_description:/home/param/ws_moveit2/install/moveit_common:/home/param/nash_ws/install/nb_moveit:/home/param/nash_ws/install/nb_config:/home/param/nash_ws/install/nashbot_moveit_config:/home/param/nash_ws/install/moveit:/home/param/ws_moveit2/install/moveit_configs_utils:/home/param/ws_moveit2/install/launch_param_builder:/opt/ros/humble /usr/bin/cmake --build /home/param/nash_ws/build/nb_config -- -j32 -l32
[0.297s] DEBUG:colcon.colcon_core.event_handler.log_command:Invoking command in '/home/param/nash_ws/build/nb_new': CMAKE_PREFIX_PATH=/home/param/nash_ws/install/nashbot:/home/param/ws_moveit2/install/pilz_industrial_motion_planner_testutils:/home/param/ws_moveit2/install/moveit_runtime:/home/param/ws_moveit2/install/moveit2_tutorials:/home/param/ws_moveit2/install/moveit:/home/param/ws_moveit2/install/moveit_planners:/home/param/ws_moveit2/install/pilz_industrial_motion_planner:/home/param/ws_moveit2/install/moveit_visual_tools:/home/param/ws_moveit2/install/moveit_task_constructor_visualization:/home/param/ws_moveit2/install/moveit_task_constructor_demo:/home/param/ws_moveit2/install/moveit_task_constructor_capabilities:/home/param/ws_moveit2/install/moveit_task_constructor_core:/home/param/ws_moveit2/install/moveit_ros_control_interface:/home/param/ws_moveit2/install/moveit_plugins:/home/param/ws_moveit2/install/moveit_simple_controller_manager:/home/param/ws_moveit2/install/moveit_setup_assistant:/home/param/ws_moveit2/install/moveit_setup_srdf_plugins:/home/param/ws_moveit2/install/moveit_setup_core_plugins:/home/param/ws_moveit2/install/moveit_setup_controllers:/home/param/ws_moveit2/install/moveit_setup_app_plugins:/home/param/ws_moveit2/install/moveit_setup_framework:/home/param/ws_moveit2/install/moveit_servo:/home/param/ws_moveit2/install/moveit_ros:/home/param/ws_moveit2/install/moveit_ros_visualization:/home/param/ws_moveit2/install/moveit_hybrid_planning:/home/param/ws_moveit2/install/moveit_ros_planning_interface:/home/param/ws_moveit2/install/moveit_ros_benchmarks:/home/param/ws_moveit2/install/moveit_ros_warehouse:/home/param/ws_moveit2/install/moveit_ros_robot_interaction:/home/param/ws_moveit2/install/moveit_ros_perception:/home/param/ws_moveit2/install/moveit_resources_prbt_pg70_support:/home/param/ws_moveit2/install/moveit_resources_prbt_moveit_config:/home/param/ws_moveit2/install/moveit_ros_move_group:/home/param/ws_moveit2/install/moveit_planners_ompl:/home/param/ws_moveit2/install/moveit_ros_planning:/home/param/ws_moveit2/install/moveit_ros_occupancy_map_monitor:/home/param/ws_moveit2/install/moveit_resources_prbt_ikfast_manipulator_plugin:/home/param/ws_moveit2/install/moveit_planners_chomp:/home/param/ws_moveit2/install/moveit_kinematics:/home/param/ws_moveit2/install/moveit_chomp_optimizer_adapter:/home/param/ws_moveit2/install/chomp_motion_planner:/home/param/ws_moveit2/install/moveit_core:/home/param/ws_moveit2/install/srdfdom:/home/param/ws_moveit2/install/rviz_marker_tools:/home/param/ws_moveit2/install/rosparam_shortcuts:/home/param/ws_moveit2/install/moveit_task_constructor_msgs:/home/param/ws_moveit2/install/moveit_resources_prbt_support:/home/param/ws_moveit2/install/moveit_resources:/home/param/ws_moveit2/install/moveit_resources_pr2_description:/home/param/ws_moveit2/install/moveit_resources_panda_moveit_config:/home/param/ws_moveit2/install/moveit_resources_panda_description:/home/param/ws_moveit2/install/moveit_resources_fanuc_moveit_config:/home/param/ws_moveit2/install/moveit_resources_fanuc_description:/home/param/ws_moveit2/install/moveit_common:/home/param/nash_ws/install/nb_moveit:/home/param/nash_ws/install/nb_config:/home/param/nash_ws/install/nashbot_moveit_config:/home/param/nash_ws/install/moveit:/home/param/ws_moveit2/install/moveit_configs_utils:/home/param/ws_moveit2/install/launch_param_builder:/opt/ros/humble /usr/bin/cmake /home/param/nash_ws/src/nb_new -DCMAKE_INSTALL_PREFIX=/home/param/nash_ws/install/nb_new
[0.317s] DEBUG:colcon.colcon_core.event_handler.log_command:Invoked command in '/home/param/nash_ws/build/nashbot_moveit_config' returned '0': CMAKE_PREFIX_PATH=/home/param/nash_ws/install/nashbot:/home/param/ws_moveit2/install/pilz_industrial_motion_planner_testutils:/home/param/ws_moveit2/install/moveit_runtime:/home/param/ws_moveit2/install/moveit2_tutorials:/home/param/ws_moveit2/install/moveit:/home/param/ws_moveit2/install/moveit_planners:/home/param/ws_moveit2/install/pilz_industrial_motion_planner:/home/param/ws_moveit2/install/moveit_visual_tools:/home/param/ws_moveit2/install/moveit_task_constructor_visualization:/home/param/ws_moveit2/install/moveit_task_constructor_demo:/home/param/ws_moveit2/install/moveit_task_constructor_capabilities:/home/param/ws_moveit2/install/moveit_task_constructor_core:/home/param/ws_moveit2/install/moveit_ros_control_interface:/home/param/ws_moveit2/install/moveit_plugins:/home/param/ws_moveit2/install/moveit_simple_controller_manager:/home/param/ws_moveit2/install/moveit_setup_assistant:/home/param/ws_moveit2/install/moveit_setup_srdf_plugins:/home/param/ws_moveit2/install/moveit_setup_core_plugins:/home/param/ws_moveit2/install/moveit_setup_controllers:/home/param/ws_moveit2/install/moveit_setup_app_plugins:/home/param/ws_moveit2/install/moveit_setup_framework:/home/param/ws_moveit2/install/moveit_servo:/home/param/ws_moveit2/install/moveit_ros:/home/param/ws_moveit2/install/moveit_ros_visualization:/home/param/ws_moveit2/install/moveit_hybrid_planning:/home/param/ws_moveit2/install/moveit_ros_planning_interface:/home/param/ws_moveit2/install/moveit_ros_benchmarks:/home/param/ws_moveit2/install/moveit_ros_warehouse:/home/param/ws_moveit2/install/moveit_ros_robot_interaction:/home/param/ws_moveit2/install/moveit_ros_perception:/home/param/ws_moveit2/install/moveit_resources_prbt_pg70_support:/home/param/ws_moveit2/install/moveit_resources_prbt_moveit_config:/home/param/ws_moveit2/install/moveit_ros_move_group:/home/param/ws_moveit2/install/moveit_planners_ompl:/home/param/ws_moveit2/install/moveit_ros_planning:/home/param/ws_moveit2/install/moveit_ros_occupancy_map_monitor:/home/param/ws_moveit2/install/moveit_resources_prbt_ikfast_manipulator_plugin:/home/param/ws_moveit2/install/moveit_planners_chomp:/home/param/ws_moveit2/install/moveit_kinematics:/home/param/ws_moveit2/install/moveit_chomp_optimizer_adapter:/home/param/ws_moveit2/install/chomp_motion_planner:/home/param/ws_moveit2/install/moveit_core:/home/param/ws_moveit2/install/srdfdom:/home/param/ws_moveit2/install/rviz_marker_tools:/home/param/ws_moveit2/install/rosparam_shortcuts:/home/param/ws_moveit2/install/moveit_task_constructor_msgs:/home/param/ws_moveit2/install/moveit_resources_prbt_support:/home/param/ws_moveit2/install/moveit_resources:/home/param/ws_moveit2/install/moveit_resources_pr2_description:/home/param/ws_moveit2/install/moveit_resources_panda_moveit_config:/home/param/ws_moveit2/install/moveit_resources_panda_description:/home/param/ws_moveit2/install/moveit_resources_fanuc_moveit_config:/home/param/ws_moveit2/install/moveit_resources_fanuc_description:/home/param/ws_moveit2/install/moveit_common:/home/param/nash_ws/install/nb_moveit:/home/param/nash_ws/install/nb_config:/home/param/nash_ws/install/nashbot_moveit_config:/home/param/nash_ws/install/moveit:/home/param/ws_moveit2/install/moveit_configs_utils:/home/param/ws_moveit2/install/launch_param_builder:/opt/ros/humble /usr/bin/cmake --build /home/param/nash_ws/build/nashbot_moveit_config -- -j32 -l32
[0.318s] DEBUG:colcon.colcon_core.event_handler.log_command:Invoked command in '/home/param/nash_ws/build/nb_config' returned '0': CMAKE_PREFIX_PATH=/home/param/nash_ws/install/nashbot:/home/param/ws_moveit2/install/pilz_industrial_motion_planner_testutils:/home/param/ws_moveit2/install/moveit_runtime:/home/param/ws_moveit2/install/moveit2_tutorials:/home/param/ws_moveit2/install/moveit:/home/param/ws_moveit2/install/moveit_planners:/home/param/ws_moveit2/install/pilz_industrial_motion_planner:/home/param/ws_moveit2/install/moveit_visual_tools:/home/param/ws_moveit2/install/moveit_task_constructor_visualization:/home/param/ws_moveit2/install/moveit_task_constructor_demo:/home/param/ws_moveit2/install/moveit_task_constructor_capabilities:/home/param/ws_moveit2/install/moveit_task_constructor_core:/home/param/ws_moveit2/install/moveit_ros_control_interface:/home/param/ws_moveit2/install/moveit_plugins:/home/param/ws_moveit2/install/moveit_simple_controller_manager:/home/param/ws_moveit2/install/moveit_setup_assistant:/home/param/ws_moveit2/install/moveit_setup_srdf_plugins:/home/param/ws_moveit2/install/moveit_setup_core_plugins:/home/param/ws_moveit2/install/moveit_setup_controllers:/home/param/ws_moveit2/install/moveit_setup_app_plugins:/home/param/ws_moveit2/install/moveit_setup_framework:/home/param/ws_moveit2/install/moveit_servo:/home/param/ws_moveit2/install/moveit_ros:/home/param/ws_moveit2/install/moveit_ros_visualization:/home/param/ws_moveit2/install/moveit_hybrid_planning:/home/param/ws_moveit2/install/moveit_ros_planning_interface:/home/param/ws_moveit2/install/moveit_ros_benchmarks:/home/param/ws_moveit2/install/moveit_ros_warehouse:/home/param/ws_moveit2/install/moveit_ros_robot_interaction:/home/param/ws_moveit2/install/moveit_ros_perception:/home/param/ws_moveit2/install/moveit_resources_prbt_pg70_support:/home/param/ws_moveit2/install/moveit_resources_prbt_moveit_config:/home/param/ws_moveit2/install/moveit_ros_move_group:/home/param/ws_moveit2/install/moveit_planners_ompl:/home/param/ws_moveit2/install/moveit_ros_planning:/home/param/ws_moveit2/install/moveit_ros_occupancy_map_monitor:/home/param/ws_moveit2/install/moveit_resources_prbt_ikfast_manipulator_plugin:/home/param/ws_moveit2/install/moveit_planners_chomp:/home/param/ws_moveit2/install/moveit_kinematics:/home/param/ws_moveit2/install/moveit_chomp_optimizer_adapter:/home/param/ws_moveit2/install/chomp_motion_planner:/home/param/ws_moveit2/install/moveit_core:/home/param/ws_moveit2/install/srdfdom:/home/param/ws_moveit2/install/rviz_marker_tools:/home/param/ws_moveit2/install/rosparam_shortcuts:/home/param/ws_moveit2/install/moveit_task_constructor_msgs:/home/param/ws_moveit2/install/moveit_resources_prbt_support:/home/param/ws_moveit2/install/moveit_resources:/home/param/ws_moveit2/install/moveit_resources_pr2_description:/home/param/ws_moveit2/install/moveit_resources_panda_moveit_config:/home/param/ws_moveit2/install/moveit_resources_panda_description:/home/param/ws_moveit2/install/moveit_resources_fanuc_moveit_config:/home/param/ws_moveit2/install/moveit_resources_fanuc_description:/home/param/ws_moveit2/install/moveit_common:/home/param/nash_ws/install/nb_moveit:/home/param/nash_ws/install/nb_config:/home/param/nash_ws/install/nashbot_moveit_config:/home/param/nash_ws/install/moveit:/home/param/ws_moveit2/install/moveit_configs_utils:/home/param/ws_moveit2/install/launch_param_builder:/opt/ros/humble /usr/bin/cmake --build /home/param/nash_ws/build/nb_config -- -j32 -l32
[0.333s] DEBUG:colcon.colcon_core.event_handler.log_command:Invoking command in '/home/param/nash_ws/build/nashbot_moveit_config': CMAKE_PREFIX_PATH=/home/param/nash_ws/install/nashbot:/home/param/ws_moveit2/install/pilz_industrial_motion_planner_testutils:/home/param/ws_moveit2/install/moveit_runtime:/home/param/ws_moveit2/install/moveit2_tutorials:/home/param/ws_moveit2/install/moveit:/home/param/ws_moveit2/install/moveit_planners:/home/param/ws_moveit2/install/pilz_industrial_motion_planner:/home/param/ws_moveit2/install/moveit_visual_tools:/home/param/ws_moveit2/install/moveit_task_constructor_visualization:/home/param/ws_moveit2/install/moveit_task_constructor_demo:/home/param/ws_moveit2/install/moveit_task_constructor_capabilities:/home/param/ws_moveit2/install/moveit_task_constructor_core:/home/param/ws_moveit2/install/moveit_ros_control_interface:/home/param/ws_moveit2/install/moveit_plugins:/home/param/ws_moveit2/install/moveit_simple_controller_manager:/home/param/ws_moveit2/install/moveit_setup_assistant:/home/param/ws_moveit2/install/moveit_setup_srdf_plugins:/home/param/ws_moveit2/install/moveit_setup_core_plugins:/home/param/ws_moveit2/install/moveit_setup_controllers:/home/param/ws_moveit2/install/moveit_setup_app_plugins:/home/param/ws_moveit2/install/moveit_setup_framework:/home/param/ws_moveit2/install/moveit_servo:/home/param/ws_moveit2/install/moveit_ros:/home/param/ws_moveit2/install/moveit_ros_visualization:/home/param/ws_moveit2/install/moveit_hybrid_planning:/home/param/ws_moveit2/install/moveit_ros_planning_interface:/home/param/ws_moveit2/install/moveit_ros_benchmarks:/home/param/ws_moveit2/install/moveit_ros_warehouse:/home/param/ws_moveit2/install/moveit_ros_robot_interaction:/home/param/ws_moveit2/install/moveit_ros_perception:/home/param/ws_moveit2/install/moveit_resources_prbt_pg70_support:/home/param/ws_moveit2/install/moveit_resources_prbt_moveit_config:/home/param/ws_moveit2/install/moveit_ros_move_group:/home/param/ws_moveit2/install/moveit_planners_ompl:/home/param/ws_moveit2/install/moveit_ros_planning:/home/param/ws_moveit2/install/moveit_ros_occupancy_map_monitor:/home/param/ws_moveit2/install/moveit_resources_prbt_ikfast_manipulator_plugin:/home/param/ws_moveit2/install/moveit_planners_chomp:/home/param/ws_moveit2/install/moveit_kinematics:/home/param/ws_moveit2/install/moveit_chomp_optimizer_adapter:/home/param/ws_moveit2/install/chomp_motion_planner:/home/param/ws_moveit2/install/moveit_core:/home/param/ws_moveit2/install/srdfdom:/home/param/ws_moveit2/install/rviz_marker_tools:/home/param/ws_moveit2/install/rosparam_shortcuts:/home/param/ws_moveit2/install/moveit_task_constructor_msgs:/home/param/ws_moveit2/install/moveit_resources_prbt_support:/home/param/ws_moveit2/install/moveit_resources:/home/param/ws_moveit2/install/moveit_resources_pr2_description:/home/param/ws_moveit2/install/moveit_resources_panda_moveit_config:/home/param/ws_moveit2/install/moveit_resources_panda_description:/home/param/ws_moveit2/install/moveit_resources_fanuc_moveit_config:/home/param/ws_moveit2/install/moveit_resources_fanuc_description:/home/param/ws_moveit2/install/moveit_common:/home/param/nash_ws/install/nb_moveit:/home/param/nash_ws/install/nb_config:/home/param/nash_ws/install/nashbot_moveit_config:/home/param/nash_ws/install/moveit:/home/param/ws_moveit2/install/moveit_configs_utils:/home/param/ws_moveit2/install/launch_param_builder:/opt/ros/humble /usr/bin/cmake --install /home/param/nash_ws/build/nashbot_moveit_config
[0.335s] DEBUG:colcon.colcon_core.event_handler.log_command:Invoking command in '/home/param/nash_ws/build/nb_config': CMAKE_PREFIX_PATH=/home/param/nash_ws/install/nashbot:/home/param/ws_moveit2/install/pilz_industrial_motion_planner_testutils:/home/param/ws_moveit2/install/moveit_runtime:/home/param/ws_moveit2/install/moveit2_tutorials:/home/param/ws_moveit2/install/moveit:/home/param/ws_moveit2/install/moveit_planners:/home/param/ws_moveit2/install/pilz_industrial_motion_planner:/home/param/ws_moveit2/install/moveit_visual_tools:/home/param/ws_moveit2/install/moveit_task_constructor_visualization:/home/param/ws_moveit2/install/moveit_task_constructor_demo:/home/param/ws_moveit2/install/moveit_task_constructor_capabilities:/home/param/ws_moveit2/install/moveit_task_constructor_core:/home/param/ws_moveit2/install/moveit_ros_control_interface:/home/param/ws_moveit2/install/moveit_plugins:/home/param/ws_moveit2/install/moveit_simple_controller_manager:/home/param/ws_moveit2/install/moveit_setup_assistant:/home/param/ws_moveit2/install/moveit_setup_srdf_plugins:/home/param/ws_moveit2/install/moveit_setup_core_plugins:/home/param/ws_moveit2/install/moveit_setup_controllers:/home/param/ws_moveit2/install/moveit_setup_app_plugins:/home/param/ws_moveit2/install/moveit_setup_framework:/home/param/ws_moveit2/install/moveit_servo:/home/param/ws_moveit2/install/moveit_ros:/home/param/ws_moveit2/install/moveit_ros_visualization:/home/param/ws_moveit2/install/moveit_hybrid_planning:/home/param/ws_moveit2/install/moveit_ros_planning_interface:/home/param/ws_moveit2/install/moveit_ros_benchmarks:/home/param/ws_moveit2/install/moveit_ros_warehouse:/home/param/ws_moveit2/install/moveit_ros_robot_interaction:/home/param/ws_moveit2/install/moveit_ros_perception:/home/param/ws_moveit2/install/moveit_resources_prbt_pg70_support:/home/param/ws_moveit2/install/moveit_resources_prbt_moveit_config:/home/param/ws_moveit2/install/moveit_ros_move_group:/home/param/ws_moveit2/install/moveit_planners_ompl:/home/param/ws_moveit2/install/moveit_ros_planning:/home/param/ws_moveit2/install/moveit_ros_occupancy_map_monitor:/home/param/ws_moveit2/install/moveit_resources_prbt_ikfast_manipulator_plugin:/home/param/ws_moveit2/install/moveit_planners_chomp:/home/param/ws_moveit2/install/moveit_kinematics:/home/param/ws_moveit2/install/moveit_chomp_optimizer_adapter:/home/param/ws_moveit2/install/chomp_motion_planner:/home/param/ws_moveit2/install/moveit_core:/home/param/ws_moveit2/install/srdfdom:/home/param/ws_moveit2/install/rviz_marker_tools:/home/param/ws_moveit2/install/rosparam_shortcuts:/home/param/ws_moveit2/install/moveit_task_constructor_msgs:/home/param/ws_moveit2/install/moveit_resources_prbt_support:/home/param/ws_moveit2/install/moveit_resources:/home/param/ws_moveit2/install/moveit_resources_pr2_description:/home/param/ws_moveit2/install/moveit_resources_panda_moveit_config:/home/param/ws_moveit2/install/moveit_resources_panda_description:/home/param/ws_moveit2/install/moveit_resources_fanuc_moveit_config:/home/param/ws_moveit2/install/moveit_resources_fanuc_description:/home/param/ws_moveit2/install/moveit_common:/home/param/nash_ws/install/nb_moveit:/home/param/nash_ws/install/nb_config:/home/param/nash_ws/install/nashbot_moveit_config:/home/param/nash_ws/install/moveit:/home/param/ws_moveit2/install/moveit_configs_utils:/home/param/ws_moveit2/install/launch_param_builder:/opt/ros/humble /usr/bin/cmake --install /home/param/nash_ws/build/nb_config
[0.341s] Level 1:colcon.colcon_core.environment:create_environment_scripts_only(nashbot_moveit_config)
[0.341s] Level 1:colcon.colcon_core.environment:checking '/home/param/nash_ws/install/nashbot_moveit_config' for CMake module files
[0.341s] DEBUG:colcon.colcon_core.event_handler.log_command:Invoked command in '/home/param/nash_ws/build/nashbot_moveit_config' returned '0': CMAKE_PREFIX_PATH=/home/param/nash_ws/install/nashbot:/home/param/ws_moveit2/install/pilz_industrial_motion_planner_testutils:/home/param/ws_moveit2/install/moveit_runtime:/home/param/ws_moveit2/install/moveit2_tutorials:/home/param/ws_moveit2/install/moveit:/home/param/ws_moveit2/install/moveit_planners:/home/param/ws_moveit2/install/pilz_industrial_motion_planner:/home/param/ws_moveit2/install/moveit_visual_tools:/home/param/ws_moveit2/install/moveit_task_constructor_visualization:/home/param/ws_moveit2/install/moveit_task_constructor_demo:/home/param/ws_moveit2/install/moveit_task_constructor_capabilities:/home/param/ws_moveit2/install/moveit_task_constructor_core:/home/param/ws_moveit2/install/moveit_ros_control_interface:/home/param/ws_moveit2/install/moveit_plugins:/home/param/ws_moveit2/install/moveit_simple_controller_manager:/home/param/ws_moveit2/install/moveit_setup_assistant:/home/param/ws_moveit2/install/moveit_setup_srdf_plugins:/home/param/ws_moveit2/install/moveit_setup_core_plugins:/home/param/ws_moveit2/install/moveit_setup_controllers:/home/param/ws_moveit2/install/moveit_setup_app_plugins:/home/param/ws_moveit2/install/moveit_setup_framework:/home/param/ws_moveit2/install/moveit_servo:/home/param/ws_moveit2/install/moveit_ros:/home/param/ws_moveit2/install/moveit_ros_visualization:/home/param/ws_moveit2/install/moveit_hybrid_planning:/home/param/ws_moveit2/install/moveit_ros_planning_interface:/home/param/ws_moveit2/install/moveit_ros_benchmarks:/home/param/ws_moveit2/install/moveit_ros_warehouse:/home/param/ws_moveit2/install/moveit_ros_robot_interaction:/home/param/ws_moveit2/install/moveit_ros_perception:/home/param/ws_moveit2/install/moveit_resources_prbt_pg70_support:/home/param/ws_moveit2/install/moveit_resources_prbt_moveit_config:/home/param/ws_moveit2/install/moveit_ros_move_group:/home/param/ws_moveit2/install/moveit_planners_ompl:/home/param/ws_moveit2/install/moveit_ros_planning:/home/param/ws_moveit2/install/moveit_ros_occupancy_map_monitor:/home/param/ws_moveit2/install/moveit_resources_prbt_ikfast_manipulator_plugin:/home/param/ws_moveit2/install/moveit_planners_chomp:/home/param/ws_moveit2/install/moveit_kinematics:/home/param/ws_moveit2/install/moveit_chomp_optimizer_adapter:/home/param/ws_moveit2/install/chomp_motion_planner:/home/param/ws_moveit2/install/moveit_core:/home/param/ws_moveit2/install/srdfdom:/home/param/ws_moveit2/install/rviz_marker_tools:/home/param/ws_moveit2/install/rosparam_shortcuts:/home/param/ws_moveit2/install/moveit_task_constructor_msgs:/home/param/ws_moveit2/install/moveit_resources_prbt_support:/home/param/ws_moveit2/install/moveit_resources:/home/param/ws_moveit2/install/moveit_resources_pr2_description:/home/param/ws_moveit2/install/moveit_resources_panda_moveit_config:/home/param/ws_moveit2/install/moveit_resources_panda_description:/home/param/ws_moveit2/install/moveit_resources_fanuc_moveit_config:/home/param/ws_moveit2/install/moveit_resources_fanuc_description:/home/param/ws_moveit2/install/moveit_common:/home/param/nash_ws/install/nb_moveit:/home/param/nash_ws/install/nb_config:/home/param/nash_ws/install/nashbot_moveit_config:/home/param/nash_ws/install/moveit:/home/param/ws_moveit2/install/moveit_configs_utils:/home/param/ws_moveit2/install/launch_param_builder:/opt/ros/humble /usr/bin/cmake --install /home/param/nash_ws/build/nashbot_moveit_config
[0.341s] Level 1:colcon.colcon_core.environment:checking '/home/param/nash_ws/install/nashbot_moveit_config' for CMake config files
[0.342s] Level 1:colcon.colcon_core.shell:create_environment_hook('nashbot_moveit_config', 'cmake_prefix_path')
[0.342s] INFO:colcon.colcon_core.shell:Creating environment hook '/home/param/nash_ws/install/nashbot_moveit_config/share/nashbot_moveit_config/hook/cmake_prefix_path.ps1'
[0.342s] INFO:colcon.colcon_core.shell:Creating environment descriptor '/home/param/nash_ws/install/nashbot_moveit_config/share/nashbot_moveit_config/hook/cmake_prefix_path.dsv'
[0.342s] INFO:colcon.colcon_core.shell:Creating environment hook '/home/param/nash_ws/install/nashbot_moveit_config/share/nashbot_moveit_config/hook/cmake_prefix_path.sh'
[0.342s] Level 1:colcon.colcon_core.environment:checking '/home/param/nash_ws/install/nashbot_moveit_config/bin'
[0.342s] Level 1:colcon.colcon_core.environment:checking '/home/param/nash_ws/install/nashbot_moveit_config/lib/pkgconfig/nashbot_moveit_config.pc'
[0.342s] Level 1:colcon.colcon_core.environment:checking '/home/param/nash_ws/install/nashbot_moveit_config/lib/python3.10/site-packages'
[0.342s] Level 1:colcon.colcon_core.environment:checking '/home/param/nash_ws/install/nashbot_moveit_config/bin'
[0.343s] INFO:colcon.colcon_core.shell:Creating package script '/home/param/nash_ws/install/nashbot_moveit_config/share/nashbot_moveit_config/package.ps1'
[0.343s] INFO:colcon.colcon_core.shell:Creating package descriptor '/home/param/nash_ws/install/nashbot_moveit_config/share/nashbot_moveit_config/package.dsv'
[0.343s] INFO:colcon.colcon_core.shell:Creating package script '/home/param/nash_ws/install/nashbot_moveit_config/share/nashbot_moveit_config/package.sh'
[0.343s] INFO:colcon.colcon_core.shell:Creating package script '/home/param/nash_ws/install/nashbot_moveit_config/share/nashbot_moveit_config/package.bash'
[0.343s] INFO:colcon.colcon_core.shell:Creating package script '/home/param/nash_ws/install/nashbot_moveit_config/share/nashbot_moveit_config/package.zsh'
[0.343s] Level 1:colcon.colcon_core.environment:create_file_with_runtime_dependencies(/home/param/nash_ws/install/nashbot_moveit_config/share/colcon-core/packages/nashbot_moveit_config)
[0.344s] Level 1:colcon.colcon_core.environment:create_environment_scripts_only(nb_config)
[0.344s] Level 1:colcon.colcon_core.environment:checking '/home/param/nash_ws/install/nb_config' for CMake module files
[0.344s] DEBUG:colcon.colcon_core.event_handler.log_command:Invoked command in '/home/param/nash_ws/build/nb_config' returned '0': CMAKE_PREFIX_PATH=/home/param/nash_ws/install/nashbot:/home/param/ws_moveit2/install/pilz_industrial_motion_planner_testutils:/home/param/ws_moveit2/install/moveit_runtime:/home/param/ws_moveit2/install/moveit2_tutorials:/home/param/ws_moveit2/install/moveit:/home/param/ws_moveit2/install/moveit_planners:/home/param/ws_moveit2/install/pilz_industrial_motion_planner:/home/param/ws_moveit2/install/moveit_visual_tools:/home/param/ws_moveit2/install/moveit_task_constructor_visualization:/home/param/ws_moveit2/install/moveit_task_constructor_demo:/home/param/ws_moveit2/install/moveit_task_constructor_capabilities:/home/param/ws_moveit2/install/moveit_task_constructor_core:/home/param/ws_moveit2/install/moveit_ros_control_interface:/home/param/ws_moveit2/install/moveit_plugins:/home/param/ws_moveit2/install/moveit_simple_controller_manager:/home/param/ws_moveit2/install/moveit_setup_assistant:/home/param/ws_moveit2/install/moveit_setup_srdf_plugins:/home/param/ws_moveit2/install/moveit_setup_core_plugins:/home/param/ws_moveit2/install/moveit_setup_controllers:/home/param/ws_moveit2/install/moveit_setup_app_plugins:/home/param/ws_moveit2/install/moveit_setup_framework:/home/param/ws_moveit2/install/moveit_servo:/home/param/ws_moveit2/install/moveit_ros:/home/param/ws_moveit2/install/moveit_ros_visualization:/home/param/ws_moveit2/install/moveit_hybrid_planning:/home/param/ws_moveit2/install/moveit_ros_planning_interface:/home/param/ws_moveit2/install/moveit_ros_benchmarks:/home/param/ws_moveit2/install/moveit_ros_warehouse:/home/param/ws_moveit2/install/moveit_ros_robot_interaction:/home/param/ws_moveit2/install/moveit_ros_perception:/home/param/ws_moveit2/install/moveit_resources_prbt_pg70_support:/home/param/ws_moveit2/install/moveit_resources_prbt_moveit_config:/home/param/ws_moveit2/install/moveit_ros_move_group:/home/param/ws_moveit2/install/moveit_planners_ompl:/home/param/ws_moveit2/install/moveit_ros_planning:/home/param/ws_moveit2/install/moveit_ros_occupancy_map_monitor:/home/param/ws_moveit2/install/moveit_resources_prbt_ikfast_manipulator_plugin:/home/param/ws_moveit2/install/moveit_planners_chomp:/home/param/ws_moveit2/install/moveit_kinematics:/home/param/ws_moveit2/install/moveit_chomp_optimizer_adapter:/home/param/ws_moveit2/install/chomp_motion_planner:/home/param/ws_moveit2/install/moveit_core:/home/param/ws_moveit2/install/srdfdom:/home/param/ws_moveit2/install/rviz_marker_tools:/home/param/ws_moveit2/install/rosparam_shortcuts:/home/param/ws_moveit2/install/moveit_task_constructor_msgs:/home/param/ws_moveit2/install/moveit_resources_prbt_support:/home/param/ws_moveit2/install/moveit_resources:/home/param/ws_moveit2/install/moveit_resources_pr2_description:/home/param/ws_moveit2/install/moveit_resources_panda_moveit_config:/home/param/ws_moveit2/install/moveit_resources_panda_description:/home/param/ws_moveit2/install/moveit_resources_fanuc_moveit_config:/home/param/ws_moveit2/install/moveit_resources_fanuc_description:/home/param/ws_moveit2/install/moveit_common:/home/param/nash_ws/install/nb_moveit:/home/param/nash_ws/install/nb_config:/home/param/nash_ws/install/nashbot_moveit_config:/home/param/nash_ws/install/moveit:/home/param/ws_moveit2/install/moveit_configs_utils:/home/param/ws_moveit2/install/launch_param_builder:/opt/ros/humble /usr/bin/cmake --install /home/param/nash_ws/build/nb_config
[0.344s] Level 1:colcon.colcon_core.environment:checking '/home/param/nash_ws/install/nb_config' for CMake config files
[0.345s] Level 1:colcon.colcon_core.shell:create_environment_hook('nb_config', 'cmake_prefix_path')
[0.345s] INFO:colcon.colcon_core.shell:Creating environment hook '/home/param/nash_ws/install/nb_config/share/nb_config/hook/cmake_prefix_path.ps1'
[0.345s] INFO:colcon.colcon_core.shell:Creating environment descriptor '/home/param/nash_ws/install/nb_config/share/nb_config/hook/cmake_prefix_path.dsv'
[0.345s] INFO:colcon.colcon_core.shell:Creating environment hook '/home/param/nash_ws/install/nb_config/share/nb_config/hook/cmake_prefix_path.sh'
[0.345s] Level 1:colcon.colcon_core.environment:checking '/home/param/nash_ws/install/nb_config/bin'
[0.345s] Level 1:colcon.colcon_core.environment:checking '/home/param/nash_ws/install/nb_config/lib/pkgconfig/nb_config.pc'
[0.345s] Level 1:colcon.colcon_core.environment:checking '/home/param/nash_ws/install/nb_config/lib/python3.10/site-packages'
[0.345s] Level 1:colcon.colcon_core.environment:checking '/home/param/nash_ws/install/nb_config/bin'
[0.345s] INFO:colcon.colcon_core.shell:Creating package script '/home/param/nash_ws/install/nb_config/share/nb_config/package.ps1'
[0.346s] INFO:colcon.colcon_core.shell:Creating package descriptor '/home/param/nash_ws/install/nb_config/share/nb_config/package.dsv'
[0.346s] INFO:colcon.colcon_core.shell:Creating package script '/home/param/nash_ws/install/nb_config/share/nb_config/package.sh'
[0.346s] INFO:colcon.colcon_core.shell:Creating package script '/home/param/nash_ws/install/nb_config/share/nb_config/package.bash'
[0.346s] INFO:colcon.colcon_core.shell:Creating package script '/home/param/nash_ws/install/nb_config/share/nb_config/package.zsh'
[0.346s] Level 1:colcon.colcon_core.environment:create_file_with_runtime_dependencies(/home/param/nash_ws/install/nb_config/share/colcon-core/packages/nb_config)
[0.361s] Level 1:colcon.colcon_core.environment:create_environment_scripts_only(nashbot_moveit_config)
[0.361s] Level 1:colcon.colcon_core.environment:checking '/home/param/nash_ws/install/nashbot_moveit_config' for CMake module files
[0.361s] Level 1:colcon.colcon_core.environment:checking '/home/param/nash_ws/install/nashbot_moveit_config' for CMake config files
[0.361s] Level 1:colcon.colcon_core.shell:create_environment_hook('nashbot_moveit_config', 'cmake_prefix_path')
[0.361s] INFO:colcon.colcon_core.shell:Creating environment hook '/home/param/nash_ws/install/nashbot_moveit_config/share/nashbot_moveit_config/hook/cmake_prefix_path.ps1'
[0.361s] INFO:colcon.colcon_core.shell:Creating environment descriptor '/home/param/nash_ws/install/nashbot_moveit_config/share/nashbot_moveit_config/hook/cmake_prefix_path.dsv'
[0.361s] INFO:colcon.colcon_core.shell:Creating environment hook '/home/param/nash_ws/install/nashbot_moveit_config/share/nashbot_moveit_config/hook/cmake_prefix_path.sh'
[0.362s] Level 1:colcon.colcon_core.environment:checking '/home/param/nash_ws/install/nashbot_moveit_config/bin'
[0.362s] Level 1:colcon.colcon_core.environment:checking '/home/param/nash_ws/install/nashbot_moveit_config/lib/pkgconfig/nashbot_moveit_config.pc'
[0.362s] Level 1:colcon.colcon_core.environment:checking '/home/param/nash_ws/install/nashbot_moveit_config/lib/python3.10/site-packages'
[0.362s] Level 1:colcon.colcon_core.environment:checking '/home/param/nash_ws/install/nashbot_moveit_config/bin'
[0.362s] INFO:colcon.colcon_core.shell:Creating package script '/home/param/nash_ws/install/nashbot_moveit_config/share/nashbot_moveit_config/package.ps1'
[0.362s] INFO:colcon.colcon_core.shell:Creating package descriptor '/home/param/nash_ws/install/nashbot_moveit_config/share/nashbot_moveit_config/package.dsv'
[0.362s] INFO:colcon.colcon_core.shell:Creating package script '/home/param/nash_ws/install/nashbot_moveit_config/share/nashbot_moveit_config/package.sh'
[0.363s] INFO:colcon.colcon_core.shell:Creating package script '/home/param/nash_ws/install/nashbot_moveit_config/share/nashbot_moveit_config/package.bash'
[0.363s] INFO:colcon.colcon_core.shell:Creating package script '/home/param/nash_ws/install/nashbot_moveit_config/share/nashbot_moveit_config/package.zsh'
[0.363s] Level 1:colcon.colcon_core.environment:create_file_with_runtime_dependencies(/home/param/nash_ws/install/nashbot_moveit_config/share/colcon-core/packages/nashbot_moveit_config)
[0.363s] Level 1:colcon.colcon_core.environment:create_environment_scripts_only(nb_config)
[0.363s] Level 1:colcon.colcon_core.environment:checking '/home/param/nash_ws/install/nb_config' for CMake module files
[0.364s] Level 1:colcon.colcon_core.environment:checking '/home/param/nash_ws/install/nb_config' for CMake config files
[0.364s] Level 1:colcon.colcon_core.shell:create_environment_hook('nb_config', 'cmake_prefix_path')
[0.364s] INFO:colcon.colcon_core.shell:Creating environment hook '/home/param/nash_ws/install/nb_config/share/nb_config/hook/cmake_prefix_path.ps1'
[0.364s] INFO:colcon.colcon_core.shell:Creating environment descriptor '/home/param/nash_ws/install/nb_config/share/nb_config/hook/cmake_prefix_path.dsv'
[0.364s] INFO:colcon.colcon_core.shell:Creating environment hook '/home/param/nash_ws/install/nb_config/share/nb_config/hook/cmake_prefix_path.sh'
[0.364s] Level 1:colcon.colcon_core.environment:checking '/home/param/nash_ws/install/nb_config/bin'
[0.364s] Level 1:colcon.colcon_core.environment:checking '/home/param/nash_ws/install/nb_config/lib/pkgconfig/nb_config.pc'
[0.364s] Level 1:colcon.colcon_core.environment:checking '/home/param/nash_ws/install/nb_config/lib/python3.10/site-packages'
[0.364s] Level 1:colcon.colcon_core.environment:checking '/home/param/nash_ws/install/nb_config/bin'
[0.365s] INFO:colcon.colcon_core.shell:Creating package script '/home/param/nash_ws/install/nb_config/share/nb_config/package.ps1'
[0.365s] INFO:colcon.colcon_core.shell:Creating package descriptor '/home/param/nash_ws/install/nb_config/share/nb_config/package.dsv'
[0.365s] INFO:colcon.colcon_core.shell:Creating package script '/home/param/nash_ws/install/nb_config/share/nb_config/package.sh'
[0.365s] INFO:colcon.colcon_core.shell:Creating package script '/home/param/nash_ws/install/nb_config/share/nb_config/package.bash'
[0.365s] INFO:colcon.colcon_core.shell:Creating package script '/home/param/nash_ws/install/nb_config/share/nb_config/package.zsh'
[0.365s] Level 1:colcon.colcon_core.environment:create_file_with_runtime_dependencies(/home/param/nash_ws/install/nb_config/share/colcon-core/packages/nb_config)
[0.661s] DEBUG:colcon.colcon_core.event_handler.log_command:Invoked command in '/home/param/nash_ws/build/nb_new' returned '0': CMAKE_PREFIX_PATH=/home/param/nash_ws/install/nashbot:/home/param/ws_moveit2/install/pilz_industrial_motion_planner_testutils:/home/param/ws_moveit2/install/moveit_runtime:/home/param/ws_moveit2/install/moveit2_tutorials:/home/param/ws_moveit2/install/moveit:/home/param/ws_moveit2/install/moveit_planners:/home/param/ws_moveit2/install/pilz_industrial_motion_planner:/home/param/ws_moveit2/install/moveit_visual_tools:/home/param/ws_moveit2/install/moveit_task_constructor_visualization:/home/param/ws_moveit2/install/moveit_task_constructor_demo:/home/param/ws_moveit2/install/moveit_task_constructor_capabilities:/home/param/ws_moveit2/install/moveit_task_constructor_core:/home/param/ws_moveit2/install/moveit_ros_control_interface:/home/param/ws_moveit2/install/moveit_plugins:/home/param/ws_moveit2/install/moveit_simple_controller_manager:/home/param/ws_moveit2/install/moveit_setup_assistant:/home/param/ws_moveit2/install/moveit_setup_srdf_plugins:/home/param/ws_moveit2/install/moveit_setup_core_plugins:/home/param/ws_moveit2/install/moveit_setup_controllers:/home/param/ws_moveit2/install/moveit_setup_app_plugins:/home/param/ws_moveit2/install/moveit_setup_framework:/home/param/ws_moveit2/install/moveit_servo:/home/param/ws_moveit2/install/moveit_ros:/home/param/ws_moveit2/install/moveit_ros_visualization:/home/param/ws_moveit2/install/moveit_hybrid_planning:/home/param/ws_moveit2/install/moveit_ros_planning_interface:/home/param/ws_moveit2/install/moveit_ros_benchmarks:/home/param/ws_moveit2/install/moveit_ros_warehouse:/home/param/ws_moveit2/install/moveit_ros_robot_interaction:/home/param/ws_moveit2/install/moveit_ros_perception:/home/param/ws_moveit2/install/moveit_resources_prbt_pg70_support:/home/param/ws_moveit2/install/moveit_resources_prbt_moveit_config:/home/param/ws_moveit2/install/moveit_ros_move_group:/home/param/ws_moveit2/install/moveit_planners_ompl:/home/param/ws_moveit2/install/moveit_ros_planning:/home/param/ws_moveit2/install/moveit_ros_occupancy_map_monitor:/home/param/ws_moveit2/install/moveit_resources_prbt_ikfast_manipulator_plugin:/home/param/ws_moveit2/install/moveit_planners_chomp:/home/param/ws_moveit2/install/moveit_kinematics:/home/param/ws_moveit2/install/moveit_chomp_optimizer_adapter:/home/param/ws_moveit2/install/chomp_motion_planner:/home/param/ws_moveit2/install/moveit_core:/home/param/ws_moveit2/install/srdfdom:/home/param/ws_moveit2/install/rviz_marker_tools:/home/param/ws_moveit2/install/rosparam_shortcuts:/home/param/ws_moveit2/install/moveit_task_constructor_msgs:/home/param/ws_moveit2/install/moveit_resources_prbt_support:/home/param/ws_moveit2/install/moveit_resources:/home/param/ws_moveit2/install/moveit_resources_pr2_description:/home/param/ws_moveit2/install/moveit_resources_panda_moveit_config:/home/param/ws_moveit2/install/moveit_resources_panda_description:/home/param/ws_moveit2/install/moveit_resources_fanuc_moveit_config:/home/param/ws_moveit2/install/moveit_resources_fanuc_description:/home/param/ws_moveit2/install/moveit_common:/home/param/nash_ws/install/nb_moveit:/home/param/nash_ws/install/nb_config:/home/param/nash_ws/install/nashbot_moveit_config:/home/param/nash_ws/install/moveit:/home/param/ws_moveit2/install/moveit_configs_utils:/home/param/ws_moveit2/install/launch_param_builder:/opt/ros/humble /usr/bin/cmake /home/param/nash_ws/src/nb_new -DCMAKE_INSTALL_PREFIX=/home/param/nash_ws/install/nb_new
[0.661s] DEBUG:colcon.colcon_core.event_handler.log_command:Invoking command in '/home/param/nash_ws/build/nb_new': CMAKE_PREFIX_PATH=/home/param/nash_ws/install/nashbot:/home/param/ws_moveit2/install/pilz_industrial_motion_planner_testutils:/home/param/ws_moveit2/install/moveit_runtime:/home/param/ws_moveit2/install/moveit2_tutorials:/home/param/ws_moveit2/install/moveit:/home/param/ws_moveit2/install/moveit_planners:/home/param/ws_moveit2/install/pilz_industrial_motion_planner:/home/param/ws_moveit2/install/moveit_visual_tools:/home/param/ws_moveit2/install/moveit_task_constructor_visualization:/home/param/ws_moveit2/install/moveit_task_constructor_demo:/home/param/ws_moveit2/install/moveit_task_constructor_capabilities:/home/param/ws_moveit2/install/moveit_task_constructor_core:/home/param/ws_moveit2/install/moveit_ros_control_interface:/home/param/ws_moveit2/install/moveit_plugins:/home/param/ws_moveit2/install/moveit_simple_controller_manager:/home/param/ws_moveit2/install/moveit_setup_assistant:/home/param/ws_moveit2/install/moveit_setup_srdf_plugins:/home/param/ws_moveit2/install/moveit_setup_core_plugins:/home/param/ws_moveit2/install/moveit_setup_controllers:/home/param/ws_moveit2/install/moveit_setup_app_plugins:/home/param/ws_moveit2/install/moveit_setup_framework:/home/param/ws_moveit2/install/moveit_servo:/home/param/ws_moveit2/install/moveit_ros:/home/param/ws_moveit2/install/moveit_ros_visualization:/home/param/ws_moveit2/install/moveit_hybrid_planning:/home/param/ws_moveit2/install/moveit_ros_planning_interface:/home/param/ws_moveit2/install/moveit_ros_benchmarks:/home/param/ws_moveit2/install/moveit_ros_warehouse:/home/param/ws_moveit2/install/moveit_ros_robot_interaction:/home/param/ws_moveit2/install/moveit_ros_perception:/home/param/ws_moveit2/install/moveit_resources_prbt_pg70_support:/home/param/ws_moveit2/install/moveit_resources_prbt_moveit_config:/home/param/ws_moveit2/install/moveit_ros_move_group:/home/param/ws_moveit2/install/moveit_planners_ompl:/home/param/ws_moveit2/install/moveit_ros_planning:/home/param/ws_moveit2/install/moveit_ros_occupancy_map_monitor:/home/param/ws_moveit2/install/moveit_resources_prbt_ikfast_manipulator_plugin:/home/param/ws_moveit2/install/moveit_planners_chomp:/home/param/ws_moveit2/install/moveit_kinematics:/home/param/ws_moveit2/install/moveit_chomp_optimizer_adapter:/home/param/ws_moveit2/install/chomp_motion_planner:/home/param/ws_moveit2/install/moveit_core:/home/param/ws_moveit2/install/srdfdom:/home/param/ws_moveit2/install/rviz_marker_tools:/home/param/ws_moveit2/install/rosparam_shortcuts:/home/param/ws_moveit2/install/moveit_task_constructor_msgs:/home/param/ws_moveit2/install/moveit_resources_prbt_support:/home/param/ws_moveit2/install/moveit_resources:/home/param/ws_moveit2/install/moveit_resources_pr2_description:/home/param/ws_moveit2/install/moveit_resources_panda_moveit_config:/home/param/ws_moveit2/install/moveit_resources_panda_description:/home/param/ws_moveit2/install/moveit_resources_fanuc_moveit_config:/home/param/ws_moveit2/install/moveit_resources_fanuc_description:/home/param/ws_moveit2/install/moveit_common:/home/param/nash_ws/install/nb_moveit:/home/param/nash_ws/install/nb_config:/home/param/nash_ws/install/nashbot_moveit_config:/home/param/nash_ws/install/moveit:/home/param/ws_moveit2/install/moveit_configs_utils:/home/param/ws_moveit2/install/launch_param_builder:/opt/ros/humble /usr/bin/cmake --build /home/param/nash_ws/build/nb_new -- -j32 -l32
[0.685s] DEBUG:colcon.colcon_core.event_handler.log_command:Invoked command in '/home/param/nash_ws/build/nb_new' returned '0': CMAKE_PREFIX_PATH=/home/param/nash_ws/install/nashbot:/home/param/ws_moveit2/install/pilz_industrial_motion_planner_testutils:/home/param/ws_moveit2/install/moveit_runtime:/home/param/ws_moveit2/install/moveit2_tutorials:/home/param/ws_moveit2/install/moveit:/home/param/ws_moveit2/install/moveit_planners:/home/param/ws_moveit2/install/pilz_industrial_motion_planner:/home/param/ws_moveit2/install/moveit_visual_tools:/home/param/ws_moveit2/install/moveit_task_constructor_visualization:/home/param/ws_moveit2/install/moveit_task_constructor_demo:/home/param/ws_moveit2/install/moveit_task_constructor_capabilities:/home/param/ws_moveit2/install/moveit_task_constructor_core:/home/param/ws_moveit2/install/moveit_ros_control_interface:/home/param/ws_moveit2/install/moveit_plugins:/home/param/ws_moveit2/install/moveit_simple_controller_manager:/home/param/ws_moveit2/install/moveit_setup_assistant:/home/param/ws_moveit2/install/moveit_setup_srdf_plugins:/home/param/ws_moveit2/install/moveit_setup_core_plugins:/home/param/ws_moveit2/install/moveit_setup_controllers:/home/param/ws_moveit2/install/moveit_setup_app_plugins:/home/param/ws_moveit2/install/moveit_setup_framework:/home/param/ws_moveit2/install/moveit_servo:/home/param/ws_moveit2/install/moveit_ros:/home/param/ws_moveit2/install/moveit_ros_visualization:/home/param/ws_moveit2/install/moveit_hybrid_planning:/home/param/ws_moveit2/install/moveit_ros_planning_interface:/home/param/ws_moveit2/install/moveit_ros_benchmarks:/home/param/ws_moveit2/install/moveit_ros_warehouse:/home/param/ws_moveit2/install/moveit_ros_robot_interaction:/home/param/ws_moveit2/install/moveit_ros_perception:/home/param/ws_moveit2/install/moveit_resources_prbt_pg70_support:/home/param/ws_moveit2/install/moveit_resources_prbt_moveit_config:/home/param/ws_moveit2/install/moveit_ros_move_group:/home/param/ws_moveit2/install/moveit_planners_ompl:/home/param/ws_moveit2/install/moveit_ros_planning:/home/param/ws_moveit2/install/moveit_ros_occupancy_map_monitor:/home/param/ws_moveit2/install/moveit_resources_prbt_ikfast_manipulator_plugin:/home/param/ws_moveit2/install/moveit_planners_chomp:/home/param/ws_moveit2/install/moveit_kinematics:/home/param/ws_moveit2/install/moveit_chomp_optimizer_adapter:/home/param/ws_moveit2/install/chomp_motion_planner:/home/param/ws_moveit2/install/moveit_core:/home/param/ws_moveit2/install/srdfdom:/home/param/ws_moveit2/install/rviz_marker_tools:/home/param/ws_moveit2/install/rosparam_shortcuts:/home/param/ws_moveit2/install/moveit_task_constructor_msgs:/home/param/ws_moveit2/install/moveit_resources_prbt_support:/home/param/ws_moveit2/install/moveit_resources:/home/param/ws_moveit2/install/moveit_resources_pr2_description:/home/param/ws_moveit2/install/moveit_resources_panda_moveit_config:/home/param/ws_moveit2/install/moveit_resources_panda_description:/home/param/ws_moveit2/install/moveit_resources_fanuc_moveit_config:/home/param/ws_moveit2/install/moveit_resources_fanuc_description:/home/param/ws_moveit2/install/moveit_common:/home/param/nash_ws/install/nb_moveit:/home/param/nash_ws/install/nb_config:/home/param/nash_ws/install/nashbot_moveit_config:/home/param/nash_ws/install/moveit:/home/param/ws_moveit2/install/moveit_configs_utils:/home/param/ws_moveit2/install/launch_param_builder:/opt/ros/humble /usr/bin/cmake --build /home/param/nash_ws/build/nb_new -- -j32 -l32
[0.702s] DEBUG:colcon.colcon_core.event_handler.log_command:Invoking command in '/home/param/nash_ws/build/nb_new': CMAKE_PREFIX_PATH=/home/param/nash_ws/install/nashbot:/home/param/ws_moveit2/install/pilz_industrial_motion_planner_testutils:/home/param/ws_moveit2/install/moveit_runtime:/home/param/ws_moveit2/install/moveit2_tutorials:/home/param/ws_moveit2/install/moveit:/home/param/ws_moveit2/install/moveit_planners:/home/param/ws_moveit2/install/pilz_industrial_motion_planner:/home/param/ws_moveit2/install/moveit_visual_tools:/home/param/ws_moveit2/install/moveit_task_constructor_visualization:/home/param/ws_moveit2/install/moveit_task_constructor_demo:/home/param/ws_moveit2/install/moveit_task_constructor_capabilities:/home/param/ws_moveit2/install/moveit_task_constructor_core:/home/param/ws_moveit2/install/moveit_ros_control_interface:/home/param/ws_moveit2/install/moveit_plugins:/home/param/ws_moveit2/install/moveit_simple_controller_manager:/home/param/ws_moveit2/install/moveit_setup_assistant:/home/param/ws_moveit2/install/moveit_setup_srdf_plugins:/home/param/ws_moveit2/install/moveit_setup_core_plugins:/home/param/ws_moveit2/install/moveit_setup_controllers:/home/param/ws_moveit2/install/moveit_setup_app_plugins:/home/param/ws_moveit2/install/moveit_setup_framework:/home/param/ws_moveit2/install/moveit_servo:/home/param/ws_moveit2/install/moveit_ros:/home/param/ws_moveit2/install/moveit_ros_visualization:/home/param/ws_moveit2/install/moveit_hybrid_planning:/home/param/ws_moveit2/install/moveit_ros_planning_interface:/home/param/ws_moveit2/install/moveit_ros_benchmarks:/home/param/ws_moveit2/install/moveit_ros_warehouse:/home/param/ws_moveit2/install/moveit_ros_robot_interaction:/home/param/ws_moveit2/install/moveit_ros_perception:/home/param/ws_moveit2/install/moveit_resources_prbt_pg70_support:/home/param/ws_moveit2/install/moveit_resources_prbt_moveit_config:/home/param/ws_moveit2/install/moveit_ros_move_group:/home/param/ws_moveit2/install/moveit_planners_ompl:/home/param/ws_moveit2/install/moveit_ros_planning:/home/param/ws_moveit2/install/moveit_ros_occupancy_map_monitor:/home/param/ws_moveit2/install/moveit_resources_prbt_ikfast_manipulator_plugin:/home/param/ws_moveit2/install/moveit_planners_chomp:/home/param/ws_moveit2/install/moveit_kinematics:/home/param/ws_moveit2/install/moveit_chomp_optimizer_adapter:/home/param/ws_moveit2/install/chomp_motion_planner:/home/param/ws_moveit2/install/moveit_core:/home/param/ws_moveit2/install/srdfdom:/home/param/ws_moveit2/install/rviz_marker_tools:/home/param/ws_moveit2/install/rosparam_shortcuts:/home/param/ws_moveit2/install/moveit_task_constructor_msgs:/home/param/ws_moveit2/install/moveit_resources_prbt_support:/home/param/ws_moveit2/install/moveit_resources:/home/param/ws_moveit2/install/moveit_resources_pr2_description:/home/param/ws_moveit2/install/moveit_resources_panda_moveit_config:/home/param/ws_moveit2/install/moveit_resources_panda_description:/home/param/ws_moveit2/install/moveit_resources_fanuc_moveit_config:/home/param/ws_moveit2/install/moveit_resources_fanuc_description:/home/param/ws_moveit2/install/moveit_common:/home/param/nash_ws/install/nb_moveit:/home/param/nash_ws/install/nb_config:/home/param/nash_ws/install/nashbot_moveit_config:/home/param/nash_ws/install/moveit:/home/param/ws_moveit2/install/moveit_configs_utils:/home/param/ws_moveit2/install/launch_param_builder:/opt/ros/humble /usr/bin/cmake --install /home/param/nash_ws/build/nb_new
[0.710s] Level 1:colcon.colcon_core.environment:create_environment_scripts_only(nb_new)
[0.710s] Level 1:colcon.colcon_core.environment:checking '/home/param/nash_ws/install/nb_new' for CMake module files
[0.710s] DEBUG:colcon.colcon_core.event_handler.log_command:Invoked command in '/home/param/nash_ws/build/nb_new' returned '0': CMAKE_PREFIX_PATH=/home/param/nash_ws/install/nashbot:/home/param/ws_moveit2/install/pilz_industrial_motion_planner_testutils:/home/param/ws_moveit2/install/moveit_runtime:/home/param/ws_moveit2/install/moveit2_tutorials:/home/param/ws_moveit2/install/moveit:/home/param/ws_moveit2/install/moveit_planners:/home/param/ws_moveit2/install/pilz_industrial_motion_planner:/home/param/ws_moveit2/install/moveit_visual_tools:/home/param/ws_moveit2/install/moveit_task_constructor_visualization:/home/param/ws_moveit2/install/moveit_task_constructor_demo:/home/param/ws_moveit2/install/moveit_task_constructor_capabilities:/home/param/ws_moveit2/install/moveit_task_constructor_core:/home/param/ws_moveit2/install/moveit_ros_control_interface:/home/param/ws_moveit2/install/moveit_plugins:/home/param/ws_moveit2/install/moveit_simple_controller_manager:/home/param/ws_moveit2/install/moveit_setup_assistant:/home/param/ws_moveit2/install/moveit_setup_srdf_plugins:/home/param/ws_moveit2/install/moveit_setup_core_plugins:/home/param/ws_moveit2/install/moveit_setup_controllers:/home/param/ws_moveit2/install/moveit_setup_app_plugins:/home/param/ws_moveit2/install/moveit_setup_framework:/home/param/ws_moveit2/install/moveit_servo:/home/param/ws_moveit2/install/moveit_ros:/home/param/ws_moveit2/install/moveit_ros_visualization:/home/param/ws_moveit2/install/moveit_hybrid_planning:/home/param/ws_moveit2/install/moveit_ros_planning_interface:/home/param/ws_moveit2/install/moveit_ros_benchmarks:/home/param/ws_moveit2/install/moveit_ros_warehouse:/home/param/ws_moveit2/install/moveit_ros_robot_interaction:/home/param/ws_moveit2/install/moveit_ros_perception:/home/param/ws_moveit2/install/moveit_resources_prbt_pg70_support:/home/param/ws_moveit2/install/moveit_resources_prbt_moveit_config:/home/param/ws_moveit2/install/moveit_ros_move_group:/home/param/ws_moveit2/install/moveit_planners_ompl:/home/param/ws_moveit2/install/moveit_ros_planning:/home/param/ws_moveit2/install/moveit_ros_occupancy_map_monitor:/home/param/ws_moveit2/install/moveit_resources_prbt_ikfast_manipulator_plugin:/home/param/ws_moveit2/install/moveit_planners_chomp:/home/param/ws_moveit2/install/moveit_kinematics:/home/param/ws_moveit2/install/moveit_chomp_optimizer_adapter:/home/param/ws_moveit2/install/chomp_motion_planner:/home/param/ws_moveit2/install/moveit_core:/home/param/ws_moveit2/install/srdfdom:/home/param/ws_moveit2/install/rviz_marker_tools:/home/param/ws_moveit2/install/rosparam_shortcuts:/home/param/ws_moveit2/install/moveit_task_constructor_msgs:/home/param/ws_moveit2/install/moveit_resources_prbt_support:/home/param/ws_moveit2/install/moveit_resources:/home/param/ws_moveit2/install/moveit_resources_pr2_description:/home/param/ws_moveit2/install/moveit_resources_panda_moveit_config:/home/param/ws_moveit2/install/moveit_resources_panda_description:/home/param/ws_moveit2/install/moveit_resources_fanuc_moveit_config:/home/param/ws_moveit2/install/moveit_resources_fanuc_description:/home/param/ws_moveit2/install/moveit_common:/home/param/nash_ws/install/nb_moveit:/home/param/nash_ws/install/nb_config:/home/param/nash_ws/install/nashbot_moveit_config:/home/param/nash_ws/install/moveit:/home/param/ws_moveit2/install/moveit_configs_utils:/home/param/ws_moveit2/install/launch_param_builder:/opt/ros/humble /usr/bin/cmake --install /home/param/nash_ws/build/nb_new
[0.710s] Level 1:colcon.colcon_core.environment:checking '/home/param/nash_ws/install/nb_new' for CMake config files
[0.710s] Level 1:colcon.colcon_core.shell:create_environment_hook('nb_new', 'cmake_prefix_path')
[0.710s] INFO:colcon.colcon_core.shell:Creating environment hook '/home/param/nash_ws/install/nb_new/share/nb_new/hook/cmake_prefix_path.ps1'
[0.710s] INFO:colcon.colcon_core.shell:Creating environment descriptor '/home/param/nash_ws/install/nb_new/share/nb_new/hook/cmake_prefix_path.dsv'
[0.711s] INFO:colcon.colcon_core.shell:Creating environment hook '/home/param/nash_ws/install/nb_new/share/nb_new/hook/cmake_prefix_path.sh'
[0.711s] Level 1:colcon.colcon_core.environment:checking '/home/param/nash_ws/install/nb_new/bin'
[0.711s] Level 1:colcon.colcon_core.environment:checking '/home/param/nash_ws/install/nb_new/lib/pkgconfig/nb_new.pc'
[0.711s] Level 1:colcon.colcon_core.environment:checking '/home/param/nash_ws/install/nb_new/lib/python3.10/site-packages'
[0.711s] Level 1:colcon.colcon_core.environment:checking '/home/param/nash_ws/install/nb_new/bin'
[0.711s] INFO:colcon.colcon_core.shell:Creating package script '/home/param/nash_ws/install/nb_new/share/nb_new/package.ps1'
[0.711s] INFO:colcon.colcon_core.shell:Creating package descriptor '/home/param/nash_ws/install/nb_new/share/nb_new/package.dsv'
[0.711s] INFO:colcon.colcon_core.shell:Creating package script '/home/param/nash_ws/install/nb_new/share/nb_new/package.sh'
[0.712s] INFO:colcon.colcon_core.shell:Creating package script '/home/param/nash_ws/install/nb_new/share/nb_new/package.bash'
[0.712s] INFO:colcon.colcon_core.shell:Creating package script '/home/param/nash_ws/install/nb_new/share/nb_new/package.zsh'
[0.712s] Level 1:colcon.colcon_core.environment:create_file_with_runtime_dependencies(/home/param/nash_ws/install/nb_new/share/colcon-core/packages/nb_new)
[0.729s] Level 1:colcon.colcon_core.environment:create_environment_scripts_only(nb_new)
[0.729s] Level 1:colcon.colcon_core.environment:checking '/home/param/nash_ws/install/nb_new' for CMake module files
[0.729s] Level 1:colcon.colcon_core.environment:checking '/home/param/nash_ws/install/nb_new' for CMake config files
[0.729s] Level 1:colcon.colcon_core.shell:create_environment_hook('nb_new', 'cmake_prefix_path')
[0.729s] INFO:colcon.colcon_core.shell:Creating environment hook '/home/param/nash_ws/install/nb_new/share/nb_new/hook/cmake_prefix_path.ps1'
[0.730s] INFO:colcon.colcon_core.shell:Creating environment descriptor '/home/param/nash_ws/install/nb_new/share/nb_new/hook/cmake_prefix_path.dsv'
[0.730s] INFO:colcon.colcon_core.shell:Creating environment hook '/home/param/nash_ws/install/nb_new/share/nb_new/hook/cmake_prefix_path.sh'
[0.730s] Level 1:colcon.colcon_core.environment:checking '/home/param/nash_ws/install/nb_new/bin'
[0.730s] Level 1:colcon.colcon_core.environment:checking '/home/param/nash_ws/install/nb_new/lib/pkgconfig/nb_new.pc'
[0.731s] Level 1:colcon.colcon_core.environment:checking '/home/param/nash_ws/install/nb_new/lib/python3.10/site-packages'
[0.731s] Level 1:colcon.colcon_core.environment:checking '/home/param/nash_ws/install/nb_new/bin'
[0.731s] INFO:colcon.colcon_core.shell:Creating package script '/home/param/nash_ws/install/nb_new/share/nb_new/package.ps1'
[0.731s] INFO:colcon.colcon_core.shell:Creating package descriptor '/home/param/nash_ws/install/nb_new/share/nb_new/package.dsv'
[0.732s] INFO:colcon.colcon_core.shell:Creating package script '/home/param/nash_ws/install/nb_new/share/nb_new/package.sh'
[0.732s] INFO:colcon.colcon_core.shell:Creating package script '/home/param/nash_ws/install/nb_new/share/nb_new/package.bash'
[0.732s] INFO:colcon.colcon_core.shell:Creating package script '/home/param/nash_ws/install/nb_new/share/nb_new/package.zsh'
[0.732s] Level 1:colcon.colcon_core.environment:create_file_with_runtime_dependencies(/home/param/nash_ws/install/nb_new/share/colcon-core/packages/nb_new)
[0.733s] DEBUG:colcon.colcon_parallel_executor.executor.parallel:closing loop
[0.733s] DEBUG:colcon.colcon_parallel_executor.executor.parallel:loop closed
[0.733s] DEBUG:colcon.colcon_parallel_executor.executor.parallel:run_until_complete finished with '0'
[0.733s] DEBUG:colcon.colcon_core.event_reactor:joining thread
[0.737s] INFO:colcon.colcon_core.plugin_system:Skipping extension 'colcon_notification.desktop_notification.terminal_notifier': Not used on non-Darwin systems
[0.737s] INFO:colcon.colcon_core.plugin_system:Skipping extension 'colcon_notification.desktop_notification.win32': Not used on non-Windows systems
[0.737s] INFO:colcon.colcon_notification.desktop_notification:Sending desktop notification using 'notify2'
[0.744s] DEBUG:colcon.colcon_core.event_reactor:joined thread
[0.744s] INFO:colcon.colcon_core.shell:Creating prefix script '/home/param/nash_ws/install/local_setup.ps1'
[0.744s] INFO:colcon.colcon_core.shell:Creating prefix util module '/home/param/nash_ws/install/_local_setup_util_ps1.py'
[0.745s] INFO:colcon.colcon_core.shell:Creating prefix chain script '/home/param/nash_ws/install/setup.ps1'
[0.746s] INFO:colcon.colcon_core.shell:Creating prefix script '/home/param/nash_ws/install/local_setup.sh'
[0.746s] INFO:colcon.colcon_core.shell:Creating prefix util module '/home/param/nash_ws/install/_local_setup_util_sh.py'
[0.746s] INFO:colcon.colcon_core.shell:Creating prefix chain script '/home/param/nash_ws/install/setup.sh'
[0.748s] INFO:colcon.colcon_core.shell:Creating prefix script '/home/param/nash_ws/install/local_setup.bash'
[0.748s] INFO:colcon.colcon_core.shell:Creating prefix chain script '/home/param/nash_ws/install/setup.bash'
[0.749s] INFO:colcon.colcon_core.shell:Creating prefix script '/home/param/nash_ws/install/local_setup.zsh'
[0.749s] INFO:colcon.colcon_core.shell:Creating prefix chain script '/home/param/nash_ws/install/setup.zsh'
