-- Install configuration: ""
-- Execute custom install script
-- Up-to-date symlink: /home/param/nash_ws/install/nashbot/share/nashbot/description/config.json
-- Up-to-date symlink: /home/param/nash_ws/install/nashbot/share/nashbot/description/link_arm1.part
-- Up-to-date symlink: /home/param/nash_ws/install/nashbot/share/nashbot/description/link_arm1.stl
-- Up-to-date symlink: /home/param/nash_ws/install/nashbot/share/nashbot/description/link_arm1_base.part
-- Up-to-date symlink: /home/param/nash_ws/install/nashbot/share/nashbot/description/link_arm1_base.stl
-- Up-to-date symlink: /home/param/nash_ws/install/nashbot/share/nashbot/description/link_arm1_bearing.part
-- Up-to-date symlink: /home/param/nash_ws/install/nashbot/share/nashbot/description/link_arm1_bearing.stl
-- Up-to-date symlink: /home/param/nash_ws/install/nashbot/share/nashbot/description/link_arm1_top_mount.part
-- Up-to-date symlink: /home/param/nash_ws/install/nashbot/share/nashbot/description/link_arm1_top_mount.stl
-- Up-to-date symlink: /home/param/nash_ws/install/nashbot/share/nashbot/description/link_arm2.part
-- Up-to-date symlink: /home/param/nash_ws/install/nashbot/share/nashbot/description/link_arm2.stl
-- Up-to-date symlink: /home/param/nash_ws/install/nashbot/share/nashbot/description/link_arm3.part
-- Up-to-date symlink: /home/param/nash_ws/install/nashbot/share/nashbot/description/link_arm3.stl
-- Up-to-date symlink: /home/param/nash_ws/install/nashbot/share/nashbot/description/link_arm4.part
-- Up-to-date symlink: /home/param/nash_ws/install/nashbot/share/nashbot/description/link_arm4.stl
-- Up-to-date symlink: /home/param/nash_ws/install/nashbot/share/nashbot/description/link_arm_wrist2.part
-- Up-to-date symlink: /home/param/nash_ws/install/nashbot/share/nashbot/description/link_arm_wrist2.stl
-- Up-to-date symlink: /home/param/nash_ws/install/nashbot/share/nashbot/description/link_armlast.part
-- Up-to-date symlink: /home/param/nash_ws/install/nashbot/share/nashbot/description/link_armlast.stl
-- Up-to-date symlink: /home/param/nash_ws/install/nashbot/share/nashbot/description/link_armlast2.part
-- Up-to-date symlink: /home/param/nash_ws/install/nashbot/share/nashbot/description/link_armlast2.stl
-- Up-to-date symlink: /home/param/nash_ws/install/nashbot/share/nashbot/description/link_base.part
-- Up-to-date symlink: /home/param/nash_ws/install/nashbot/share/nashbot/description/link_base.stl
-- Up-to-date symlink: /home/param/nash_ws/install/nashbot/share/nashbot/description/link_cam_v2.1_v1.part
-- Up-to-date symlink: /home/param/nash_ws/install/nashbot/share/nashbot/description/link_cam_v2.1_v1.stl
-- Up-to-date symlink: /home/param/nash_ws/install/nashbot/share/nashbot/description/link_camera.part
-- Up-to-date symlink: /home/param/nash_ws/install/nashbot/share/nashbot/description/link_camera.stl
-- Symlinking: /home/param/nash_ws/install/nashbot/share/nashbot/description/link_camera_mount.part
-- Symlinking: /home/param/nash_ws/install/nashbot/share/nashbot/description/link_camera_mount.stl
-- Up-to-date symlink: /home/param/nash_ws/install/nashbot/share/nashbot/description/link_camera_pole.part
-- Up-to-date symlink: /home/param/nash_ws/install/nashbot/share/nashbot/description/link_camera_pole.stl
-- Symlinking: /home/param/nash_ws/install/nashbot/share/nashbot/description/link_camservo_m1.part
-- Symlinking: /home/param/nash_ws/install/nashbot/share/nashbot/description/link_camservo_m1.stl
-- Symlinking: /home/param/nash_ws/install/nashbot/share/nashbot/description/link_camservo_m2.part
-- Symlinking: /home/param/nash_ws/install/nashbot/share/nashbot/description/link_camservo_m2.stl
-- Symlinking: /home/param/nash_ws/install/nashbot/share/nashbot/description/link_display.part
-- Symlinking: /home/param/nash_ws/install/nashbot/share/nashbot/description/link_display.stl
-- Up-to-date symlink: /home/param/nash_ws/install/nashbot/share/nashbot/description/link_gripper.part
-- Up-to-date symlink: /home/param/nash_ws/install/nashbot/share/nashbot/description/link_gripper.stl
-- Up-to-date symlink: /home/param/nash_ws/install/nashbot/share/nashbot/description/link_lidar.part
-- Up-to-date symlink: /home/param/nash_ws/install/nashbot/share/nashbot/description/link_lidar.stl
-- Up-to-date symlink: /home/param/nash_ws/install/nashbot/share/nashbot/description/link_lidar_base_mount.part
-- Up-to-date symlink: /home/param/nash_ws/install/nashbot/share/nashbot/description/link_lidar_base_mount.stl
-- Up-to-date symlink: /home/param/nash_ws/install/nashbot/share/nashbot/description/link_lidar_pole_mount.part
-- Up-to-date symlink: /home/param/nash_ws/install/nashbot/share/nashbot/description/link_lidar_pole_mount.stl
-- Up-to-date symlink: /home/param/nash_ws/install/nashbot/share/nashbot/description/link_motor_horn.part
-- Up-to-date symlink: /home/param/nash_ws/install/nashbot/share/nashbot/description/link_motor_horn.stl
-- Up-to-date symlink: /home/param/nash_ws/install/nashbot/share/nashbot/description/link_motor_shaft_worm.part
-- Up-to-date symlink: /home/param/nash_ws/install/nashbot/share/nashbot/description/link_motor_shaft_worm.stl
-- Up-to-date symlink: /home/param/nash_ws/install/nashbot/share/nashbot/description/link_planetary_gear_motor.part
-- Up-to-date symlink: /home/param/nash_ws/install/nashbot/share/nashbot/description/link_planetary_gear_motor.stl
-- Symlinking: /home/param/nash_ws/install/nashbot/share/nashbot/description/link_power_line_mount.part
-- Symlinking: /home/param/nash_ws/install/nashbot/share/nashbot/description/link_power_line_mount.stl
-- Up-to-date symlink: /home/param/nash_ws/install/nashbot/share/nashbot/description/link_servo_mg.part
-- Up-to-date symlink: /home/param/nash_ws/install/nashbot/share/nashbot/description/link_servo_mg.stl
-- Up-to-date symlink: /home/param/nash_ws/install/nashbot/share/nashbot/description/link_wheel.part
-- Up-to-date symlink: /home/param/nash_ws/install/nashbot/share/nashbot/description/link_wheel.stl
-- Up-to-date symlink: /home/param/nash_ws/install/nashbot/share/nashbot/description/link_wormgearmotor.part
-- Up-to-date symlink: /home/param/nash_ws/install/nashbot/share/nashbot/description/link_wormgearmotor.stl
-- Up-to-date symlink: /home/param/nash_ws/install/nashbot/share/nashbot/description/link_wrist_base.part
-- Up-to-date symlink: /home/param/nash_ws/install/nashbot/share/nashbot/description/link_wrist_base.stl
-- Up-to-date symlink: /home/param/nash_ws/install/nashbot/share/nashbot/description/link_wrist_base_bearing.part
-- Up-to-date symlink: /home/param/nash_ws/install/nashbot/share/nashbot/description/link_wrist_base_bearing.stl
-- Up-to-date symlink: /home/param/nash_ws/install/nashbot/share/nashbot/description/link_wrist_end.part
-- Up-to-date symlink: /home/param/nash_ws/install/nashbot/share/nashbot/description/link_wrist_end.stl
-- Up-to-date symlink: /home/param/nash_ws/install/nashbot/share/nashbot/description/link_wrist_mid.part
-- Up-to-date symlink: /home/param/nash_ws/install/nashbot/share/nashbot/description/link_wrist_mid.stl
-- Up-to-date symlink: /home/param/nash_ws/install/nashbot/share/nashbot/description/robot.urdf
-- Up-to-date symlink: /home/param/nash_ws/install/nashbot/share/nashbot/description/robot/robot.usd
-- Up-to-date symlink: /home/param/nash_ws/install/nashbot/share/nashbot/launch/l1.py
-- Up-to-date symlink: /home/param/nash_ws/install/nashbot/share/nashbot/launch/l2.py
-- Up-to-date symlink: /home/param/nash_ws/install/nashbot/share/ament_index/resource_index/package_run_dependencies/nashbot
-- Up-to-date symlink: /home/param/nash_ws/install/nashbot/share/ament_index/resource_index/parent_prefix_path/nashbot
-- Up-to-date symlink: /home/param/nash_ws/install/nashbot/share/nashbot/environment/ament_prefix_path.sh
-- Up-to-date symlink: /home/param/nash_ws/install/nashbot/share/nashbot/environment/ament_prefix_path.dsv
-- Up-to-date symlink: /home/param/nash_ws/install/nashbot/share/nashbot/environment/path.sh
-- Up-to-date symlink: /home/param/nash_ws/install/nashbot/share/nashbot/environment/path.dsv
-- Up-to-date symlink: /home/param/nash_ws/install/nashbot/share/nashbot/local_setup.bash
-- Up-to-date symlink: /home/param/nash_ws/install/nashbot/share/nashbot/local_setup.sh
-- Up-to-date symlink: /home/param/nash_ws/install/nashbot/share/nashbot/local_setup.zsh
-- Up-to-date symlink: /home/param/nash_ws/install/nashbot/share/nashbot/local_setup.dsv
-- Symlinking: /home/param/nash_ws/install/nashbot/share/nashbot/package.dsv
-- Up-to-date symlink: /home/param/nash_ws/install/nashbot/share/ament_index/resource_index/packages/nashbot
-- Up-to-date symlink: /home/param/nash_ws/install/nashbot/share/nashbot/cmake/nashbotConfig.cmake
-- Up-to-date symlink: /home/param/nash_ws/install/nashbot/share/nashbot/cmake/nashbotConfig-version.cmake
-- Up-to-date symlink: /home/param/nash_ws/install/nashbot/share/nashbot/package.xml
