-- Install configuration: ""
-- Up-to-date: /home/param/nash_ws/install/nb_new1/share/ament_index/resource_index/package_run_dependencies/nb_new1
-- Up-to-date: /home/param/nash_ws/install/nb_new1/share/ament_index/resource_index/parent_prefix_path/nb_new1
-- Up-to-date: /home/param/nash_ws/install/nb_new1/share/nb_new1/environment/ament_prefix_path.sh
-- Up-to-date: /home/param/nash_ws/install/nb_new1/share/nb_new1/environment/ament_prefix_path.dsv
-- Up-to-date: /home/param/nash_ws/install/nb_new1/share/nb_new1/environment/path.sh
-- Up-to-date: /home/param/nash_ws/install/nb_new1/share/nb_new1/environment/path.dsv
-- Up-to-date: /home/param/nash_ws/install/nb_new1/share/nb_new1/local_setup.bash
-- Up-to-date: /home/param/nash_ws/install/nb_new1/share/nb_new1/local_setup.sh
-- Up-to-date: /home/param/nash_ws/install/nb_new1/share/nb_new1/local_setup.zsh
-- Up-to-date: /home/param/nash_ws/install/nb_new1/share/nb_new1/local_setup.dsv
-- Installing: /home/param/nash_ws/install/nb_new1/share/nb_new1/package.dsv
-- Up-to-date: /home/param/nash_ws/install/nb_new1/share/ament_index/resource_index/packages/nb_new1
-- Up-to-date: /home/param/nash_ws/install/nb_new1/share/nb_new1/cmake/nb_new1Config.cmake
-- Up-to-date: /home/param/nash_ws/install/nb_new1/share/nb_new1/cmake/nb_new1Config-version.cmake
-- Up-to-date: /home/param/nash_ws/install/nb_new1/share/nb_new1/package.xml
-- Up-to-date: /home/param/nash_ws/install/nb_new1/share/nb_new1/launch
-- Up-to-date: /home/param/nash_ws/install/nb_new1/share/nb_new1/launch/warehouse_db.launch.py
-- Up-to-date: /home/param/nash_ws/install/nb_new1/share/nb_new1/launch/demo.launch.py
-- Up-to-date: /home/param/nash_ws/install/nb_new1/share/nb_new1/launch/static_virtual_joint_tfs.launch.py
-- Up-to-date: /home/param/nash_ws/install/nb_new1/share/nb_new1/launch/rsp.launch.py
-- Up-to-date: /home/param/nash_ws/install/nb_new1/share/nb_new1/launch/setup_assistant.launch.py
-- Up-to-date: /home/param/nash_ws/install/nb_new1/share/nb_new1/launch/spawn_controllers.launch.py
-- Up-to-date: /home/param/nash_ws/install/nb_new1/share/nb_new1/launch/move_group.launch.py
-- Up-to-date: /home/param/nash_ws/install/nb_new1/share/nb_new1/launch/moveit_rviz.launch.py
-- Up-to-date: /home/param/nash_ws/install/nb_new1/share/nb_new1/config
-- Up-to-date: /home/param/nash_ws/install/nb_new1/share/nb_new1/config/moveit.rviz
-- Up-to-date: /home/param/nash_ws/install/nb_new1/share/nb_new1/config/nashbot.srdf
-- Up-to-date: /home/param/nash_ws/install/nb_new1/share/nb_new1/config/kinematics.yaml
-- Up-to-date: /home/param/nash_ws/install/nb_new1/share/nb_new1/config/nashbot.ros2_control.xacro
-- Up-to-date: /home/param/nash_ws/install/nb_new1/share/nb_new1/config/initial_positions.yaml
-- Up-to-date: /home/param/nash_ws/install/nb_new1/share/nb_new1/config/joint_limits.yaml
-- Up-to-date: /home/param/nash_ws/install/nb_new1/share/nb_new1/config/ros2_controllers.yaml
-- Up-to-date: /home/param/nash_ws/install/nb_new1/share/nb_new1/config/nashbot.urdf.xacro
-- Up-to-date: /home/param/nash_ws/install/nb_new1/share/nb_new1/config/moveit_controllers.yaml
-- Up-to-date: /home/param/nash_ws/install/nb_new1/share/nb_new1/config/pilz_cartesian_limits.yaml
-- Up-to-date: /home/param/nash_ws/install/nb_new1/share/nb_new1/.setup_assistant
