-- Install configuration: ""
-- Up-to-date: /home/param/nash_ws/install/nb_con/share/ament_index/resource_index/package_run_dependencies/nb_con
-- Up-to-date: /home/param/nash_ws/install/nb_con/share/ament_index/resource_index/parent_prefix_path/nb_con
-- Up-to-date: /home/param/nash_ws/install/nb_con/share/nb_con/environment/ament_prefix_path.sh
-- Up-to-date: /home/param/nash_ws/install/nb_con/share/nb_con/environment/ament_prefix_path.dsv
-- Up-to-date: /home/param/nash_ws/install/nb_con/share/nb_con/environment/path.sh
-- Up-to-date: /home/param/nash_ws/install/nb_con/share/nb_con/environment/path.dsv
-- Up-to-date: /home/param/nash_ws/install/nb_con/share/nb_con/local_setup.bash
-- Up-to-date: /home/param/nash_ws/install/nb_con/share/nb_con/local_setup.sh
-- Up-to-date: /home/param/nash_ws/install/nb_con/share/nb_con/local_setup.zsh
-- Up-to-date: /home/param/nash_ws/install/nb_con/share/nb_con/local_setup.dsv
-- Up-to-date: /home/param/nash_ws/install/nb_con/share/nb_con/package.dsv
-- Up-to-date: /home/param/nash_ws/install/nb_con/share/ament_index/resource_index/packages/nb_con
-- Up-to-date: /home/param/nash_ws/install/nb_con/share/nb_con/cmake/nb_conConfig.cmake
-- Up-to-date: /home/param/nash_ws/install/nb_con/share/nb_con/cmake/nb_conConfig-version.cmake
-- Up-to-date: /home/param/nash_ws/install/nb_con/share/nb_con/package.xml
-- Up-to-date: /home/param/nash_ws/install/nb_con/share/nb_con/launch
-- Up-to-date: /home/param/nash_ws/install/nb_con/share/nb_con/launch/warehouse_db.launch.py
-- Up-to-date: /home/param/nash_ws/install/nb_con/share/nb_con/launch/demo.launch.py
-- Up-to-date: /home/param/nash_ws/install/nb_con/share/nb_con/launch/static_virtual_joint_tfs.launch.py
-- Up-to-date: /home/param/nash_ws/install/nb_con/share/nb_con/launch/rsp.launch.py
-- Up-to-date: /home/param/nash_ws/install/nb_con/share/nb_con/launch/setup_assistant.launch.py
-- Up-to-date: /home/param/nash_ws/install/nb_con/share/nb_con/launch/spawn_controllers.launch.py
-- Up-to-date: /home/param/nash_ws/install/nb_con/share/nb_con/launch/move_group.launch.py
-- Up-to-date: /home/param/nash_ws/install/nb_con/share/nb_con/launch/moveit_rviz.launch.py
-- Up-to-date: /home/param/nash_ws/install/nb_con/share/nb_con/config
-- Up-to-date: /home/param/nash_ws/install/nb_con/share/nb_con/config/moveit.rviz
-- Up-to-date: /home/param/nash_ws/install/nb_con/share/nb_con/config/nashbot.srdf
-- Up-to-date: /home/param/nash_ws/install/nb_con/share/nb_con/config/kinematics.yaml
-- Up-to-date: /home/param/nash_ws/install/nb_con/share/nb_con/config/nashbot.ros2_control.xacro
-- Installing: /home/param/nash_ws/install/nb_con/share/nb_con/config/initial_positions.yaml
-- Installing: /home/param/nash_ws/install/nb_con/share/nb_con/config/joint_limits.yaml
-- Up-to-date: /home/param/nash_ws/install/nb_con/share/nb_con/config/ros2_controllers.yaml
-- Up-to-date: /home/param/nash_ws/install/nb_con/share/nb_con/config/nashbot.urdf.xacro
-- Up-to-date: /home/param/nash_ws/install/nb_con/share/nb_con/config/moveit_controllers.yaml
-- Up-to-date: /home/param/nash_ws/install/nb_con/share/nb_con/config/pilz_cartesian_limits.yaml
-- Up-to-date: /home/param/nash_ws/install/nb_con/share/nb_con/.setup_assistant
