[0.094s] DEBUG:colcon:Command line arguments: ['/home/param/.local/bin/colcon', 'build']
[0.094s] DEBUG:colcon:Parsed command line arguments: Namespace(log_base=None, log_level=None, verb_name='build', build_base='build', install_base='install', merge_install=False, symlink_install=False, test_result_base=None, continue_on_error=False, executor='parallel', parallel_workers=32, event_handlers=None, ignore_user_meta=False, metas=['./colcon.meta'], base_paths=['.'], packages_ignore=None, packages_ignore_regex=None, paths=None, packages_up_to=None, packages_up_to_regex=None, packages_above=None, packages_above_and_dependencies=None, packages_above_depth=None, packages_select_by_dep=None, packages_skip_by_dep=None, packages_skip_up_to=None, packages_select_build_failed=False, packages_skip_build_finished=False, packages_select_test_failures=False, packages_skip_test_passed=False, packages_select=None, packages_skip=None, packages_select_regex=None, packages_skip_regex=None, packages_start=None, packages_end=None, allow_overriding=[], cmake_args=None, cmake_target=None, cmake_target_skip_unavailable=False, cmake_clean_cache=False, cmake_clean_first=False, cmake_force_configure=False, ament_cmake_args=None, catkin_cmake_args=None, catkin_skip_building_tests=False, mixin_files=None, mixin=None, verb_parser=<colcon_mixin.mixin.mixin_argument.MixinArgumentDecorator object at 0x75767301de10>, verb_extension=<colcon_core.verb.build.BuildVerb object at 0x7576731125f0>, main=<bound method BuildVerb.main of <colcon_core.verb.build.BuildVerb object at 0x7576731125f0>>, mixin_verb=('build',))
[0.198s] Level 1:colcon.colcon_core.package_discovery:discover_packages(colcon_meta) check parameters
[0.198s] Level 1:colcon.colcon_core.package_discovery:discover_packages(recursive) check parameters
[0.198s] Level 1:colcon.colcon_core.package_discovery:discover_packages(ignore) check parameters
[0.198s] Level 1:colcon.colcon_core.package_discovery:discover_packages(path) check parameters
[0.198s] Level 1:colcon.colcon_core.package_discovery:discover_packages(colcon_meta) discover
[0.198s] Level 1:colcon.colcon_core.package_discovery:discover_packages(recursive) discover
[0.199s] INFO:colcon.colcon_core.package_discovery:Crawling recursively for packages in '/home/param/nash_ws'
[0.199s] Level 1:colcon.colcon_core.package_identification:_identify(.) by extensions ['ignore', 'ignore_ament_install']
[0.199s] Level 1:colcon.colcon_core.package_identification:_identify(.) by extension 'ignore'
[0.199s] Level 1:colcon.colcon_core.package_identification:_identify(.) by extension 'ignore_ament_install'
[0.199s] Level 1:colcon.colcon_core.package_identification:_identify(.) by extensions ['colcon_pkg']
[0.199s] Level 1:colcon.colcon_core.package_identification:_identify(.) by extension 'colcon_pkg'
[0.199s] Level 1:colcon.colcon_core.package_identification:_identify(.) by extensions ['colcon_meta']
[0.199s] Level 1:colcon.colcon_core.package_identification:_identify(.) by extension 'colcon_meta'
[0.199s] Level 1:colcon.colcon_core.package_identification:_identify(.) by extensions ['ros']
[0.199s] Level 1:colcon.colcon_core.package_identification:_identify(.) by extension 'ros'
[0.206s] Level 1:colcon.colcon_core.package_identification:_identify(.) by extensions ['cmake', 'python']
[0.206s] Level 1:colcon.colcon_core.package_identification:_identify(.) by extension 'cmake'
[0.206s] Level 1:colcon.colcon_core.package_identification:_identify(.) by extension 'python'
[0.206s] Level 1:colcon.colcon_core.package_identification:_identify(.) by extensions ['python_setup_py']
[0.206s] Level 1:colcon.colcon_core.package_identification:_identify(.) by extension 'python_setup_py'
[0.206s] Level 1:colcon.colcon_core.package_identification:_identify(build) by extensions ['ignore', 'ignore_ament_install']
[0.206s] Level 1:colcon.colcon_core.package_identification:_identify(build) by extension 'ignore'
[0.206s] Level 1:colcon.colcon_core.package_identification:_identify(build) ignored
[0.206s] Level 1:colcon.colcon_core.package_identification:_identify(install) by extensions ['ignore', 'ignore_ament_install']
[0.206s] Level 1:colcon.colcon_core.package_identification:_identify(install) by extension 'ignore'
[0.207s] Level 1:colcon.colcon_core.package_identification:_identify(install) ignored
[0.207s] Level 1:colcon.colcon_core.package_identification:_identify(log) by extensions ['ignore', 'ignore_ament_install']
[0.207s] Level 1:colcon.colcon_core.package_identification:_identify(log) by extension 'ignore'
[0.207s] Level 1:colcon.colcon_core.package_identification:_identify(log) ignored
[0.207s] Level 1:colcon.colcon_core.package_identification:_identify(src) by extensions ['ignore', 'ignore_ament_install']
[0.207s] Level 1:colcon.colcon_core.package_identification:_identify(src) by extension 'ignore'
[0.207s] Level 1:colcon.colcon_core.package_identification:_identify(src) by extension 'ignore_ament_install'
[0.207s] Level 1:colcon.colcon_core.package_identification:_identify(src) by extensions ['colcon_pkg']
[0.207s] Level 1:colcon.colcon_core.package_identification:_identify(src) by extension 'colcon_pkg'
[0.207s] Level 1:colcon.colcon_core.package_identification:_identify(src) by extensions ['colcon_meta']
[0.207s] Level 1:colcon.colcon_core.package_identification:_identify(src) by extension 'colcon_meta'
[0.207s] Level 1:colcon.colcon_core.package_identification:_identify(src) by extensions ['ros']
[0.207s] Level 1:colcon.colcon_core.package_identification:_identify(src) by extension 'ros'
[0.207s] Level 1:colcon.colcon_core.package_identification:_identify(src) by extensions ['cmake', 'python']
[0.207s] Level 1:colcon.colcon_core.package_identification:_identify(src) by extension 'cmake'
[0.207s] Level 1:colcon.colcon_core.package_identification:_identify(src) by extension 'python'
[0.207s] Level 1:colcon.colcon_core.package_identification:_identify(src) by extensions ['python_setup_py']
[0.207s] Level 1:colcon.colcon_core.package_identification:_identify(src) by extension 'python_setup_py'
[0.207s] Level 1:colcon.colcon_core.package_identification:_identify(src/nashbot) by extensions ['ignore', 'ignore_ament_install']
[0.207s] Level 1:colcon.colcon_core.package_identification:_identify(src/nashbot) by extension 'ignore'
[0.207s] Level 1:colcon.colcon_core.package_identification:_identify(src/nashbot) by extension 'ignore_ament_install'
[0.207s] Level 1:colcon.colcon_core.package_identification:_identify(src/nashbot) by extensions ['colcon_pkg']
[0.207s] Level 1:colcon.colcon_core.package_identification:_identify(src/nashbot) by extension 'colcon_pkg'
[0.207s] Level 1:colcon.colcon_core.package_identification:_identify(src/nashbot) by extensions ['colcon_meta']
[0.207s] Level 1:colcon.colcon_core.package_identification:_identify(src/nashbot) by extension 'colcon_meta'
[0.207s] Level 1:colcon.colcon_core.package_identification:_identify(src/nashbot) by extensions ['ros']
[0.207s] Level 1:colcon.colcon_core.package_identification:_identify(src/nashbot) by extension 'ros'
[0.209s] DEBUG:colcon.colcon_core.package_identification:Package 'src/nashbot' with type 'ros.ament_cmake' and name 'nashbot'
[0.209s] Level 1:colcon.colcon_core.package_identification:_identify(src/nashbot_moveit_config) by extensions ['ignore', 'ignore_ament_install']
[0.209s] Level 1:colcon.colcon_core.package_identification:_identify(src/nashbot_moveit_config) by extension 'ignore'
[0.209s] Level 1:colcon.colcon_core.package_identification:_identify(src/nashbot_moveit_config) by extension 'ignore_ament_install'
[0.209s] Level 1:colcon.colcon_core.package_identification:_identify(src/nashbot_moveit_config) by extensions ['colcon_pkg']
[0.209s] Level 1:colcon.colcon_core.package_identification:_identify(src/nashbot_moveit_config) by extension 'colcon_pkg'
[0.209s] Level 1:colcon.colcon_core.package_identification:_identify(src/nashbot_moveit_config) by extensions ['colcon_meta']
[0.209s] Level 1:colcon.colcon_core.package_identification:_identify(src/nashbot_moveit_config) by extension 'colcon_meta'
[0.209s] Level 1:colcon.colcon_core.package_identification:_identify(src/nashbot_moveit_config) by extensions ['ros']
[0.209s] Level 1:colcon.colcon_core.package_identification:_identify(src/nashbot_moveit_config) by extension 'ros'
[0.210s] DEBUG:colcon.colcon_core.package_identification:Package 'src/nashbot_moveit_config' with type 'ros.ament_cmake' and name 'nashbot_moveit_config'
[0.210s] Level 1:colcon.colcon_core.package_identification:_identify(src/nb_neew2) by extensions ['ignore', 'ignore_ament_install']
[0.210s] Level 1:colcon.colcon_core.package_identification:_identify(src/nb_neew2) by extension 'ignore'
[0.210s] Level 1:colcon.colcon_core.package_identification:_identify(src/nb_neew2) by extension 'ignore_ament_install'
[0.210s] Level 1:colcon.colcon_core.package_identification:_identify(src/nb_neew2) by extensions ['colcon_pkg']
[0.210s] Level 1:colcon.colcon_core.package_identification:_identify(src/nb_neew2) by extension 'colcon_pkg'
[0.210s] Level 1:colcon.colcon_core.package_identification:_identify(src/nb_neew2) by extensions ['colcon_meta']
[0.210s] Level 1:colcon.colcon_core.package_identification:_identify(src/nb_neew2) by extension 'colcon_meta'
[0.210s] Level 1:colcon.colcon_core.package_identification:_identify(src/nb_neew2) by extensions ['ros']
[0.210s] Level 1:colcon.colcon_core.package_identification:_identify(src/nb_neew2) by extension 'ros'
[0.211s] DEBUG:colcon.colcon_core.package_identification:Package 'src/nb_neew2' with type 'ros.ament_cmake' and name 'nb_neew2'
[0.211s] Level 1:colcon.colcon_core.package_discovery:discover_packages(recursive) using defaults
[0.211s] Level 1:colcon.colcon_core.package_discovery:discover_packages(ignore) discover
[0.211s] Level 1:colcon.colcon_core.package_discovery:discover_packages(ignore) using defaults
[0.211s] Level 1:colcon.colcon_core.package_discovery:discover_packages(path) discover
[0.211s] Level 1:colcon.colcon_core.package_discovery:discover_packages(path) using defaults
[0.230s] Level 1:colcon.colcon_core.package_discovery:discover_packages(prefix_path) check parameters
[0.230s] Level 1:colcon.colcon_core.package_discovery:discover_packages(prefix_path) discover
[0.233s] DEBUG:colcon.colcon_installed_package_information.package_discovery:Found 55 installed packages in /home/param/ws_moveit2/install
[0.234s] DEBUG:colcon.colcon_installed_package_information.package_discovery:Found 7 installed packages in /home/param/nash_ws/install
[0.235s] DEBUG:colcon.colcon_installed_package_information.package_discovery:Found 366 installed packages in /opt/ros/humble
[0.236s] Level 1:colcon.colcon_core.package_discovery:discover_packages(prefix_path) using defaults
[0.267s] WARNING:colcon.colcon_core.package_selection:Some selected packages are already built in one or more underlay workspaces:
	'nashbot' is in: /home/param/nash_ws/install/nashbot
If a package in a merged underlay workspace is overridden and it installs headers, then all packages in the overlay must sort their include directories by workspace order. Failure to do so may result in build failures or undefined behavior at run time.
If the overridden package is used by another package in any underlay, then the overriding package in the overlay must be API and ABI compatible or undefined behavior at run time may occur.

If you understand the risks and want to override a package anyways, add the following to the command line:
	--allow-overriding nashbot

This may be promoted to an error in a future release of colcon-override-check.
[0.268s] Level 5:colcon.colcon_core.verb:set package 'nashbot' build argument 'cmake_args' from command line to 'None'
[0.268s] Level 5:colcon.colcon_core.verb:set package 'nashbot' build argument 'cmake_target' from command line to 'None'
[0.268s] Level 5:colcon.colcon_core.verb:set package 'nashbot' build argument 'cmake_target_skip_unavailable' from command line to 'False'
[0.268s] Level 5:colcon.colcon_core.verb:set package 'nashbot' build argument 'cmake_clean_cache' from command line to 'False'
[0.268s] Level 5:colcon.colcon_core.verb:set package 'nashbot' build argument 'cmake_clean_first' from command line to 'False'
[0.268s] Level 5:colcon.colcon_core.verb:set package 'nashbot' build argument 'cmake_force_configure' from command line to 'False'
[0.268s] Level 5:colcon.colcon_core.verb:set package 'nashbot' build argument 'ament_cmake_args' from command line to 'None'
[0.268s] Level 5:colcon.colcon_core.verb:set package 'nashbot' build argument 'catkin_cmake_args' from command line to 'None'
[0.268s] Level 5:colcon.colcon_core.verb:set package 'nashbot' build argument 'catkin_skip_building_tests' from command line to 'False'
[0.268s] DEBUG:colcon.colcon_core.verb:Building package 'nashbot' with the following arguments: {'ament_cmake_args': None, 'build_base': '/home/param/nash_ws/build/nashbot', 'catkin_cmake_args': None, 'catkin_skip_building_tests': False, 'cmake_args': None, 'cmake_clean_cache': False, 'cmake_clean_first': False, 'cmake_force_configure': False, 'cmake_target': None, 'cmake_target_skip_unavailable': False, 'install_base': '/home/param/nash_ws/install/nashbot', 'merge_install': False, 'path': '/home/param/nash_ws/src/nashbot', 'symlink_install': False, 'test_result_base': None}
[0.268s] Level 5:colcon.colcon_core.verb:set package 'nashbot_moveit_config' build argument 'cmake_args' from command line to 'None'
[0.268s] Level 5:colcon.colcon_core.verb:set package 'nashbot_moveit_config' build argument 'cmake_target' from command line to 'None'
[0.268s] Level 5:colcon.colcon_core.verb:set package 'nashbot_moveit_config' build argument 'cmake_target_skip_unavailable' from command line to 'False'
[0.268s] Level 5:colcon.colcon_core.verb:set package 'nashbot_moveit_config' build argument 'cmake_clean_cache' from command line to 'False'
[0.268s] Level 5:colcon.colcon_core.verb:set package 'nashbot_moveit_config' build argument 'cmake_clean_first' from command line to 'False'
[0.268s] Level 5:colcon.colcon_core.verb:set package 'nashbot_moveit_config' build argument 'cmake_force_configure' from command line to 'False'
[0.268s] Level 5:colcon.colcon_core.verb:set package 'nashbot_moveit_config' build argument 'ament_cmake_args' from command line to 'None'
[0.268s] Level 5:colcon.colcon_core.verb:set package 'nashbot_moveit_config' build argument 'catkin_cmake_args' from command line to 'None'
[0.268s] Level 5:colcon.colcon_core.verb:set package 'nashbot_moveit_config' build argument 'catkin_skip_building_tests' from command line to 'False'
[0.268s] DEBUG:colcon.colcon_core.verb:Building package 'nashbot_moveit_config' with the following arguments: {'ament_cmake_args': None, 'build_base': '/home/param/nash_ws/build/nashbot_moveit_config', 'catkin_cmake_args': None, 'catkin_skip_building_tests': False, 'cmake_args': None, 'cmake_clean_cache': False, 'cmake_clean_first': False, 'cmake_force_configure': False, 'cmake_target': None, 'cmake_target_skip_unavailable': False, 'install_base': '/home/param/nash_ws/install/nashbot_moveit_config', 'merge_install': False, 'path': '/home/param/nash_ws/src/nashbot_moveit_config', 'symlink_install': False, 'test_result_base': None}
[0.269s] Level 5:colcon.colcon_core.verb:set package 'nb_neew2' build argument 'cmake_args' from command line to 'None'
[0.269s] Level 5:colcon.colcon_core.verb:set package 'nb_neew2' build argument 'cmake_target' from command line to 'None'
[0.269s] Level 5:colcon.colcon_core.verb:set package 'nb_neew2' build argument 'cmake_target_skip_unavailable' from command line to 'False'
[0.269s] Level 5:colcon.colcon_core.verb:set package 'nb_neew2' build argument 'cmake_clean_cache' from command line to 'False'
[0.269s] Level 5:colcon.colcon_core.verb:set package 'nb_neew2' build argument 'cmake_clean_first' from command line to 'False'
[0.269s] Level 5:colcon.colcon_core.verb:set package 'nb_neew2' build argument 'cmake_force_configure' from command line to 'False'
[0.269s] Level 5:colcon.colcon_core.verb:set package 'nb_neew2' build argument 'ament_cmake_args' from command line to 'None'
[0.269s] Level 5:colcon.colcon_core.verb:set package 'nb_neew2' build argument 'catkin_cmake_args' from command line to 'None'
[0.269s] Level 5:colcon.colcon_core.verb:set package 'nb_neew2' build argument 'catkin_skip_building_tests' from command line to 'False'
[0.269s] DEBUG:colcon.colcon_core.verb:Building package 'nb_neew2' with the following arguments: {'ament_cmake_args': None, 'build_base': '/home/param/nash_ws/build/nb_neew2', 'catkin_cmake_args': None, 'catkin_skip_building_tests': False, 'cmake_args': None, 'cmake_clean_cache': False, 'cmake_clean_first': False, 'cmake_force_configure': False, 'cmake_target': None, 'cmake_target_skip_unavailable': False, 'install_base': '/home/param/nash_ws/install/nb_neew2', 'merge_install': False, 'path': '/home/param/nash_ws/src/nb_neew2', 'symlink_install': False, 'test_result_base': None}
[0.269s] INFO:colcon.colcon_core.executor:Executing jobs using 'parallel' executor
[0.270s] DEBUG:colcon.colcon_parallel_executor.executor.parallel:run_until_complete
[0.270s] INFO:colcon.colcon_ros.task.ament_cmake.build:Building ROS package in '/home/param/nash_ws/src/nashbot' with build type 'ament_cmake'
[0.270s] INFO:colcon.colcon_cmake.task.cmake.build:Building CMake package in '/home/param/nash_ws/src/nashbot'
[0.271s] INFO:colcon.colcon_core.plugin_system:Skipping extension 'colcon_core.shell.bat': Not used on non-Windows systems
[0.271s] INFO:colcon.colcon_core.shell:Skip shell extension 'powershell' for command environment: Not usable outside of PowerShell
[0.271s] DEBUG:colcon.colcon_core.shell:Skip shell extension 'dsv' for command environment
[0.280s] DEBUG:colcon.colcon_core.event_handler.log_command:Invoking command in '/home/param/nash_ws/build/nashbot': CMAKE_PREFIX_PATH=${CMAKE_PREFIX_PATH}:/home/param/ws_moveit2/install/moveit_configs_utils:/home/param/ws_moveit2/install/launch_param_builder:/opt/ros/humble /usr/bin/cmake --build /home/param/nash_ws/build/nashbot -- -j32 -l32
[0.316s] DEBUG:colcon.colcon_core.event_handler.log_command:Invoked command in '/home/param/nash_ws/build/nashbot' returned '0': CMAKE_PREFIX_PATH=${CMAKE_PREFIX_PATH}:/home/param/ws_moveit2/install/moveit_configs_utils:/home/param/ws_moveit2/install/launch_param_builder:/opt/ros/humble /usr/bin/cmake --build /home/param/nash_ws/build/nashbot -- -j32 -l32
[0.346s] DEBUG:colcon.colcon_core.event_handler.log_command:Invoking command in '/home/param/nash_ws/build/nashbot': CMAKE_PREFIX_PATH=${CMAKE_PREFIX_PATH}:/home/param/ws_moveit2/install/moveit_configs_utils:/home/param/ws_moveit2/install/launch_param_builder:/opt/ros/humble /usr/bin/cmake --install /home/param/nash_ws/build/nashbot
[0.371s] Level 1:colcon.colcon_core.environment:create_environment_scripts_only(nashbot)
[0.371s] DEBUG:colcon.colcon_core.event_handler.log_command:Invoked command in '/home/param/nash_ws/build/nashbot' returned '0': CMAKE_PREFIX_PATH=${CMAKE_PREFIX_PATH}:/home/param/ws_moveit2/install/moveit_configs_utils:/home/param/ws_moveit2/install/launch_param_builder:/opt/ros/humble /usr/bin/cmake --install /home/param/nash_ws/build/nashbot
[0.373s] Level 1:colcon.colcon_core.environment:checking '/home/param/nash_ws/install/nashbot' for CMake module files
[0.373s] Level 1:colcon.colcon_core.environment:checking '/home/param/nash_ws/install/nashbot' for CMake config files
[0.373s] Level 1:colcon.colcon_core.shell:create_environment_hook('nashbot', 'cmake_prefix_path')
[0.373s] INFO:colcon.colcon_core.shell:Creating environment hook '/home/param/nash_ws/install/nashbot/share/nashbot/hook/cmake_prefix_path.ps1'
[0.374s] INFO:colcon.colcon_core.shell:Creating environment descriptor '/home/param/nash_ws/install/nashbot/share/nashbot/hook/cmake_prefix_path.dsv'
[0.374s] INFO:colcon.colcon_core.shell:Creating environment hook '/home/param/nash_ws/install/nashbot/share/nashbot/hook/cmake_prefix_path.sh'
[0.375s] Level 1:colcon.colcon_core.environment:checking '/home/param/nash_ws/install/nashbot/bin'
[0.375s] Level 1:colcon.colcon_core.environment:checking '/home/param/nash_ws/install/nashbot/lib/pkgconfig/nashbot.pc'
[0.375s] Level 1:colcon.colcon_core.environment:checking '/home/param/nash_ws/install/nashbot/lib/python3.10/site-packages'
[0.375s] Level 1:colcon.colcon_core.environment:checking '/home/param/nash_ws/install/nashbot/bin'
[0.375s] INFO:colcon.colcon_core.shell:Creating package script '/home/param/nash_ws/install/nashbot/share/nashbot/package.ps1'
[0.376s] INFO:colcon.colcon_core.shell:Creating package descriptor '/home/param/nash_ws/install/nashbot/share/nashbot/package.dsv'
[0.376s] INFO:colcon.colcon_core.shell:Creating package script '/home/param/nash_ws/install/nashbot/share/nashbot/package.sh'
[0.376s] INFO:colcon.colcon_core.shell:Creating package script '/home/param/nash_ws/install/nashbot/share/nashbot/package.bash'
[0.377s] INFO:colcon.colcon_core.shell:Creating package script '/home/param/nash_ws/install/nashbot/share/nashbot/package.zsh'
[0.377s] Level 1:colcon.colcon_core.environment:create_file_with_runtime_dependencies(/home/param/nash_ws/install/nashbot/share/colcon-core/packages/nashbot)
[0.401s] Level 1:colcon.colcon_core.environment:create_environment_scripts_only(nashbot)
[0.401s] Level 1:colcon.colcon_core.environment:checking '/home/param/nash_ws/install/nashbot' for CMake module files
[0.401s] Level 1:colcon.colcon_core.environment:checking '/home/param/nash_ws/install/nashbot' for CMake config files
[0.402s] Level 1:colcon.colcon_core.shell:create_environment_hook('nashbot', 'cmake_prefix_path')
[0.402s] INFO:colcon.colcon_core.shell:Creating environment hook '/home/param/nash_ws/install/nashbot/share/nashbot/hook/cmake_prefix_path.ps1'
[0.402s] INFO:colcon.colcon_core.shell:Creating environment descriptor '/home/param/nash_ws/install/nashbot/share/nashbot/hook/cmake_prefix_path.dsv'
[0.402s] INFO:colcon.colcon_core.shell:Creating environment hook '/home/param/nash_ws/install/nashbot/share/nashbot/hook/cmake_prefix_path.sh'
[0.403s] Level 1:colcon.colcon_core.environment:checking '/home/param/nash_ws/install/nashbot/bin'
[0.403s] Level 1:colcon.colcon_core.environment:checking '/home/param/nash_ws/install/nashbot/lib/pkgconfig/nashbot.pc'
[0.403s] Level 1:colcon.colcon_core.environment:checking '/home/param/nash_ws/install/nashbot/lib/python3.10/site-packages'
[0.403s] Level 1:colcon.colcon_core.environment:checking '/home/param/nash_ws/install/nashbot/bin'
[0.403s] INFO:colcon.colcon_core.shell:Creating package script '/home/param/nash_ws/install/nashbot/share/nashbot/package.ps1'
[0.403s] INFO:colcon.colcon_core.shell:Creating package descriptor '/home/param/nash_ws/install/nashbot/share/nashbot/package.dsv'
[0.404s] INFO:colcon.colcon_core.shell:Creating package script '/home/param/nash_ws/install/nashbot/share/nashbot/package.sh'
[0.404s] INFO:colcon.colcon_core.shell:Creating package script '/home/param/nash_ws/install/nashbot/share/nashbot/package.bash'
[0.404s] INFO:colcon.colcon_core.shell:Creating package script '/home/param/nash_ws/install/nashbot/share/nashbot/package.zsh'
[0.404s] Level 1:colcon.colcon_core.environment:create_file_with_runtime_dependencies(/home/param/nash_ws/install/nashbot/share/colcon-core/packages/nashbot)
[0.404s] INFO:colcon.colcon_ros.task.ament_cmake.build:Building ROS package in '/home/param/nash_ws/src/nashbot_moveit_config' with build type 'ament_cmake'
[0.404s] INFO:colcon.colcon_cmake.task.cmake.build:Building CMake package in '/home/param/nash_ws/src/nashbot_moveit_config'
[0.405s] INFO:colcon.colcon_core.shell:Skip shell extension 'powershell' for command environment: Not usable outside of PowerShell
[0.405s] DEBUG:colcon.colcon_core.shell:Skip shell extension 'dsv' for command environment
[0.409s] INFO:colcon.colcon_ros.task.ament_cmake.build:Building ROS package in '/home/param/nash_ws/src/nb_neew2' with build type 'ament_cmake'
[0.409s] INFO:colcon.colcon_cmake.task.cmake.build:Building CMake package in '/home/param/nash_ws/src/nb_neew2'
[0.410s] INFO:colcon.colcon_core.shell:Skip shell extension 'powershell' for command environment: Not usable outside of PowerShell
[0.410s] DEBUG:colcon.colcon_core.shell:Skip shell extension 'dsv' for command environment
[0.417s] DEBUG:colcon.colcon_core.event_handler.log_command:Invoking command in '/home/param/nash_ws/build/nashbot_moveit_config': CMAKE_PREFIX_PATH=/home/param/nash_ws/install/nashbot:/home/param/ws_moveit2/install/pilz_industrial_motion_planner_testutils:/home/param/ws_moveit2/install/moveit_runtime:/home/param/ws_moveit2/install/moveit2_tutorials:/home/param/ws_moveit2/install/moveit:/home/param/ws_moveit2/install/moveit_planners:/home/param/ws_moveit2/install/pilz_industrial_motion_planner:/home/param/ws_moveit2/install/moveit_visual_tools:/home/param/ws_moveit2/install/moveit_task_constructor_visualization:/home/param/ws_moveit2/install/moveit_task_constructor_demo:/home/param/ws_moveit2/install/moveit_task_constructor_capabilities:/home/param/ws_moveit2/install/moveit_task_constructor_core:/home/param/ws_moveit2/install/moveit_ros_control_interface:/home/param/ws_moveit2/install/moveit_plugins:/home/param/ws_moveit2/install/moveit_simple_controller_manager:/home/param/ws_moveit2/install/moveit_setup_assistant:/home/param/ws_moveit2/install/moveit_setup_srdf_plugins:/home/param/ws_moveit2/install/moveit_setup_core_plugins:/home/param/ws_moveit2/install/moveit_setup_controllers:/home/param/ws_moveit2/install/moveit_setup_app_plugins:/home/param/ws_moveit2/install/moveit_setup_framework:/home/param/ws_moveit2/install/moveit_servo:/home/param/ws_moveit2/install/moveit_ros:/home/param/ws_moveit2/install/moveit_ros_visualization:/home/param/ws_moveit2/install/moveit_hybrid_planning:/home/param/ws_moveit2/install/moveit_ros_planning_interface:/home/param/ws_moveit2/install/moveit_ros_benchmarks:/home/param/ws_moveit2/install/moveit_ros_warehouse:/home/param/ws_moveit2/install/moveit_ros_robot_interaction:/home/param/ws_moveit2/install/moveit_ros_perception:/home/param/ws_moveit2/install/moveit_resources_prbt_pg70_support:/home/param/ws_moveit2/install/moveit_resources_prbt_moveit_config:/home/param/ws_moveit2/install/moveit_ros_move_group:/home/param/ws_moveit2/install/moveit_planners_ompl:/home/param/ws_moveit2/install/moveit_ros_planning:/home/param/ws_moveit2/install/moveit_ros_occupancy_map_monitor:/home/param/ws_moveit2/install/moveit_resources_prbt_ikfast_manipulator_plugin:/home/param/ws_moveit2/install/moveit_planners_chomp:/home/param/ws_moveit2/install/moveit_kinematics:/home/param/ws_moveit2/install/moveit_chomp_optimizer_adapter:/home/param/ws_moveit2/install/chomp_motion_planner:/home/param/ws_moveit2/install/moveit_core:/home/param/ws_moveit2/install/srdfdom:/home/param/ws_moveit2/install/rviz_marker_tools:/home/param/ws_moveit2/install/rosparam_shortcuts:/home/param/ws_moveit2/install/moveit_task_constructor_msgs:/home/param/ws_moveit2/install/moveit_resources_prbt_support:/home/param/ws_moveit2/install/moveit_resources:/home/param/ws_moveit2/install/moveit_resources_pr2_description:/home/param/ws_moveit2/install/moveit_resources_panda_moveit_config:/home/param/ws_moveit2/install/moveit_resources_panda_description:/home/param/ws_moveit2/install/moveit_resources_fanuc_moveit_config:/home/param/ws_moveit2/install/moveit_resources_fanuc_description:/home/param/ws_moveit2/install/moveit_common:/home/param/nash_ws/install/nb_new:/home/param/nash_ws/install/nb_neew2:/home/param/nash_ws/install/nb_moveit:/home/param/nash_ws/install/nb_config:/home/param/nash_ws/install/nashbot_moveit_config:/home/param/nash_ws/install/moveit:/home/param/ws_moveit2/install/moveit_configs_utils:/home/param/ws_moveit2/install/launch_param_builder:/opt/ros/humble /usr/bin/cmake --build /home/param/nash_ws/build/nashbot_moveit_config -- -j32 -l32
[0.419s] DEBUG:colcon.colcon_core.event_handler.log_command:Invoking command in '/home/param/nash_ws/build/nb_neew2': CMAKE_PREFIX_PATH=/home/param/nash_ws/install/nashbot:/home/param/ws_moveit2/install/pilz_industrial_motion_planner_testutils:/home/param/ws_moveit2/install/moveit_runtime:/home/param/ws_moveit2/install/moveit2_tutorials:/home/param/ws_moveit2/install/moveit:/home/param/ws_moveit2/install/moveit_planners:/home/param/ws_moveit2/install/pilz_industrial_motion_planner:/home/param/ws_moveit2/install/moveit_visual_tools:/home/param/ws_moveit2/install/moveit_task_constructor_visualization:/home/param/ws_moveit2/install/moveit_task_constructor_demo:/home/param/ws_moveit2/install/moveit_task_constructor_capabilities:/home/param/ws_moveit2/install/moveit_task_constructor_core:/home/param/ws_moveit2/install/moveit_ros_control_interface:/home/param/ws_moveit2/install/moveit_plugins:/home/param/ws_moveit2/install/moveit_simple_controller_manager:/home/param/ws_moveit2/install/moveit_setup_assistant:/home/param/ws_moveit2/install/moveit_setup_srdf_plugins:/home/param/ws_moveit2/install/moveit_setup_core_plugins:/home/param/ws_moveit2/install/moveit_setup_controllers:/home/param/ws_moveit2/install/moveit_setup_app_plugins:/home/param/ws_moveit2/install/moveit_setup_framework:/home/param/ws_moveit2/install/moveit_servo:/home/param/ws_moveit2/install/moveit_ros:/home/param/ws_moveit2/install/moveit_ros_visualization:/home/param/ws_moveit2/install/moveit_hybrid_planning:/home/param/ws_moveit2/install/moveit_ros_planning_interface:/home/param/ws_moveit2/install/moveit_ros_benchmarks:/home/param/ws_moveit2/install/moveit_ros_warehouse:/home/param/ws_moveit2/install/moveit_ros_robot_interaction:/home/param/ws_moveit2/install/moveit_ros_perception:/home/param/ws_moveit2/install/moveit_resources_prbt_pg70_support:/home/param/ws_moveit2/install/moveit_resources_prbt_moveit_config:/home/param/ws_moveit2/install/moveit_ros_move_group:/home/param/ws_moveit2/install/moveit_planners_ompl:/home/param/ws_moveit2/install/moveit_ros_planning:/home/param/ws_moveit2/install/moveit_ros_occupancy_map_monitor:/home/param/ws_moveit2/install/moveit_resources_prbt_ikfast_manipulator_plugin:/home/param/ws_moveit2/install/moveit_planners_chomp:/home/param/ws_moveit2/install/moveit_kinematics:/home/param/ws_moveit2/install/moveit_chomp_optimizer_adapter:/home/param/ws_moveit2/install/chomp_motion_planner:/home/param/ws_moveit2/install/moveit_core:/home/param/ws_moveit2/install/srdfdom:/home/param/ws_moveit2/install/rviz_marker_tools:/home/param/ws_moveit2/install/rosparam_shortcuts:/home/param/ws_moveit2/install/moveit_task_constructor_msgs:/home/param/ws_moveit2/install/moveit_resources_prbt_support:/home/param/ws_moveit2/install/moveit_resources:/home/param/ws_moveit2/install/moveit_resources_pr2_description:/home/param/ws_moveit2/install/moveit_resources_panda_moveit_config:/home/param/ws_moveit2/install/moveit_resources_panda_description:/home/param/ws_moveit2/install/moveit_resources_fanuc_moveit_config:/home/param/ws_moveit2/install/moveit_resources_fanuc_description:/home/param/ws_moveit2/install/moveit_common:/home/param/nash_ws/install/nb_new:/home/param/nash_ws/install/nb_neew2:/home/param/nash_ws/install/nb_moveit:/home/param/nash_ws/install/nb_config:/home/param/nash_ws/install/nashbot_moveit_config:/home/param/nash_ws/install/moveit:/home/param/ws_moveit2/install/moveit_configs_utils:/home/param/ws_moveit2/install/launch_param_builder:/opt/ros/humble /usr/bin/cmake --build /home/param/nash_ws/build/nb_neew2 -- -j32 -l32
[0.451s] DEBUG:colcon.colcon_core.event_handler.log_command:Invoked command in '/home/param/nash_ws/build/nashbot_moveit_config' returned '0': CMAKE_PREFIX_PATH=/home/param/nash_ws/install/nashbot:/home/param/ws_moveit2/install/pilz_industrial_motion_planner_testutils:/home/param/ws_moveit2/install/moveit_runtime:/home/param/ws_moveit2/install/moveit2_tutorials:/home/param/ws_moveit2/install/moveit:/home/param/ws_moveit2/install/moveit_planners:/home/param/ws_moveit2/install/pilz_industrial_motion_planner:/home/param/ws_moveit2/install/moveit_visual_tools:/home/param/ws_moveit2/install/moveit_task_constructor_visualization:/home/param/ws_moveit2/install/moveit_task_constructor_demo:/home/param/ws_moveit2/install/moveit_task_constructor_capabilities:/home/param/ws_moveit2/install/moveit_task_constructor_core:/home/param/ws_moveit2/install/moveit_ros_control_interface:/home/param/ws_moveit2/install/moveit_plugins:/home/param/ws_moveit2/install/moveit_simple_controller_manager:/home/param/ws_moveit2/install/moveit_setup_assistant:/home/param/ws_moveit2/install/moveit_setup_srdf_plugins:/home/param/ws_moveit2/install/moveit_setup_core_plugins:/home/param/ws_moveit2/install/moveit_setup_controllers:/home/param/ws_moveit2/install/moveit_setup_app_plugins:/home/param/ws_moveit2/install/moveit_setup_framework:/home/param/ws_moveit2/install/moveit_servo:/home/param/ws_moveit2/install/moveit_ros:/home/param/ws_moveit2/install/moveit_ros_visualization:/home/param/ws_moveit2/install/moveit_hybrid_planning:/home/param/ws_moveit2/install/moveit_ros_planning_interface:/home/param/ws_moveit2/install/moveit_ros_benchmarks:/home/param/ws_moveit2/install/moveit_ros_warehouse:/home/param/ws_moveit2/install/moveit_ros_robot_interaction:/home/param/ws_moveit2/install/moveit_ros_perception:/home/param/ws_moveit2/install/moveit_resources_prbt_pg70_support:/home/param/ws_moveit2/install/moveit_resources_prbt_moveit_config:/home/param/ws_moveit2/install/moveit_ros_move_group:/home/param/ws_moveit2/install/moveit_planners_ompl:/home/param/ws_moveit2/install/moveit_ros_planning:/home/param/ws_moveit2/install/moveit_ros_occupancy_map_monitor:/home/param/ws_moveit2/install/moveit_resources_prbt_ikfast_manipulator_plugin:/home/param/ws_moveit2/install/moveit_planners_chomp:/home/param/ws_moveit2/install/moveit_kinematics:/home/param/ws_moveit2/install/moveit_chomp_optimizer_adapter:/home/param/ws_moveit2/install/chomp_motion_planner:/home/param/ws_moveit2/install/moveit_core:/home/param/ws_moveit2/install/srdfdom:/home/param/ws_moveit2/install/rviz_marker_tools:/home/param/ws_moveit2/install/rosparam_shortcuts:/home/param/ws_moveit2/install/moveit_task_constructor_msgs:/home/param/ws_moveit2/install/moveit_resources_prbt_support:/home/param/ws_moveit2/install/moveit_resources:/home/param/ws_moveit2/install/moveit_resources_pr2_description:/home/param/ws_moveit2/install/moveit_resources_panda_moveit_config:/home/param/ws_moveit2/install/moveit_resources_panda_description:/home/param/ws_moveit2/install/moveit_resources_fanuc_moveit_config:/home/param/ws_moveit2/install/moveit_resources_fanuc_description:/home/param/ws_moveit2/install/moveit_common:/home/param/nash_ws/install/nb_new:/home/param/nash_ws/install/nb_neew2:/home/param/nash_ws/install/nb_moveit:/home/param/nash_ws/install/nb_config:/home/param/nash_ws/install/nashbot_moveit_config:/home/param/nash_ws/install/moveit:/home/param/ws_moveit2/install/moveit_configs_utils:/home/param/ws_moveit2/install/launch_param_builder:/opt/ros/humble /usr/bin/cmake --build /home/param/nash_ws/build/nashbot_moveit_config -- -j32 -l32
[0.452s] DEBUG:colcon.colcon_core.event_handler.log_command:Invoked command in '/home/param/nash_ws/build/nb_neew2' returned '0': CMAKE_PREFIX_PATH=/home/param/nash_ws/install/nashbot:/home/param/ws_moveit2/install/pilz_industrial_motion_planner_testutils:/home/param/ws_moveit2/install/moveit_runtime:/home/param/ws_moveit2/install/moveit2_tutorials:/home/param/ws_moveit2/install/moveit:/home/param/ws_moveit2/install/moveit_planners:/home/param/ws_moveit2/install/pilz_industrial_motion_planner:/home/param/ws_moveit2/install/moveit_visual_tools:/home/param/ws_moveit2/install/moveit_task_constructor_visualization:/home/param/ws_moveit2/install/moveit_task_constructor_demo:/home/param/ws_moveit2/install/moveit_task_constructor_capabilities:/home/param/ws_moveit2/install/moveit_task_constructor_core:/home/param/ws_moveit2/install/moveit_ros_control_interface:/home/param/ws_moveit2/install/moveit_plugins:/home/param/ws_moveit2/install/moveit_simple_controller_manager:/home/param/ws_moveit2/install/moveit_setup_assistant:/home/param/ws_moveit2/install/moveit_setup_srdf_plugins:/home/param/ws_moveit2/install/moveit_setup_core_plugins:/home/param/ws_moveit2/install/moveit_setup_controllers:/home/param/ws_moveit2/install/moveit_setup_app_plugins:/home/param/ws_moveit2/install/moveit_setup_framework:/home/param/ws_moveit2/install/moveit_servo:/home/param/ws_moveit2/install/moveit_ros:/home/param/ws_moveit2/install/moveit_ros_visualization:/home/param/ws_moveit2/install/moveit_hybrid_planning:/home/param/ws_moveit2/install/moveit_ros_planning_interface:/home/param/ws_moveit2/install/moveit_ros_benchmarks:/home/param/ws_moveit2/install/moveit_ros_warehouse:/home/param/ws_moveit2/install/moveit_ros_robot_interaction:/home/param/ws_moveit2/install/moveit_ros_perception:/home/param/ws_moveit2/install/moveit_resources_prbt_pg70_support:/home/param/ws_moveit2/install/moveit_resources_prbt_moveit_config:/home/param/ws_moveit2/install/moveit_ros_move_group:/home/param/ws_moveit2/install/moveit_planners_ompl:/home/param/ws_moveit2/install/moveit_ros_planning:/home/param/ws_moveit2/install/moveit_ros_occupancy_map_monitor:/home/param/ws_moveit2/install/moveit_resources_prbt_ikfast_manipulator_plugin:/home/param/ws_moveit2/install/moveit_planners_chomp:/home/param/ws_moveit2/install/moveit_kinematics:/home/param/ws_moveit2/install/moveit_chomp_optimizer_adapter:/home/param/ws_moveit2/install/chomp_motion_planner:/home/param/ws_moveit2/install/moveit_core:/home/param/ws_moveit2/install/srdfdom:/home/param/ws_moveit2/install/rviz_marker_tools:/home/param/ws_moveit2/install/rosparam_shortcuts:/home/param/ws_moveit2/install/moveit_task_constructor_msgs:/home/param/ws_moveit2/install/moveit_resources_prbt_support:/home/param/ws_moveit2/install/moveit_resources:/home/param/ws_moveit2/install/moveit_resources_pr2_description:/home/param/ws_moveit2/install/moveit_resources_panda_moveit_config:/home/param/ws_moveit2/install/moveit_resources_panda_description:/home/param/ws_moveit2/install/moveit_resources_fanuc_moveit_config:/home/param/ws_moveit2/install/moveit_resources_fanuc_description:/home/param/ws_moveit2/install/moveit_common:/home/param/nash_ws/install/nb_new:/home/param/nash_ws/install/nb_neew2:/home/param/nash_ws/install/nb_moveit:/home/param/nash_ws/install/nb_config:/home/param/nash_ws/install/nashbot_moveit_config:/home/param/nash_ws/install/moveit:/home/param/ws_moveit2/install/moveit_configs_utils:/home/param/ws_moveit2/install/launch_param_builder:/opt/ros/humble /usr/bin/cmake --build /home/param/nash_ws/build/nb_neew2 -- -j32 -l32
[0.475s] DEBUG:colcon.colcon_core.event_handler.log_command:Invoking command in '/home/param/nash_ws/build/nashbot_moveit_config': CMAKE_PREFIX_PATH=/home/param/nash_ws/install/nashbot:/home/param/ws_moveit2/install/pilz_industrial_motion_planner_testutils:/home/param/ws_moveit2/install/moveit_runtime:/home/param/ws_moveit2/install/moveit2_tutorials:/home/param/ws_moveit2/install/moveit:/home/param/ws_moveit2/install/moveit_planners:/home/param/ws_moveit2/install/pilz_industrial_motion_planner:/home/param/ws_moveit2/install/moveit_visual_tools:/home/param/ws_moveit2/install/moveit_task_constructor_visualization:/home/param/ws_moveit2/install/moveit_task_constructor_demo:/home/param/ws_moveit2/install/moveit_task_constructor_capabilities:/home/param/ws_moveit2/install/moveit_task_constructor_core:/home/param/ws_moveit2/install/moveit_ros_control_interface:/home/param/ws_moveit2/install/moveit_plugins:/home/param/ws_moveit2/install/moveit_simple_controller_manager:/home/param/ws_moveit2/install/moveit_setup_assistant:/home/param/ws_moveit2/install/moveit_setup_srdf_plugins:/home/param/ws_moveit2/install/moveit_setup_core_plugins:/home/param/ws_moveit2/install/moveit_setup_controllers:/home/param/ws_moveit2/install/moveit_setup_app_plugins:/home/param/ws_moveit2/install/moveit_setup_framework:/home/param/ws_moveit2/install/moveit_servo:/home/param/ws_moveit2/install/moveit_ros:/home/param/ws_moveit2/install/moveit_ros_visualization:/home/param/ws_moveit2/install/moveit_hybrid_planning:/home/param/ws_moveit2/install/moveit_ros_planning_interface:/home/param/ws_moveit2/install/moveit_ros_benchmarks:/home/param/ws_moveit2/install/moveit_ros_warehouse:/home/param/ws_moveit2/install/moveit_ros_robot_interaction:/home/param/ws_moveit2/install/moveit_ros_perception:/home/param/ws_moveit2/install/moveit_resources_prbt_pg70_support:/home/param/ws_moveit2/install/moveit_resources_prbt_moveit_config:/home/param/ws_moveit2/install/moveit_ros_move_group:/home/param/ws_moveit2/install/moveit_planners_ompl:/home/param/ws_moveit2/install/moveit_ros_planning:/home/param/ws_moveit2/install/moveit_ros_occupancy_map_monitor:/home/param/ws_moveit2/install/moveit_resources_prbt_ikfast_manipulator_plugin:/home/param/ws_moveit2/install/moveit_planners_chomp:/home/param/ws_moveit2/install/moveit_kinematics:/home/param/ws_moveit2/install/moveit_chomp_optimizer_adapter:/home/param/ws_moveit2/install/chomp_motion_planner:/home/param/ws_moveit2/install/moveit_core:/home/param/ws_moveit2/install/srdfdom:/home/param/ws_moveit2/install/rviz_marker_tools:/home/param/ws_moveit2/install/rosparam_shortcuts:/home/param/ws_moveit2/install/moveit_task_constructor_msgs:/home/param/ws_moveit2/install/moveit_resources_prbt_support:/home/param/ws_moveit2/install/moveit_resources:/home/param/ws_moveit2/install/moveit_resources_pr2_description:/home/param/ws_moveit2/install/moveit_resources_panda_moveit_config:/home/param/ws_moveit2/install/moveit_resources_panda_description:/home/param/ws_moveit2/install/moveit_resources_fanuc_moveit_config:/home/param/ws_moveit2/install/moveit_resources_fanuc_description:/home/param/ws_moveit2/install/moveit_common:/home/param/nash_ws/install/nb_new:/home/param/nash_ws/install/nb_neew2:/home/param/nash_ws/install/nb_moveit:/home/param/nash_ws/install/nb_config:/home/param/nash_ws/install/nashbot_moveit_config:/home/param/nash_ws/install/moveit:/home/param/ws_moveit2/install/moveit_configs_utils:/home/param/ws_moveit2/install/launch_param_builder:/opt/ros/humble /usr/bin/cmake --install /home/param/nash_ws/build/nashbot_moveit_config
[0.478s] DEBUG:colcon.colcon_core.event_handler.log_command:Invoking command in '/home/param/nash_ws/build/nb_neew2': CMAKE_PREFIX_PATH=/home/param/nash_ws/install/nashbot:/home/param/ws_moveit2/install/pilz_industrial_motion_planner_testutils:/home/param/ws_moveit2/install/moveit_runtime:/home/param/ws_moveit2/install/moveit2_tutorials:/home/param/ws_moveit2/install/moveit:/home/param/ws_moveit2/install/moveit_planners:/home/param/ws_moveit2/install/pilz_industrial_motion_planner:/home/param/ws_moveit2/install/moveit_visual_tools:/home/param/ws_moveit2/install/moveit_task_constructor_visualization:/home/param/ws_moveit2/install/moveit_task_constructor_demo:/home/param/ws_moveit2/install/moveit_task_constructor_capabilities:/home/param/ws_moveit2/install/moveit_task_constructor_core:/home/param/ws_moveit2/install/moveit_ros_control_interface:/home/param/ws_moveit2/install/moveit_plugins:/home/param/ws_moveit2/install/moveit_simple_controller_manager:/home/param/ws_moveit2/install/moveit_setup_assistant:/home/param/ws_moveit2/install/moveit_setup_srdf_plugins:/home/param/ws_moveit2/install/moveit_setup_core_plugins:/home/param/ws_moveit2/install/moveit_setup_controllers:/home/param/ws_moveit2/install/moveit_setup_app_plugins:/home/param/ws_moveit2/install/moveit_setup_framework:/home/param/ws_moveit2/install/moveit_servo:/home/param/ws_moveit2/install/moveit_ros:/home/param/ws_moveit2/install/moveit_ros_visualization:/home/param/ws_moveit2/install/moveit_hybrid_planning:/home/param/ws_moveit2/install/moveit_ros_planning_interface:/home/param/ws_moveit2/install/moveit_ros_benchmarks:/home/param/ws_moveit2/install/moveit_ros_warehouse:/home/param/ws_moveit2/install/moveit_ros_robot_interaction:/home/param/ws_moveit2/install/moveit_ros_perception:/home/param/ws_moveit2/install/moveit_resources_prbt_pg70_support:/home/param/ws_moveit2/install/moveit_resources_prbt_moveit_config:/home/param/ws_moveit2/install/moveit_ros_move_group:/home/param/ws_moveit2/install/moveit_planners_ompl:/home/param/ws_moveit2/install/moveit_ros_planning:/home/param/ws_moveit2/install/moveit_ros_occupancy_map_monitor:/home/param/ws_moveit2/install/moveit_resources_prbt_ikfast_manipulator_plugin:/home/param/ws_moveit2/install/moveit_planners_chomp:/home/param/ws_moveit2/install/moveit_kinematics:/home/param/ws_moveit2/install/moveit_chomp_optimizer_adapter:/home/param/ws_moveit2/install/chomp_motion_planner:/home/param/ws_moveit2/install/moveit_core:/home/param/ws_moveit2/install/srdfdom:/home/param/ws_moveit2/install/rviz_marker_tools:/home/param/ws_moveit2/install/rosparam_shortcuts:/home/param/ws_moveit2/install/moveit_task_constructor_msgs:/home/param/ws_moveit2/install/moveit_resources_prbt_support:/home/param/ws_moveit2/install/moveit_resources:/home/param/ws_moveit2/install/moveit_resources_pr2_description:/home/param/ws_moveit2/install/moveit_resources_panda_moveit_config:/home/param/ws_moveit2/install/moveit_resources_panda_description:/home/param/ws_moveit2/install/moveit_resources_fanuc_moveit_config:/home/param/ws_moveit2/install/moveit_resources_fanuc_description:/home/param/ws_moveit2/install/moveit_common:/home/param/nash_ws/install/nb_new:/home/param/nash_ws/install/nb_neew2:/home/param/nash_ws/install/nb_moveit:/home/param/nash_ws/install/nb_config:/home/param/nash_ws/install/nashbot_moveit_config:/home/param/nash_ws/install/moveit:/home/param/ws_moveit2/install/moveit_configs_utils:/home/param/ws_moveit2/install/launch_param_builder:/opt/ros/humble /usr/bin/cmake --install /home/param/nash_ws/build/nb_neew2
[0.485s] Level 1:colcon.colcon_core.environment:create_environment_scripts_only(nashbot_moveit_config)
[0.486s] Level 1:colcon.colcon_core.environment:checking '/home/param/nash_ws/install/nashbot_moveit_config' for CMake module files
[0.487s] Level 1:colcon.colcon_core.environment:checking '/home/param/nash_ws/install/nashbot_moveit_config' for CMake config files
[0.488s] DEBUG:colcon.colcon_core.event_handler.log_command:Invoked command in '/home/param/nash_ws/build/nashbot_moveit_config' returned '0': CMAKE_PREFIX_PATH=/home/param/nash_ws/install/nashbot:/home/param/ws_moveit2/install/pilz_industrial_motion_planner_testutils:/home/param/ws_moveit2/install/moveit_runtime:/home/param/ws_moveit2/install/moveit2_tutorials:/home/param/ws_moveit2/install/moveit:/home/param/ws_moveit2/install/moveit_planners:/home/param/ws_moveit2/install/pilz_industrial_motion_planner:/home/param/ws_moveit2/install/moveit_visual_tools:/home/param/ws_moveit2/install/moveit_task_constructor_visualization:/home/param/ws_moveit2/install/moveit_task_constructor_demo:/home/param/ws_moveit2/install/moveit_task_constructor_capabilities:/home/param/ws_moveit2/install/moveit_task_constructor_core:/home/param/ws_moveit2/install/moveit_ros_control_interface:/home/param/ws_moveit2/install/moveit_plugins:/home/param/ws_moveit2/install/moveit_simple_controller_manager:/home/param/ws_moveit2/install/moveit_setup_assistant:/home/param/ws_moveit2/install/moveit_setup_srdf_plugins:/home/param/ws_moveit2/install/moveit_setup_core_plugins:/home/param/ws_moveit2/install/moveit_setup_controllers:/home/param/ws_moveit2/install/moveit_setup_app_plugins:/home/param/ws_moveit2/install/moveit_setup_framework:/home/param/ws_moveit2/install/moveit_servo:/home/param/ws_moveit2/install/moveit_ros:/home/param/ws_moveit2/install/moveit_ros_visualization:/home/param/ws_moveit2/install/moveit_hybrid_planning:/home/param/ws_moveit2/install/moveit_ros_planning_interface:/home/param/ws_moveit2/install/moveit_ros_benchmarks:/home/param/ws_moveit2/install/moveit_ros_warehouse:/home/param/ws_moveit2/install/moveit_ros_robot_interaction:/home/param/ws_moveit2/install/moveit_ros_perception:/home/param/ws_moveit2/install/moveit_resources_prbt_pg70_support:/home/param/ws_moveit2/install/moveit_resources_prbt_moveit_config:/home/param/ws_moveit2/install/moveit_ros_move_group:/home/param/ws_moveit2/install/moveit_planners_ompl:/home/param/ws_moveit2/install/moveit_ros_planning:/home/param/ws_moveit2/install/moveit_ros_occupancy_map_monitor:/home/param/ws_moveit2/install/moveit_resources_prbt_ikfast_manipulator_plugin:/home/param/ws_moveit2/install/moveit_planners_chomp:/home/param/ws_moveit2/install/moveit_kinematics:/home/param/ws_moveit2/install/moveit_chomp_optimizer_adapter:/home/param/ws_moveit2/install/chomp_motion_planner:/home/param/ws_moveit2/install/moveit_core:/home/param/ws_moveit2/install/srdfdom:/home/param/ws_moveit2/install/rviz_marker_tools:/home/param/ws_moveit2/install/rosparam_shortcuts:/home/param/ws_moveit2/install/moveit_task_constructor_msgs:/home/param/ws_moveit2/install/moveit_resources_prbt_support:/home/param/ws_moveit2/install/moveit_resources:/home/param/ws_moveit2/install/moveit_resources_pr2_description:/home/param/ws_moveit2/install/moveit_resources_panda_moveit_config:/home/param/ws_moveit2/install/moveit_resources_panda_description:/home/param/ws_moveit2/install/moveit_resources_fanuc_moveit_config:/home/param/ws_moveit2/install/moveit_resources_fanuc_description:/home/param/ws_moveit2/install/moveit_common:/home/param/nash_ws/install/nb_new:/home/param/nash_ws/install/nb_neew2:/home/param/nash_ws/install/nb_moveit:/home/param/nash_ws/install/nb_config:/home/param/nash_ws/install/nashbot_moveit_config:/home/param/nash_ws/install/moveit:/home/param/ws_moveit2/install/moveit_configs_utils:/home/param/ws_moveit2/install/launch_param_builder:/opt/ros/humble /usr/bin/cmake --install /home/param/nash_ws/build/nashbot_moveit_config
[0.489s] Level 1:colcon.colcon_core.shell:create_environment_hook('nashbot_moveit_config', 'cmake_prefix_path')
[0.489s] INFO:colcon.colcon_core.shell:Creating environment hook '/home/param/nash_ws/install/nashbot_moveit_config/share/nashbot_moveit_config/hook/cmake_prefix_path.ps1'
[0.489s] INFO:colcon.colcon_core.shell:Creating environment descriptor '/home/param/nash_ws/install/nashbot_moveit_config/share/nashbot_moveit_config/hook/cmake_prefix_path.dsv'
[0.489s] INFO:colcon.colcon_core.shell:Creating environment hook '/home/param/nash_ws/install/nashbot_moveit_config/share/nashbot_moveit_config/hook/cmake_prefix_path.sh'
[0.489s] Level 1:colcon.colcon_core.environment:checking '/home/param/nash_ws/install/nashbot_moveit_config/bin'
[0.490s] Level 1:colcon.colcon_core.environment:checking '/home/param/nash_ws/install/nashbot_moveit_config/lib/pkgconfig/nashbot_moveit_config.pc'
[0.490s] Level 1:colcon.colcon_core.environment:checking '/home/param/nash_ws/install/nashbot_moveit_config/lib/python3.10/site-packages'
[0.490s] Level 1:colcon.colcon_core.environment:checking '/home/param/nash_ws/install/nashbot_moveit_config/bin'
[0.490s] INFO:colcon.colcon_core.shell:Creating package script '/home/param/nash_ws/install/nashbot_moveit_config/share/nashbot_moveit_config/package.ps1'
[0.490s] INFO:colcon.colcon_core.shell:Creating package descriptor '/home/param/nash_ws/install/nashbot_moveit_config/share/nashbot_moveit_config/package.dsv'
[0.491s] INFO:colcon.colcon_core.shell:Creating package script '/home/param/nash_ws/install/nashbot_moveit_config/share/nashbot_moveit_config/package.sh'
[0.491s] INFO:colcon.colcon_core.shell:Creating package script '/home/param/nash_ws/install/nashbot_moveit_config/share/nashbot_moveit_config/package.bash'
[0.491s] INFO:colcon.colcon_core.shell:Creating package script '/home/param/nash_ws/install/nashbot_moveit_config/share/nashbot_moveit_config/package.zsh'
[0.491s] Level 1:colcon.colcon_core.environment:create_file_with_runtime_dependencies(/home/param/nash_ws/install/nashbot_moveit_config/share/colcon-core/packages/nashbot_moveit_config)
[0.493s] Level 1:colcon.colcon_core.environment:create_environment_scripts_only(nb_neew2)
[0.493s] DEBUG:colcon.colcon_core.event_handler.log_command:Invoked command in '/home/param/nash_ws/build/nb_neew2' returned '0': CMAKE_PREFIX_PATH=/home/param/nash_ws/install/nashbot:/home/param/ws_moveit2/install/pilz_industrial_motion_planner_testutils:/home/param/ws_moveit2/install/moveit_runtime:/home/param/ws_moveit2/install/moveit2_tutorials:/home/param/ws_moveit2/install/moveit:/home/param/ws_moveit2/install/moveit_planners:/home/param/ws_moveit2/install/pilz_industrial_motion_planner:/home/param/ws_moveit2/install/moveit_visual_tools:/home/param/ws_moveit2/install/moveit_task_constructor_visualization:/home/param/ws_moveit2/install/moveit_task_constructor_demo:/home/param/ws_moveit2/install/moveit_task_constructor_capabilities:/home/param/ws_moveit2/install/moveit_task_constructor_core:/home/param/ws_moveit2/install/moveit_ros_control_interface:/home/param/ws_moveit2/install/moveit_plugins:/home/param/ws_moveit2/install/moveit_simple_controller_manager:/home/param/ws_moveit2/install/moveit_setup_assistant:/home/param/ws_moveit2/install/moveit_setup_srdf_plugins:/home/param/ws_moveit2/install/moveit_setup_core_plugins:/home/param/ws_moveit2/install/moveit_setup_controllers:/home/param/ws_moveit2/install/moveit_setup_app_plugins:/home/param/ws_moveit2/install/moveit_setup_framework:/home/param/ws_moveit2/install/moveit_servo:/home/param/ws_moveit2/install/moveit_ros:/home/param/ws_moveit2/install/moveit_ros_visualization:/home/param/ws_moveit2/install/moveit_hybrid_planning:/home/param/ws_moveit2/install/moveit_ros_planning_interface:/home/param/ws_moveit2/install/moveit_ros_benchmarks:/home/param/ws_moveit2/install/moveit_ros_warehouse:/home/param/ws_moveit2/install/moveit_ros_robot_interaction:/home/param/ws_moveit2/install/moveit_ros_perception:/home/param/ws_moveit2/install/moveit_resources_prbt_pg70_support:/home/param/ws_moveit2/install/moveit_resources_prbt_moveit_config:/home/param/ws_moveit2/install/moveit_ros_move_group:/home/param/ws_moveit2/install/moveit_planners_ompl:/home/param/ws_moveit2/install/moveit_ros_planning:/home/param/ws_moveit2/install/moveit_ros_occupancy_map_monitor:/home/param/ws_moveit2/install/moveit_resources_prbt_ikfast_manipulator_plugin:/home/param/ws_moveit2/install/moveit_planners_chomp:/home/param/ws_moveit2/install/moveit_kinematics:/home/param/ws_moveit2/install/moveit_chomp_optimizer_adapter:/home/param/ws_moveit2/install/chomp_motion_planner:/home/param/ws_moveit2/install/moveit_core:/home/param/ws_moveit2/install/srdfdom:/home/param/ws_moveit2/install/rviz_marker_tools:/home/param/ws_moveit2/install/rosparam_shortcuts:/home/param/ws_moveit2/install/moveit_task_constructor_msgs:/home/param/ws_moveit2/install/moveit_resources_prbt_support:/home/param/ws_moveit2/install/moveit_resources:/home/param/ws_moveit2/install/moveit_resources_pr2_description:/home/param/ws_moveit2/install/moveit_resources_panda_moveit_config:/home/param/ws_moveit2/install/moveit_resources_panda_description:/home/param/ws_moveit2/install/moveit_resources_fanuc_moveit_config:/home/param/ws_moveit2/install/moveit_resources_fanuc_description:/home/param/ws_moveit2/install/moveit_common:/home/param/nash_ws/install/nb_new:/home/param/nash_ws/install/nb_neew2:/home/param/nash_ws/install/nb_moveit:/home/param/nash_ws/install/nb_config:/home/param/nash_ws/install/nashbot_moveit_config:/home/param/nash_ws/install/moveit:/home/param/ws_moveit2/install/moveit_configs_utils:/home/param/ws_moveit2/install/launch_param_builder:/opt/ros/humble /usr/bin/cmake --install /home/param/nash_ws/build/nb_neew2
[0.494s] Level 1:colcon.colcon_core.environment:checking '/home/param/nash_ws/install/nb_neew2' for CMake module files
[0.494s] Level 1:colcon.colcon_core.environment:checking '/home/param/nash_ws/install/nb_neew2' for CMake config files
[0.494s] Level 1:colcon.colcon_core.shell:create_environment_hook('nb_neew2', 'cmake_prefix_path')
[0.495s] INFO:colcon.colcon_core.shell:Creating environment hook '/home/param/nash_ws/install/nb_neew2/share/nb_neew2/hook/cmake_prefix_path.ps1'
[0.495s] INFO:colcon.colcon_core.shell:Creating environment descriptor '/home/param/nash_ws/install/nb_neew2/share/nb_neew2/hook/cmake_prefix_path.dsv'
[0.495s] INFO:colcon.colcon_core.shell:Creating environment hook '/home/param/nash_ws/install/nb_neew2/share/nb_neew2/hook/cmake_prefix_path.sh'
[0.495s] Level 1:colcon.colcon_core.environment:checking '/home/param/nash_ws/install/nb_neew2/bin'
[0.495s] Level 1:colcon.colcon_core.environment:checking '/home/param/nash_ws/install/nb_neew2/lib/pkgconfig/nb_neew2.pc'
[0.496s] Level 1:colcon.colcon_core.environment:checking '/home/param/nash_ws/install/nb_neew2/lib/python3.10/site-packages'
[0.496s] Level 1:colcon.colcon_core.environment:checking '/home/param/nash_ws/install/nb_neew2/bin'
[0.496s] INFO:colcon.colcon_core.shell:Creating package script '/home/param/nash_ws/install/nb_neew2/share/nb_neew2/package.ps1'
[0.496s] INFO:colcon.colcon_core.shell:Creating package descriptor '/home/param/nash_ws/install/nb_neew2/share/nb_neew2/package.dsv'
[0.496s] INFO:colcon.colcon_core.shell:Creating package script '/home/param/nash_ws/install/nb_neew2/share/nb_neew2/package.sh'
[0.497s] INFO:colcon.colcon_core.shell:Creating package script '/home/param/nash_ws/install/nb_neew2/share/nb_neew2/package.bash'
[0.497s] INFO:colcon.colcon_core.shell:Creating package script '/home/param/nash_ws/install/nb_neew2/share/nb_neew2/package.zsh'
[0.497s] Level 1:colcon.colcon_core.environment:create_file_with_runtime_dependencies(/home/param/nash_ws/install/nb_neew2/share/colcon-core/packages/nb_neew2)
[0.515s] Level 1:colcon.colcon_core.environment:create_environment_scripts_only(nashbot_moveit_config)
[0.515s] Level 1:colcon.colcon_core.environment:checking '/home/param/nash_ws/install/nashbot_moveit_config' for CMake module files
[0.516s] Level 1:colcon.colcon_core.environment:checking '/home/param/nash_ws/install/nashbot_moveit_config' for CMake config files
[0.516s] Level 1:colcon.colcon_core.shell:create_environment_hook('nashbot_moveit_config', 'cmake_prefix_path')
[0.516s] INFO:colcon.colcon_core.shell:Creating environment hook '/home/param/nash_ws/install/nashbot_moveit_config/share/nashbot_moveit_config/hook/cmake_prefix_path.ps1'
[0.516s] INFO:colcon.colcon_core.shell:Creating environment descriptor '/home/param/nash_ws/install/nashbot_moveit_config/share/nashbot_moveit_config/hook/cmake_prefix_path.dsv'
[0.516s] INFO:colcon.colcon_core.shell:Creating environment hook '/home/param/nash_ws/install/nashbot_moveit_config/share/nashbot_moveit_config/hook/cmake_prefix_path.sh'
[0.517s] Level 1:colcon.colcon_core.environment:checking '/home/param/nash_ws/install/nashbot_moveit_config/bin'
[0.517s] Level 1:colcon.colcon_core.environment:checking '/home/param/nash_ws/install/nashbot_moveit_config/lib/pkgconfig/nashbot_moveit_config.pc'
[0.517s] Level 1:colcon.colcon_core.environment:checking '/home/param/nash_ws/install/nashbot_moveit_config/lib/python3.10/site-packages'
[0.517s] Level 1:colcon.colcon_core.environment:checking '/home/param/nash_ws/install/nashbot_moveit_config/bin'
[0.517s] INFO:colcon.colcon_core.shell:Creating package script '/home/param/nash_ws/install/nashbot_moveit_config/share/nashbot_moveit_config/package.ps1'
[0.518s] INFO:colcon.colcon_core.shell:Creating package descriptor '/home/param/nash_ws/install/nashbot_moveit_config/share/nashbot_moveit_config/package.dsv'
[0.518s] INFO:colcon.colcon_core.shell:Creating package script '/home/param/nash_ws/install/nashbot_moveit_config/share/nashbot_moveit_config/package.sh'
[0.518s] INFO:colcon.colcon_core.shell:Creating package script '/home/param/nash_ws/install/nashbot_moveit_config/share/nashbot_moveit_config/package.bash'
[0.518s] INFO:colcon.colcon_core.shell:Creating package script '/home/param/nash_ws/install/nashbot_moveit_config/share/nashbot_moveit_config/package.zsh'
[0.519s] Level 1:colcon.colcon_core.environment:create_file_with_runtime_dependencies(/home/param/nash_ws/install/nashbot_moveit_config/share/colcon-core/packages/nashbot_moveit_config)
[0.520s] Level 1:colcon.colcon_core.environment:create_environment_scripts_only(nb_neew2)
[0.520s] Level 1:colcon.colcon_core.environment:checking '/home/param/nash_ws/install/nb_neew2' for CMake module files
[0.520s] Level 1:colcon.colcon_core.environment:checking '/home/param/nash_ws/install/nb_neew2' for CMake config files
[0.521s] Level 1:colcon.colcon_core.shell:create_environment_hook('nb_neew2', 'cmake_prefix_path')
[0.521s] INFO:colcon.colcon_core.shell:Creating environment hook '/home/param/nash_ws/install/nb_neew2/share/nb_neew2/hook/cmake_prefix_path.ps1'
[0.521s] INFO:colcon.colcon_core.shell:Creating environment descriptor '/home/param/nash_ws/install/nb_neew2/share/nb_neew2/hook/cmake_prefix_path.dsv'
[0.521s] INFO:colcon.colcon_core.shell:Creating environment hook '/home/param/nash_ws/install/nb_neew2/share/nb_neew2/hook/cmake_prefix_path.sh'
[0.521s] Level 1:colcon.colcon_core.environment:checking '/home/param/nash_ws/install/nb_neew2/bin'
[0.521s] Level 1:colcon.colcon_core.environment:checking '/home/param/nash_ws/install/nb_neew2/lib/pkgconfig/nb_neew2.pc'
[0.521s] Level 1:colcon.colcon_core.environment:checking '/home/param/nash_ws/install/nb_neew2/lib/python3.10/site-packages'
[0.522s] Level 1:colcon.colcon_core.environment:checking '/home/param/nash_ws/install/nb_neew2/bin'
[0.522s] INFO:colcon.colcon_core.shell:Creating package script '/home/param/nash_ws/install/nb_neew2/share/nb_neew2/package.ps1'
[0.522s] INFO:colcon.colcon_core.shell:Creating package descriptor '/home/param/nash_ws/install/nb_neew2/share/nb_neew2/package.dsv'
[0.522s] INFO:colcon.colcon_core.shell:Creating package script '/home/param/nash_ws/install/nb_neew2/share/nb_neew2/package.sh'
[0.522s] INFO:colcon.colcon_core.shell:Creating package script '/home/param/nash_ws/install/nb_neew2/share/nb_neew2/package.bash'
[0.523s] INFO:colcon.colcon_core.shell:Creating package script '/home/param/nash_ws/install/nb_neew2/share/nb_neew2/package.zsh'
[0.523s] Level 1:colcon.colcon_core.environment:create_file_with_runtime_dependencies(/home/param/nash_ws/install/nb_neew2/share/colcon-core/packages/nb_neew2)
[0.523s] DEBUG:colcon.colcon_parallel_executor.executor.parallel:closing loop
[0.523s] DEBUG:colcon.colcon_parallel_executor.executor.parallel:loop closed
[0.523s] DEBUG:colcon.colcon_parallel_executor.executor.parallel:run_until_complete finished with '0'
[0.523s] DEBUG:colcon.colcon_core.event_reactor:joining thread
[0.528s] INFO:colcon.colcon_core.plugin_system:Skipping extension 'colcon_notification.desktop_notification.terminal_notifier': Not used on non-Darwin systems
[0.529s] INFO:colcon.colcon_core.plugin_system:Skipping extension 'colcon_notification.desktop_notification.win32': Not used on non-Windows systems
[0.529s] INFO:colcon.colcon_notification.desktop_notification:Sending desktop notification using 'notify2'
[0.540s] DEBUG:colcon.colcon_core.event_reactor:joined thread
[0.540s] INFO:colcon.colcon_core.shell:Creating prefix script '/home/param/nash_ws/install/local_setup.ps1'
[0.540s] INFO:colcon.colcon_core.shell:Creating prefix util module '/home/param/nash_ws/install/_local_setup_util_ps1.py'
[0.541s] INFO:colcon.colcon_core.shell:Creating prefix chain script '/home/param/nash_ws/install/setup.ps1'
[0.543s] INFO:colcon.colcon_core.shell:Creating prefix script '/home/param/nash_ws/install/local_setup.sh'
[0.543s] INFO:colcon.colcon_core.shell:Creating prefix util module '/home/param/nash_ws/install/_local_setup_util_sh.py'
[0.544s] INFO:colcon.colcon_core.shell:Creating prefix chain script '/home/param/nash_ws/install/setup.sh'
[0.545s] INFO:colcon.colcon_core.shell:Creating prefix script '/home/param/nash_ws/install/local_setup.bash'
[0.546s] INFO:colcon.colcon_core.shell:Creating prefix chain script '/home/param/nash_ws/install/setup.bash'
[0.547s] INFO:colcon.colcon_core.shell:Creating prefix script '/home/param/nash_ws/install/local_setup.zsh'
[0.548s] INFO:colcon.colcon_core.shell:Creating prefix chain script '/home/param/nash_ws/install/setup.zsh'
