[0.013s] Invoking command in '/home/param/nash_ws/build/moveit': CMAKE_PREFIX_PATH=${CMAKE_PREFIX_PATH}:/home/param/ws_moveit2/install/moveit_configs_utils:/home/param/ws_moveit2/install/launch_param_builder:/opt/ros/humble /usr/bin/cmake /home/param/nash_ws/src/nashbot -DCMAKE_INSTALL_PREFIX=/home/param/nash_ws/install/moveit
[0.063s] -- The C compiler identification is GNU 11.4.0
[0.110s] -- The CXX compiler identification is GNU 11.4.0
[0.117s] -- Detecting C compiler ABI info
[0.186s] -- Detecting C compiler ABI info - done
[0.192s] -- Check for working C compiler: /usr/bin/cc - skipped
[0.192s] -- Detecting C compile features
[0.193s] -- Detecting C compile features - done
[0.195s] -- Detecting CXX compiler ABI info
[0.268s] -- Detecting CXX compiler ABI info - done
[0.275s] -- Check for working CXX compiler: /usr/bin/c++ - skipped
[0.275s] -- Detecting CXX compile features
[0.275s] -- Detecting CXX compile features - done
[0.280s] -- Found ament_cmake: 1.3.9 (/opt/ros/humble/share/ament_cmake/cmake)
[0.419s] -- Found Python3: /usr/bin/python3 (found version "3.10.12") found components: Interpreter 
[0.583s] -- Configuring done
[0.585s] -- Generating done
[0.585s] -- Build files have been written to: /home/param/nash_ws/build/moveit
[0.589s] Invoked command in '/home/param/nash_ws/build/moveit' returned '0': CMAKE_PREFIX_PATH=${CMAKE_PREFIX_PATH}:/home/param/ws_moveit2/install/moveit_configs_utils:/home/param/ws_moveit2/install/launch_param_builder:/opt/ros/humble /usr/bin/cmake /home/param/nash_ws/src/nashbot -DCMAKE_INSTALL_PREFIX=/home/param/nash_ws/install/moveit
[0.590s] Invoking command in '/home/param/nash_ws/build/moveit': CMAKE_PREFIX_PATH=${CMAKE_PREFIX_PATH}:/home/param/ws_moveit2/install/moveit_configs_utils:/home/param/ws_moveit2/install/launch_param_builder:/opt/ros/humble /usr/bin/cmake --build /home/param/nash_ws/build/moveit -- -j32 -l32
[0.627s] Invoked command in '/home/param/nash_ws/build/moveit' returned '0': CMAKE_PREFIX_PATH=${CMAKE_PREFIX_PATH}:/home/param/ws_moveit2/install/moveit_configs_utils:/home/param/ws_moveit2/install/launch_param_builder:/opt/ros/humble /usr/bin/cmake --build /home/param/nash_ws/build/moveit -- -j32 -l32
[0.651s] Invoking command in '/home/param/nash_ws/build/moveit': CMAKE_PREFIX_PATH=${CMAKE_PREFIX_PATH}:/home/param/ws_moveit2/install/moveit_configs_utils:/home/param/ws_moveit2/install/launch_param_builder:/opt/ros/humble /usr/bin/cmake --install /home/param/nash_ws/build/moveit
[0.660s] -- Install configuration: ""
[0.660s] -- Installing: /home/param/nash_ws/install/moveit/share/ament_index/resource_index/package_run_dependencies/moveit
[0.660s] -- Installing: /home/param/nash_ws/install/moveit/share/ament_index/resource_index/parent_prefix_path/moveit
[0.660s] -- Installing: /home/param/nash_ws/install/moveit/share/moveit/environment/ament_prefix_path.sh
[0.660s] -- Installing: /home/param/nash_ws/install/moveit/share/moveit/environment/ament_prefix_path.dsv
[0.660s] -- Installing: /home/param/nash_ws/install/moveit/share/moveit/environment/path.sh
[0.660s] -- Installing: /home/param/nash_ws/install/moveit/share/moveit/environment/path.dsv
[0.660s] -- Installing: /home/param/nash_ws/install/moveit/share/moveit/local_setup.bash
[0.660s] -- Installing: /home/param/nash_ws/install/moveit/share/moveit/local_setup.sh
[0.660s] -- Installing: /home/param/nash_ws/install/moveit/share/moveit/local_setup.zsh
[0.660s] -- Installing: /home/param/nash_ws/install/moveit/share/moveit/local_setup.dsv
[0.660s] -- Installing: /home/param/nash_ws/install/moveit/share/moveit/package.dsv
[0.660s] -- Installing: /home/param/nash_ws/install/moveit/share/ament_index/resource_index/packages/moveit
[0.661s] -- Installing: /home/param/nash_ws/install/moveit/share/moveit/cmake/moveitConfig.cmake
[0.661s] -- Installing: /home/param/nash_ws/install/moveit/share/moveit/cmake/moveitConfig-version.cmake
[0.661s] -- Installing: /home/param/nash_ws/install/moveit/share/moveit/package.xml
[0.661s] -- Installing: /home/param/nash_ws/install/moveit/share/moveit/launch
[0.661s] -- Installing: /home/param/nash_ws/install/moveit/share/moveit/launch/warehouse_db.launch.py
[0.661s] -- Installing: /home/param/nash_ws/install/moveit/share/moveit/launch/demo.launch.py
[0.661s] -- Installing: /home/param/nash_ws/install/moveit/share/moveit/launch/l1.py
[0.662s] -- Installing: /home/param/nash_ws/install/moveit/share/moveit/launch/static_virtual_joint_tfs.launch.py
[0.662s] -- Installing: /home/param/nash_ws/install/moveit/share/moveit/launch/rsp.launch.py
[0.662s] -- Installing: /home/param/nash_ws/install/moveit/share/moveit/launch/setup_assistant.launch.py
[0.662s] -- Installing: /home/param/nash_ws/install/moveit/share/moveit/launch/spawn_controllers.launch.py
[0.662s] -- Installing: /home/param/nash_ws/install/moveit/share/moveit/launch/move_group.launch.py
[0.662s] -- Installing: /home/param/nash_ws/install/moveit/share/moveit/launch/moveit_rviz.launch.py
[0.662s] -- Installing: /home/param/nash_ws/install/moveit/share/moveit/config
[0.662s] -- Installing: /home/param/nash_ws/install/moveit/share/moveit/config/moveit.rviz
[0.662s] -- Installing: /home/param/nash_ws/install/moveit/share/moveit/config/nashbot.srdf
[0.662s] -- Installing: /home/param/nash_ws/install/moveit/share/moveit/config/sensors_3d.yaml
[0.663s] -- Installing: /home/param/nash_ws/install/moveit/share/moveit/config/kinematics.yaml
[0.663s] -- Installing: /home/param/nash_ws/install/moveit/share/moveit/config/joint_limits.yaml
[0.663s] -- Installing: /home/param/nash_ws/install/moveit/share/moveit/config/ros2_controllers.yaml
[0.663s] -- Installing: /home/param/nash_ws/install/moveit/share/moveit/config/pilz_cartesian_limits.yaml
[0.663s] -- Installing: /home/param/nash_ws/install/moveit/share/moveit/.setup_assistant
[0.664s] Invoked command in '/home/param/nash_ws/build/moveit' returned '0': CMAKE_PREFIX_PATH=${CMAKE_PREFIX_PATH}:/home/param/ws_moveit2/install/moveit_configs_utils:/home/param/ws_moveit2/install/launch_param_builder:/opt/ros/humble /usr/bin/cmake --install /home/param/nash_ws/build/moveit
