[0.011s] Invoking command in '/home/param/nash_ws/build/nashbot': CMAKE_PREFIX_PATH=${CMAKE_PREFIX_PATH}:/home/param/ws_moveit2/install/moveit_configs_utils:/home/param/ws_moveit2/install/launch_param_builder:/opt/ros/humble /usr/bin/cmake --build /home/param/nash_ws/build/nashbot -- -j32 -l32
[0.102s] Invoked command in '/home/param/nash_ws/build/nashbot' returned '0': CMAKE_PREFIX_PATH=${CMAKE_PREFIX_PATH}:/home/param/ws_moveit2/install/moveit_configs_utils:/home/param/ws_moveit2/install/launch_param_builder:/opt/ros/humble /usr/bin/cmake --build /home/param/nash_ws/build/nashbot -- -j32 -l32
[0.124s] Invoking command in '/home/param/nash_ws/build/nashbot': CMAKE_PREFIX_PATH=${CMAKE_PREFIX_PATH}:/home/param/ws_moveit2/install/moveit_configs_utils:/home/param/ws_moveit2/install/launch_param_builder:/opt/ros/humble /usr/bin/cmake --install /home/param/nash_ws/build/nashbot
[0.130s] -- Install configuration: ""
[0.132s] -- Execute custom install script
[0.134s] -- Up-to-date symlink: /home/param/nash_ws/install/nashbot/share/nashbot/description/config.json
[0.134s] -- Symlinking: /home/param/nash_ws/install/nashbot/share/nashbot/description/esp32_devkitv1.part
[0.139s] -- Symlinking: /home/param/nash_ws/install/nashbot/share/nashbot/description/esp32_devkitv1.stl
[0.144s] -- Symlinking: /home/param/nash_ws/install/nashbot/share/nashbot/description/hc-sr04-ultrasonicsensor_v7.part
[0.149s] -- Symlinking: /home/param/nash_ws/install/nashbot/share/nashbot/description/hc-sr04-ultrasonicsensor_v7.stl
[0.154s] -- Up-to-date symlink: /home/param/nash_ws/install/nashbot/share/nashbot/description/link_arm1.part
[0.154s] -- Up-to-date symlink: /home/param/nash_ws/install/nashbot/share/nashbot/description/link_arm1.stl
[0.154s] -- Up-to-date symlink: /home/param/nash_ws/install/nashbot/share/nashbot/description/link_arm1_base.part
[0.155s] -- Up-to-date symlink: /home/param/nash_ws/install/nashbot/share/nashbot/description/link_arm1_base.stl
[0.155s] -- Up-to-date symlink: /home/param/nash_ws/install/nashbot/share/nashbot/description/link_arm1_bearing.part
[0.155s] -- Up-to-date symlink: /home/param/nash_ws/install/nashbot/share/nashbot/description/link_arm1_bearing.stl
[0.155s] -- Up-to-date symlink: /home/param/nash_ws/install/nashbot/share/nashbot/description/link_arm1_top_mount.part
[0.156s] -- Up-to-date symlink: /home/param/nash_ws/install/nashbot/share/nashbot/description/link_arm1_top_mount.stl
[0.156s] -- Up-to-date symlink: /home/param/nash_ws/install/nashbot/share/nashbot/description/link_arm2.part
[0.156s] -- Up-to-date symlink: /home/param/nash_ws/install/nashbot/share/nashbot/description/link_arm2.stl
[0.156s] -- Up-to-date symlink: /home/param/nash_ws/install/nashbot/share/nashbot/description/link_arm3.part
[0.156s] -- Up-to-date symlink: /home/param/nash_ws/install/nashbot/share/nashbot/description/link_arm3.stl
[0.156s] -- Up-to-date symlink: /home/param/nash_ws/install/nashbot/share/nashbot/description/link_arm4.part
[0.156s] -- Up-to-date symlink: /home/param/nash_ws/install/nashbot/share/nashbot/description/link_arm4.stl
[0.156s] -- Up-to-date symlink: /home/param/nash_ws/install/nashbot/share/nashbot/description/link_arm_mount_base.part
[0.156s] -- Up-to-date symlink: /home/param/nash_ws/install/nashbot/share/nashbot/description/link_arm_mount_base.stl
[0.156s] -- Up-to-date symlink: /home/param/nash_ws/install/nashbot/share/nashbot/description/link_arm_wrist2.part
[0.156s] -- Up-to-date symlink: /home/param/nash_ws/install/nashbot/share/nashbot/description/link_arm_wrist2.stl
[0.156s] -- Up-to-date symlink: /home/param/nash_ws/install/nashbot/share/nashbot/description/link_armlast.part
[0.157s] -- Up-to-date symlink: /home/param/nash_ws/install/nashbot/share/nashbot/description/link_armlast.stl
[0.157s] -- Up-to-date symlink: /home/param/nash_ws/install/nashbot/share/nashbot/description/link_armlast2.part
[0.157s] -- Up-to-date symlink: /home/param/nash_ws/install/nashbot/share/nashbot/description/link_armlast2.stl
[0.157s] -- Up-to-date symlink: /home/param/nash_ws/install/nashbot/share/nashbot/description/link_base.part
[0.157s] -- Up-to-date symlink: /home/param/nash_ws/install/nashbot/share/nashbot/description/link_base.stl
[0.157s] -- Symlinking: /home/param/nash_ws/install/nashbot/share/nashbot/description/link_cam_v2.1_v1.part
[0.162s] -- Symlinking: /home/param/nash_ws/install/nashbot/share/nashbot/description/link_cam_v2.1_v1.stl
[0.167s] -- Up-to-date symlink: /home/param/nash_ws/install/nashbot/share/nashbot/description/link_camera.part
[0.167s] -- Up-to-date symlink: /home/param/nash_ws/install/nashbot/share/nashbot/description/link_camera.stl
[0.167s] -- Up-to-date symlink: /home/param/nash_ws/install/nashbot/share/nashbot/description/link_camera_pole.part
[0.167s] -- Up-to-date symlink: /home/param/nash_ws/install/nashbot/share/nashbot/description/link_camera_pole.stl
[0.167s] -- Up-to-date symlink: /home/param/nash_ws/install/nashbot/share/nashbot/description/link_camera_servo1.part
[0.167s] -- Up-to-date symlink: /home/param/nash_ws/install/nashbot/share/nashbot/description/link_camera_servo1.stl
[0.167s] -- Up-to-date symlink: /home/param/nash_ws/install/nashbot/share/nashbot/description/link_camera_servo2.part
[0.168s] -- Up-to-date symlink: /home/param/nash_ws/install/nashbot/share/nashbot/description/link_camera_servo2.stl
[0.168s] -- Symlinking: /home/param/nash_ws/install/nashbot/share/nashbot/description/link_gripper.part
[0.172s] -- Symlinking: /home/param/nash_ws/install/nashbot/share/nashbot/description/link_gripper.stl
[0.177s] -- Up-to-date symlink: /home/param/nash_ws/install/nashbot/share/nashbot/description/link_lead_screw.part
[0.177s] -- Up-to-date symlink: /home/param/nash_ws/install/nashbot/share/nashbot/description/link_lead_screw.stl
[0.178s] -- Up-to-date symlink: /home/param/nash_ws/install/nashbot/share/nashbot/description/link_lidar.part
[0.178s] -- Up-to-date symlink: /home/param/nash_ws/install/nashbot/share/nashbot/description/link_lidar.stl
[0.178s] -- Up-to-date symlink: /home/param/nash_ws/install/nashbot/share/nashbot/description/link_lidar_base_mount.part
[0.178s] -- Up-to-date symlink: /home/param/nash_ws/install/nashbot/share/nashbot/description/link_lidar_base_mount.stl
[0.178s] -- Up-to-date symlink: /home/param/nash_ws/install/nashbot/share/nashbot/description/link_lidar_pole_mount.part
[0.178s] -- Up-to-date symlink: /home/param/nash_ws/install/nashbot/share/nashbot/description/link_lidar_pole_mount.stl
[0.178s] -- Symlinking: /home/param/nash_ws/install/nashbot/share/nashbot/description/link_motor_horn.part
[0.183s] -- Symlinking: /home/param/nash_ws/install/nashbot/share/nashbot/description/link_motor_horn.stl
[0.188s] -- Symlinking: /home/param/nash_ws/install/nashbot/share/nashbot/description/link_motor_shaft_worm.part
[0.193s] -- Symlinking: /home/param/nash_ws/install/nashbot/share/nashbot/description/link_motor_shaft_worm.stl
[0.198s] -- Symlinking: /home/param/nash_ws/install/nashbot/share/nashbot/description/link_pdb.part
[0.203s] -- Symlinking: /home/param/nash_ws/install/nashbot/share/nashbot/description/link_pdb.stl
[0.208s] -- Symlinking: /home/param/nash_ws/install/nashbot/share/nashbot/description/link_planetary_gear_motor.part
[0.213s] -- Symlinking: /home/param/nash_ws/install/nashbot/share/nashbot/description/link_planetary_gear_motor.stl
[0.218s] -- Symlinking: /home/param/nash_ws/install/nashbot/share/nashbot/description/link_servo_mg.part
[0.223s] -- Symlinking: /home/param/nash_ws/install/nashbot/share/nashbot/description/link_servo_mg.stl
[0.228s] -- Up-to-date symlink: /home/param/nash_ws/install/nashbot/share/nashbot/description/link_wheel.part
[0.228s] -- Up-to-date symlink: /home/param/nash_ws/install/nashbot/share/nashbot/description/link_wheel.stl
[0.228s] -- Up-to-date symlink: /home/param/nash_ws/install/nashbot/share/nashbot/description/link_wheels.part
[0.228s] -- Up-to-date symlink: /home/param/nash_ws/install/nashbot/share/nashbot/description/link_wheels.stl
[0.228s] -- Symlinking: /home/param/nash_ws/install/nashbot/share/nashbot/description/link_wormgearmotor.part
[0.233s] -- Symlinking: /home/param/nash_ws/install/nashbot/share/nashbot/description/link_wormgearmotor.stl
[0.239s] -- Up-to-date symlink: /home/param/nash_ws/install/nashbot/share/nashbot/description/link_wrist_base.part
[0.239s] -- Up-to-date symlink: /home/param/nash_ws/install/nashbot/share/nashbot/description/link_wrist_base.stl
[0.239s] -- Up-to-date symlink: /home/param/nash_ws/install/nashbot/share/nashbot/description/link_wrist_base_bearing.part
[0.239s] -- Up-to-date symlink: /home/param/nash_ws/install/nashbot/share/nashbot/description/link_wrist_base_bearing.stl
[0.239s] -- Up-to-date symlink: /home/param/nash_ws/install/nashbot/share/nashbot/description/link_wrist_end.part
[0.239s] -- Up-to-date symlink: /home/param/nash_ws/install/nashbot/share/nashbot/description/link_wrist_end.stl
[0.239s] -- Up-to-date symlink: /home/param/nash_ws/install/nashbot/share/nashbot/description/link_wrist_mid.part
[0.239s] -- Up-to-date symlink: /home/param/nash_ws/install/nashbot/share/nashbot/description/link_wrist_mid.stl
[0.239s] -- Up-to-date symlink: /home/param/nash_ws/install/nashbot/share/nashbot/description/robot.urdf
[0.240s] -- Up-to-date symlink: /home/param/nash_ws/install/nashbot/share/nashbot/description/robot/robot.usd
[0.240s] -- Up-to-date symlink: /home/param/nash_ws/install/nashbot/share/nashbot/description/t_2-2_mouting_plate.part
[0.240s] -- Up-to-date symlink: /home/param/nash_ws/install/nashbot/share/nashbot/description/t_2-2_mouting_plate.stl
[0.240s] -- Up-to-date symlink: /home/param/nash_ws/install/nashbot/share/nashbot/description/t_2-3_bracket.part
[0.240s] -- Up-to-date symlink: /home/param/nash_ws/install/nashbot/share/nashbot/description/t_2-3_bracket.stl
[0.240s] -- Up-to-date symlink: /home/param/nash_ws/install/nashbot/share/nashbot/description/t_2-4_wheel.part
[0.240s] -- Up-to-date symlink: /home/param/nash_ws/install/nashbot/share/nashbot/description/t_2-4_wheel.stl
[0.240s] -- Up-to-date symlink: /home/param/nash_ws/install/nashbot/share/nashbot/description/t_2-5_tire.part
[0.240s] -- Up-to-date symlink: /home/param/nash_ws/install/nashbot/share/nashbot/description/t_2-5_tire.stl
[0.240s] -- Up-to-date symlink: /home/param/nash_ws/install/nashbot/share/nashbot/description/t_2-6_pin.part
[0.240s] -- Up-to-date symlink: /home/param/nash_ws/install/nashbot/share/nashbot/description/t_2-6_pin.stl
[0.241s] -- Up-to-date symlink: /home/param/nash_ws/install/nashbot/share/nashbot/launch/l1.py
[0.241s] -- Up-to-date symlink: /home/param/nash_ws/install/nashbot/share/nashbot/launch/l2.py
[0.241s] -- Up-to-date symlink: /home/param/nash_ws/install/nashbot/share/ament_index/resource_index/package_run_dependencies/nashbot
[0.242s] -- Up-to-date symlink: /home/param/nash_ws/install/nashbot/share/ament_index/resource_index/parent_prefix_path/nashbot
[0.242s] -- Up-to-date symlink: /home/param/nash_ws/install/nashbot/share/nashbot/environment/ament_prefix_path.sh
[0.242s] -- Up-to-date symlink: /home/param/nash_ws/install/nashbot/share/nashbot/environment/ament_prefix_path.dsv
[0.242s] -- Up-to-date symlink: /home/param/nash_ws/install/nashbot/share/nashbot/environment/path.sh
[0.242s] -- Up-to-date symlink: /home/param/nash_ws/install/nashbot/share/nashbot/environment/path.dsv
[0.242s] -- Up-to-date symlink: /home/param/nash_ws/install/nashbot/share/nashbot/local_setup.bash
[0.242s] -- Up-to-date symlink: /home/param/nash_ws/install/nashbot/share/nashbot/local_setup.sh
[0.243s] -- Up-to-date symlink: /home/param/nash_ws/install/nashbot/share/nashbot/local_setup.zsh
[0.243s] -- Up-to-date symlink: /home/param/nash_ws/install/nashbot/share/nashbot/local_setup.dsv
[0.243s] -- Symlinking: /home/param/nash_ws/install/nashbot/share/nashbot/package.dsv
[0.248s] -- Up-to-date symlink: /home/param/nash_ws/install/nashbot/share/ament_index/resource_index/packages/nashbot
[0.248s] -- Up-to-date symlink: /home/param/nash_ws/install/nashbot/share/nashbot/cmake/nashbotConfig.cmake
[0.248s] -- Up-to-date symlink: /home/param/nash_ws/install/nashbot/share/nashbot/cmake/nashbotConfig-version.cmake
[0.248s] -- Up-to-date symlink: /home/param/nash_ws/install/nashbot/share/nashbot/package.xml
[0.250s] Invoked command in '/home/param/nash_ws/build/nashbot' returned '0': CMAKE_PREFIX_PATH=${CMAKE_PREFIX_PATH}:/home/param/ws_moveit2/install/moveit_configs_utils:/home/param/ws_moveit2/install/launch_param_builder:/opt/ros/humble /usr/bin/cmake --install /home/param/nash_ws/build/nashbot
