[0.113s] DEBUG:colcon:Command line arguments: ['/home/param/.local/bin/colcon', 'build']
[0.113s] DEBUG:colcon:Parsed command line arguments: Namespace(log_base=None, log_level=None, verb_name='build', build_base='build', install_base='install', merge_install=False, symlink_install=False, test_result_base=None, continue_on_error=False, executor='parallel', parallel_workers=32, event_handlers=None, ignore_user_meta=False, metas=['./colcon.meta'], base_paths=['.'], packages_ignore=None, packages_ignore_regex=None, paths=None, packages_up_to=None, packages_up_to_regex=None, packages_above=None, packages_above_and_dependencies=None, packages_above_depth=None, packages_select_by_dep=None, packages_skip_by_dep=None, packages_skip_up_to=None, packages_select_build_failed=False, packages_skip_build_finished=False, packages_select_test_failures=False, packages_skip_test_passed=False, packages_select=None, packages_skip=None, packages_select_regex=None, packages_skip_regex=None, packages_start=None, packages_end=None, allow_overriding=[], cmake_args=None, cmake_target=None, cmake_target_skip_unavailable=False, cmake_clean_cache=False, cmake_clean_first=False, cmake_force_configure=False, ament_cmake_args=None, catkin_cmake_args=None, catkin_skip_building_tests=False, mixin_files=None, mixin=None, verb_parser=<colcon_mixin.mixin.mixin_argument.MixinArgumentDecorator object at 0x71d55f321b10>, verb_extension=<colcon_core.verb.build.BuildVerb object at 0x71d55f4122f0>, main=<bound method BuildVerb.main of <colcon_core.verb.build.BuildVerb object at 0x71d55f4122f0>>, mixin_verb=('build',))
[0.231s] Level 1:colcon.colcon_core.package_discovery:discover_packages(colcon_meta) check parameters
[0.231s] Level 1:colcon.colcon_core.package_discovery:discover_packages(recursive) check parameters
[0.231s] Level 1:colcon.colcon_core.package_discovery:discover_packages(ignore) check parameters
[0.231s] Level 1:colcon.colcon_core.package_discovery:discover_packages(path) check parameters
[0.231s] Level 1:colcon.colcon_core.package_discovery:discover_packages(colcon_meta) discover
[0.231s] Level 1:colcon.colcon_core.package_discovery:discover_packages(recursive) discover
[0.231s] INFO:colcon.colcon_core.package_discovery:Crawling recursively for packages in '/home/param/nash_ws'
[0.231s] Level 1:colcon.colcon_core.package_identification:_identify(.) by extensions ['ignore', 'ignore_ament_install']
[0.231s] Level 1:colcon.colcon_core.package_identification:_identify(.) by extension 'ignore'
[0.231s] Level 1:colcon.colcon_core.package_identification:_identify(.) by extension 'ignore_ament_install'
[0.231s] Level 1:colcon.colcon_core.package_identification:_identify(.) by extensions ['colcon_pkg']
[0.231s] Level 1:colcon.colcon_core.package_identification:_identify(.) by extension 'colcon_pkg'
[0.231s] Level 1:colcon.colcon_core.package_identification:_identify(.) by extensions ['colcon_meta']
[0.231s] Level 1:colcon.colcon_core.package_identification:_identify(.) by extension 'colcon_meta'
[0.231s] Level 1:colcon.colcon_core.package_identification:_identify(.) by extensions ['ros']
[0.231s] Level 1:colcon.colcon_core.package_identification:_identify(.) by extension 'ros'
[0.240s] Level 1:colcon.colcon_core.package_identification:_identify(.) by extensions ['cmake', 'python']
[0.240s] Level 1:colcon.colcon_core.package_identification:_identify(.) by extension 'cmake'
[0.240s] Level 1:colcon.colcon_core.package_identification:_identify(.) by extension 'python'
[0.240s] Level 1:colcon.colcon_core.package_identification:_identify(.) by extensions ['python_setup_py']
[0.240s] Level 1:colcon.colcon_core.package_identification:_identify(.) by extension 'python_setup_py'
[0.240s] Level 1:colcon.colcon_core.package_identification:_identify(build) by extensions ['ignore', 'ignore_ament_install']
[0.240s] Level 1:colcon.colcon_core.package_identification:_identify(build) by extension 'ignore'
[0.240s] Level 1:colcon.colcon_core.package_identification:_identify(build) ignored
[0.240s] Level 1:colcon.colcon_core.package_identification:_identify(install) by extensions ['ignore', 'ignore_ament_install']
[0.240s] Level 1:colcon.colcon_core.package_identification:_identify(install) by extension 'ignore'
[0.240s] Level 1:colcon.colcon_core.package_identification:_identify(install) ignored
[0.240s] Level 1:colcon.colcon_core.package_identification:_identify(log) by extensions ['ignore', 'ignore_ament_install']
[0.240s] Level 1:colcon.colcon_core.package_identification:_identify(log) by extension 'ignore'
[0.240s] Level 1:colcon.colcon_core.package_identification:_identify(log) ignored
[0.240s] Level 1:colcon.colcon_core.package_identification:_identify(src) by extensions ['ignore', 'ignore_ament_install']
[0.240s] Level 1:colcon.colcon_core.package_identification:_identify(src) by extension 'ignore'
[0.241s] Level 1:colcon.colcon_core.package_identification:_identify(src) by extension 'ignore_ament_install'
[0.241s] Level 1:colcon.colcon_core.package_identification:_identify(src) by extensions ['colcon_pkg']
[0.241s] Level 1:colcon.colcon_core.package_identification:_identify(src) by extension 'colcon_pkg'
[0.241s] Level 1:colcon.colcon_core.package_identification:_identify(src) by extensions ['colcon_meta']
[0.241s] Level 1:colcon.colcon_core.package_identification:_identify(src) by extension 'colcon_meta'
[0.241s] Level 1:colcon.colcon_core.package_identification:_identify(src) by extensions ['ros']
[0.241s] Level 1:colcon.colcon_core.package_identification:_identify(src) by extension 'ros'
[0.241s] Level 1:colcon.colcon_core.package_identification:_identify(src) by extensions ['cmake', 'python']
[0.241s] Level 1:colcon.colcon_core.package_identification:_identify(src) by extension 'cmake'
[0.241s] Level 1:colcon.colcon_core.package_identification:_identify(src) by extension 'python'
[0.241s] Level 1:colcon.colcon_core.package_identification:_identify(src) by extensions ['python_setup_py']
[0.241s] Level 1:colcon.colcon_core.package_identification:_identify(src) by extension 'python_setup_py'
[0.241s] Level 1:colcon.colcon_core.package_identification:_identify(src/nashbot) by extensions ['ignore', 'ignore_ament_install']
[0.241s] Level 1:colcon.colcon_core.package_identification:_identify(src/nashbot) by extension 'ignore'
[0.241s] Level 1:colcon.colcon_core.package_identification:_identify(src/nashbot) by extension 'ignore_ament_install'
[0.241s] Level 1:colcon.colcon_core.package_identification:_identify(src/nashbot) by extensions ['colcon_pkg']
[0.241s] Level 1:colcon.colcon_core.package_identification:_identify(src/nashbot) by extension 'colcon_pkg'
[0.241s] Level 1:colcon.colcon_core.package_identification:_identify(src/nashbot) by extensions ['colcon_meta']
[0.241s] Level 1:colcon.colcon_core.package_identification:_identify(src/nashbot) by extension 'colcon_meta'
[0.241s] Level 1:colcon.colcon_core.package_identification:_identify(src/nashbot) by extensions ['ros']
[0.241s] Level 1:colcon.colcon_core.package_identification:_identify(src/nashbot) by extension 'ros'
[0.243s] DEBUG:colcon.colcon_core.package_identification:Package 'src/nashbot' with type 'ros.ament_cmake' and name 'nashbot'
[0.243s] Level 1:colcon.colcon_core.package_identification:_identify(src/nashbot_moveit_config) by extensions ['ignore', 'ignore_ament_install']
[0.243s] Level 1:colcon.colcon_core.package_identification:_identify(src/nashbot_moveit_config) by extension 'ignore'
[0.243s] Level 1:colcon.colcon_core.package_identification:_identify(src/nashbot_moveit_config) by extension 'ignore_ament_install'
[0.243s] Level 1:colcon.colcon_core.package_identification:_identify(src/nashbot_moveit_config) by extensions ['colcon_pkg']
[0.243s] Level 1:colcon.colcon_core.package_identification:_identify(src/nashbot_moveit_config) by extension 'colcon_pkg'
[0.243s] Level 1:colcon.colcon_core.package_identification:_identify(src/nashbot_moveit_config) by extensions ['colcon_meta']
[0.243s] Level 1:colcon.colcon_core.package_identification:_identify(src/nashbot_moveit_config) by extension 'colcon_meta'
[0.243s] Level 1:colcon.colcon_core.package_identification:_identify(src/nashbot_moveit_config) by extensions ['ros']
[0.243s] Level 1:colcon.colcon_core.package_identification:_identify(src/nashbot_moveit_config) by extension 'ros'
[0.244s] DEBUG:colcon.colcon_core.package_identification:Package 'src/nashbot_moveit_config' with type 'ros.ament_cmake' and name 'nashbot_moveit_config'
[0.244s] Level 1:colcon.colcon_core.package_discovery:discover_packages(recursive) using defaults
[0.244s] Level 1:colcon.colcon_core.package_discovery:discover_packages(ignore) discover
[0.244s] Level 1:colcon.colcon_core.package_discovery:discover_packages(ignore) using defaults
[0.244s] Level 1:colcon.colcon_core.package_discovery:discover_packages(path) discover
[0.244s] Level 1:colcon.colcon_core.package_discovery:discover_packages(path) using defaults
[0.266s] Level 1:colcon.colcon_core.package_discovery:discover_packages(prefix_path) check parameters
[0.266s] Level 1:colcon.colcon_core.package_discovery:discover_packages(prefix_path) discover
[0.268s] DEBUG:colcon.colcon_installed_package_information.package_discovery:Found 2 installed packages in /home/param/nash_ws/install
[0.269s] DEBUG:colcon.colcon_installed_package_information.package_discovery:Found 55 installed packages in /home/param/ws_moveit2/install
[0.270s] DEBUG:colcon.colcon_installed_package_information.package_discovery:Found 313 installed packages in /opt/ros/humble
[0.271s] Level 1:colcon.colcon_core.package_discovery:discover_packages(prefix_path) using defaults
[0.308s] Level 5:colcon.colcon_core.verb:set package 'nashbot' build argument 'cmake_args' from command line to 'None'
[0.309s] Level 5:colcon.colcon_core.verb:set package 'nashbot' build argument 'cmake_target' from command line to 'None'
[0.309s] Level 5:colcon.colcon_core.verb:set package 'nashbot' build argument 'cmake_target_skip_unavailable' from command line to 'False'
[0.309s] Level 5:colcon.colcon_core.verb:set package 'nashbot' build argument 'cmake_clean_cache' from command line to 'False'
[0.309s] Level 5:colcon.colcon_core.verb:set package 'nashbot' build argument 'cmake_clean_first' from command line to 'False'
[0.309s] Level 5:colcon.colcon_core.verb:set package 'nashbot' build argument 'cmake_force_configure' from command line to 'False'
[0.309s] Level 5:colcon.colcon_core.verb:set package 'nashbot' build argument 'ament_cmake_args' from command line to 'None'
[0.309s] Level 5:colcon.colcon_core.verb:set package 'nashbot' build argument 'catkin_cmake_args' from command line to 'None'
[0.309s] Level 5:colcon.colcon_core.verb:set package 'nashbot' build argument 'catkin_skip_building_tests' from command line to 'False'
[0.309s] DEBUG:colcon.colcon_core.verb:Building package 'nashbot' with the following arguments: {'ament_cmake_args': None, 'build_base': '/home/param/nash_ws/build/nashbot', 'catkin_cmake_args': None, 'catkin_skip_building_tests': False, 'cmake_args': None, 'cmake_clean_cache': False, 'cmake_clean_first': False, 'cmake_force_configure': False, 'cmake_target': None, 'cmake_target_skip_unavailable': False, 'install_base': '/home/param/nash_ws/install/nashbot', 'merge_install': False, 'path': '/home/param/nash_ws/src/nashbot', 'symlink_install': False, 'test_result_base': None}
[0.309s] Level 5:colcon.colcon_core.verb:set package 'nashbot_moveit_config' build argument 'cmake_args' from command line to 'None'
[0.309s] Level 5:colcon.colcon_core.verb:set package 'nashbot_moveit_config' build argument 'cmake_target' from command line to 'None'
[0.309s] Level 5:colcon.colcon_core.verb:set package 'nashbot_moveit_config' build argument 'cmake_target_skip_unavailable' from command line to 'False'
[0.309s] Level 5:colcon.colcon_core.verb:set package 'nashbot_moveit_config' build argument 'cmake_clean_cache' from command line to 'False'
[0.309s] Level 5:colcon.colcon_core.verb:set package 'nashbot_moveit_config' build argument 'cmake_clean_first' from command line to 'False'
[0.309s] Level 5:colcon.colcon_core.verb:set package 'nashbot_moveit_config' build argument 'cmake_force_configure' from command line to 'False'
[0.309s] Level 5:colcon.colcon_core.verb:set package 'nashbot_moveit_config' build argument 'ament_cmake_args' from command line to 'None'
[0.309s] Level 5:colcon.colcon_core.verb:set package 'nashbot_moveit_config' build argument 'catkin_cmake_args' from command line to 'None'
[0.309s] Level 5:colcon.colcon_core.verb:set package 'nashbot_moveit_config' build argument 'catkin_skip_building_tests' from command line to 'False'
[0.309s] DEBUG:colcon.colcon_core.verb:Building package 'nashbot_moveit_config' with the following arguments: {'ament_cmake_args': None, 'build_base': '/home/param/nash_ws/build/nashbot_moveit_config', 'catkin_cmake_args': None, 'catkin_skip_building_tests': False, 'cmake_args': None, 'cmake_clean_cache': False, 'cmake_clean_first': False, 'cmake_force_configure': False, 'cmake_target': None, 'cmake_target_skip_unavailable': False, 'install_base': '/home/param/nash_ws/install/nashbot_moveit_config', 'merge_install': False, 'path': '/home/param/nash_ws/src/nashbot_moveit_config', 'symlink_install': False, 'test_result_base': None}
[0.309s] INFO:colcon.colcon_core.executor:Executing jobs using 'parallel' executor
[0.310s] DEBUG:colcon.colcon_parallel_executor.executor.parallel:run_until_complete
[0.310s] INFO:colcon.colcon_ros.task.ament_cmake.build:Building ROS package in '/home/param/nash_ws/src/nashbot' with build type 'ament_cmake'
[0.310s] INFO:colcon.colcon_cmake.task.cmake.build:Building CMake package in '/home/param/nash_ws/src/nashbot'
[0.312s] INFO:colcon.colcon_core.plugin_system:Skipping extension 'colcon_core.shell.bat': Not used on non-Windows systems
[0.312s] INFO:colcon.colcon_core.shell:Skip shell extension 'powershell' for command environment: Not usable outside of PowerShell
[0.312s] DEBUG:colcon.colcon_core.shell:Skip shell extension 'dsv' for command environment
[0.323s] DEBUG:colcon.colcon_core.event_handler.log_command:Invoking command in '/home/param/nash_ws/build/nashbot': CMAKE_PREFIX_PATH=${CMAKE_PREFIX_PATH}:/home/param/ws_moveit2/install/moveit_configs_utils:/home/param/ws_moveit2/install/launch_param_builder:/opt/ros/humble /usr/bin/cmake --build /home/param/nash_ws/build/nashbot -- -j32 -l32
[0.361s] DEBUG:colcon.colcon_core.event_handler.log_command:Invoked command in '/home/param/nash_ws/build/nashbot' returned '0': CMAKE_PREFIX_PATH=${CMAKE_PREFIX_PATH}:/home/param/ws_moveit2/install/moveit_configs_utils:/home/param/ws_moveit2/install/launch_param_builder:/opt/ros/humble /usr/bin/cmake --build /home/param/nash_ws/build/nashbot -- -j32 -l32
[0.399s] DEBUG:colcon.colcon_core.event_handler.log_command:Invoking command in '/home/param/nash_ws/build/nashbot': CMAKE_PREFIX_PATH=${CMAKE_PREFIX_PATH}:/home/param/ws_moveit2/install/moveit_configs_utils:/home/param/ws_moveit2/install/launch_param_builder:/opt/ros/humble /usr/bin/cmake --install /home/param/nash_ws/build/nashbot
[0.425s] Level 1:colcon.colcon_core.environment:create_environment_scripts_only(nashbot)
[0.426s] DEBUG:colcon.colcon_core.event_handler.log_command:Invoked command in '/home/param/nash_ws/build/nashbot' returned '0': CMAKE_PREFIX_PATH=${CMAKE_PREFIX_PATH}:/home/param/ws_moveit2/install/moveit_configs_utils:/home/param/ws_moveit2/install/launch_param_builder:/opt/ros/humble /usr/bin/cmake --install /home/param/nash_ws/build/nashbot
[0.429s] Level 1:colcon.colcon_core.environment:checking '/home/param/nash_ws/install/nashbot' for CMake module files
[0.430s] Level 1:colcon.colcon_core.environment:checking '/home/param/nash_ws/install/nashbot' for CMake config files
[0.430s] Level 1:colcon.colcon_core.shell:create_environment_hook('nashbot', 'cmake_prefix_path')
[0.430s] INFO:colcon.colcon_core.shell:Creating environment hook '/home/param/nash_ws/install/nashbot/share/nashbot/hook/cmake_prefix_path.ps1'
[0.431s] INFO:colcon.colcon_core.shell:Creating environment descriptor '/home/param/nash_ws/install/nashbot/share/nashbot/hook/cmake_prefix_path.dsv'
[0.431s] INFO:colcon.colcon_core.shell:Creating environment hook '/home/param/nash_ws/install/nashbot/share/nashbot/hook/cmake_prefix_path.sh'
[0.432s] Level 1:colcon.colcon_core.environment:checking '/home/param/nash_ws/install/nashbot/bin'
[0.432s] Level 1:colcon.colcon_core.environment:checking '/home/param/nash_ws/install/nashbot/lib/pkgconfig/nashbot.pc'
[0.432s] Level 1:colcon.colcon_core.environment:checking '/home/param/nash_ws/install/nashbot/lib/python3.10/site-packages'
[0.432s] Level 1:colcon.colcon_core.environment:checking '/home/param/nash_ws/install/nashbot/bin'
[0.432s] INFO:colcon.colcon_core.shell:Creating package script '/home/param/nash_ws/install/nashbot/share/nashbot/package.ps1'
[0.433s] INFO:colcon.colcon_core.shell:Creating package descriptor '/home/param/nash_ws/install/nashbot/share/nashbot/package.dsv'
[0.433s] INFO:colcon.colcon_core.shell:Creating package script '/home/param/nash_ws/install/nashbot/share/nashbot/package.sh'
[0.433s] INFO:colcon.colcon_core.shell:Creating package script '/home/param/nash_ws/install/nashbot/share/nashbot/package.bash'
[0.434s] INFO:colcon.colcon_core.shell:Creating package script '/home/param/nash_ws/install/nashbot/share/nashbot/package.zsh'
[0.434s] Level 1:colcon.colcon_core.environment:create_file_with_runtime_dependencies(/home/param/nash_ws/install/nashbot/share/colcon-core/packages/nashbot)
[0.460s] Level 1:colcon.colcon_core.environment:create_environment_scripts_only(nashbot)
[0.460s] Level 1:colcon.colcon_core.environment:checking '/home/param/nash_ws/install/nashbot' for CMake module files
[0.460s] Level 1:colcon.colcon_core.environment:checking '/home/param/nash_ws/install/nashbot' for CMake config files
[0.461s] Level 1:colcon.colcon_core.shell:create_environment_hook('nashbot', 'cmake_prefix_path')
[0.461s] INFO:colcon.colcon_core.shell:Creating environment hook '/home/param/nash_ws/install/nashbot/share/nashbot/hook/cmake_prefix_path.ps1'
[0.461s] INFO:colcon.colcon_core.shell:Creating environment descriptor '/home/param/nash_ws/install/nashbot/share/nashbot/hook/cmake_prefix_path.dsv'
[0.461s] INFO:colcon.colcon_core.shell:Creating environment hook '/home/param/nash_ws/install/nashbot/share/nashbot/hook/cmake_prefix_path.sh'
[0.462s] Level 1:colcon.colcon_core.environment:checking '/home/param/nash_ws/install/nashbot/bin'
[0.462s] Level 1:colcon.colcon_core.environment:checking '/home/param/nash_ws/install/nashbot/lib/pkgconfig/nashbot.pc'
[0.462s] Level 1:colcon.colcon_core.environment:checking '/home/param/nash_ws/install/nashbot/lib/python3.10/site-packages'
[0.463s] Level 1:colcon.colcon_core.environment:checking '/home/param/nash_ws/install/nashbot/bin'
[0.463s] INFO:colcon.colcon_core.shell:Creating package script '/home/param/nash_ws/install/nashbot/share/nashbot/package.ps1'
[0.463s] INFO:colcon.colcon_core.shell:Creating package descriptor '/home/param/nash_ws/install/nashbot/share/nashbot/package.dsv'
[0.464s] INFO:colcon.colcon_core.shell:Creating package script '/home/param/nash_ws/install/nashbot/share/nashbot/package.sh'
[0.464s] INFO:colcon.colcon_core.shell:Creating package script '/home/param/nash_ws/install/nashbot/share/nashbot/package.bash'
[0.464s] INFO:colcon.colcon_core.shell:Creating package script '/home/param/nash_ws/install/nashbot/share/nashbot/package.zsh'
[0.465s] Level 1:colcon.colcon_core.environment:create_file_with_runtime_dependencies(/home/param/nash_ws/install/nashbot/share/colcon-core/packages/nashbot)
[0.465s] INFO:colcon.colcon_ros.task.ament_cmake.build:Building ROS package in '/home/param/nash_ws/src/nashbot_moveit_config' with build type 'ament_cmake'
[0.465s] INFO:colcon.colcon_cmake.task.cmake.build:Building CMake package in '/home/param/nash_ws/src/nashbot_moveit_config'
[0.465s] INFO:colcon.colcon_core.shell:Skip shell extension 'powershell' for command environment: Not usable outside of PowerShell
[0.465s] DEBUG:colcon.colcon_core.shell:Skip shell extension 'dsv' for command environment
[0.477s] DEBUG:colcon.colcon_core.event_handler.log_command:Invoking command in '/home/param/nash_ws/build/nashbot_moveit_config': CMAKE_PREFIX_PATH=/home/param/nash_ws/install/nashbot:/home/param/nash_ws/install/nashbot_moveit_config:/home/param/ws_moveit2/install/pilz_industrial_motion_planner_testutils:/home/param/ws_moveit2/install/moveit_runtime:/home/param/ws_moveit2/install/moveit2_tutorials:/home/param/ws_moveit2/install/moveit:/home/param/ws_moveit2/install/moveit_planners:/home/param/ws_moveit2/install/pilz_industrial_motion_planner:/home/param/ws_moveit2/install/moveit_visual_tools:/home/param/ws_moveit2/install/moveit_task_constructor_visualization:/home/param/ws_moveit2/install/moveit_task_constructor_demo:/home/param/ws_moveit2/install/moveit_task_constructor_capabilities:/home/param/ws_moveit2/install/moveit_task_constructor_core:/home/param/ws_moveit2/install/moveit_ros_control_interface:/home/param/ws_moveit2/install/moveit_plugins:/home/param/ws_moveit2/install/moveit_simple_controller_manager:/home/param/ws_moveit2/install/moveit_setup_assistant:/home/param/ws_moveit2/install/moveit_setup_srdf_plugins:/home/param/ws_moveit2/install/moveit_setup_core_plugins:/home/param/ws_moveit2/install/moveit_setup_controllers:/home/param/ws_moveit2/install/moveit_setup_app_plugins:/home/param/ws_moveit2/install/moveit_setup_framework:/home/param/ws_moveit2/install/moveit_servo:/home/param/ws_moveit2/install/moveit_ros:/home/param/ws_moveit2/install/moveit_ros_visualization:/home/param/ws_moveit2/install/moveit_hybrid_planning:/home/param/ws_moveit2/install/moveit_ros_planning_interface:/home/param/ws_moveit2/install/moveit_ros_benchmarks:/home/param/ws_moveit2/install/moveit_ros_warehouse:/home/param/ws_moveit2/install/moveit_ros_robot_interaction:/home/param/ws_moveit2/install/moveit_ros_perception:/home/param/ws_moveit2/install/moveit_resources_prbt_pg70_support:/home/param/ws_moveit2/install/moveit_resources_prbt_moveit_config:/home/param/ws_moveit2/install/moveit_ros_move_group:/home/param/ws_moveit2/install/moveit_planners_ompl:/home/param/ws_moveit2/install/moveit_ros_planning:/home/param/ws_moveit2/install/moveit_ros_occupancy_map_monitor:/home/param/ws_moveit2/install/moveit_resources_prbt_ikfast_manipulator_plugin:/home/param/ws_moveit2/install/moveit_planners_chomp:/home/param/ws_moveit2/install/moveit_kinematics:/home/param/ws_moveit2/install/moveit_chomp_optimizer_adapter:/home/param/ws_moveit2/install/chomp_motion_planner:/home/param/ws_moveit2/install/moveit_core:/home/param/ws_moveit2/install/srdfdom:/home/param/ws_moveit2/install/rviz_marker_tools:/home/param/ws_moveit2/install/rosparam_shortcuts:/home/param/ws_moveit2/install/moveit_task_constructor_msgs:/home/param/ws_moveit2/install/moveit_resources_prbt_support:/home/param/ws_moveit2/install/moveit_resources:/home/param/ws_moveit2/install/moveit_resources_pr2_description:/home/param/ws_moveit2/install/moveit_resources_panda_moveit_config:/home/param/ws_moveit2/install/moveit_resources_panda_description:/home/param/ws_moveit2/install/moveit_resources_fanuc_moveit_config:/home/param/ws_moveit2/install/moveit_resources_fanuc_description:/home/param/ws_moveit2/install/moveit_common:/home/param/ws_moveit2/install/moveit_configs_utils:/home/param/ws_moveit2/install/launch_param_builder:/opt/ros/humble /usr/bin/cmake --build /home/param/nash_ws/build/nashbot_moveit_config -- -j32 -l32
[0.515s] DEBUG:colcon.colcon_core.event_handler.log_command:Invoked command in '/home/param/nash_ws/build/nashbot_moveit_config' returned '0': CMAKE_PREFIX_PATH=/home/param/nash_ws/install/nashbot:/home/param/nash_ws/install/nashbot_moveit_config:/home/param/ws_moveit2/install/pilz_industrial_motion_planner_testutils:/home/param/ws_moveit2/install/moveit_runtime:/home/param/ws_moveit2/install/moveit2_tutorials:/home/param/ws_moveit2/install/moveit:/home/param/ws_moveit2/install/moveit_planners:/home/param/ws_moveit2/install/pilz_industrial_motion_planner:/home/param/ws_moveit2/install/moveit_visual_tools:/home/param/ws_moveit2/install/moveit_task_constructor_visualization:/home/param/ws_moveit2/install/moveit_task_constructor_demo:/home/param/ws_moveit2/install/moveit_task_constructor_capabilities:/home/param/ws_moveit2/install/moveit_task_constructor_core:/home/param/ws_moveit2/install/moveit_ros_control_interface:/home/param/ws_moveit2/install/moveit_plugins:/home/param/ws_moveit2/install/moveit_simple_controller_manager:/home/param/ws_moveit2/install/moveit_setup_assistant:/home/param/ws_moveit2/install/moveit_setup_srdf_plugins:/home/param/ws_moveit2/install/moveit_setup_core_plugins:/home/param/ws_moveit2/install/moveit_setup_controllers:/home/param/ws_moveit2/install/moveit_setup_app_plugins:/home/param/ws_moveit2/install/moveit_setup_framework:/home/param/ws_moveit2/install/moveit_servo:/home/param/ws_moveit2/install/moveit_ros:/home/param/ws_moveit2/install/moveit_ros_visualization:/home/param/ws_moveit2/install/moveit_hybrid_planning:/home/param/ws_moveit2/install/moveit_ros_planning_interface:/home/param/ws_moveit2/install/moveit_ros_benchmarks:/home/param/ws_moveit2/install/moveit_ros_warehouse:/home/param/ws_moveit2/install/moveit_ros_robot_interaction:/home/param/ws_moveit2/install/moveit_ros_perception:/home/param/ws_moveit2/install/moveit_resources_prbt_pg70_support:/home/param/ws_moveit2/install/moveit_resources_prbt_moveit_config:/home/param/ws_moveit2/install/moveit_ros_move_group:/home/param/ws_moveit2/install/moveit_planners_ompl:/home/param/ws_moveit2/install/moveit_ros_planning:/home/param/ws_moveit2/install/moveit_ros_occupancy_map_monitor:/home/param/ws_moveit2/install/moveit_resources_prbt_ikfast_manipulator_plugin:/home/param/ws_moveit2/install/moveit_planners_chomp:/home/param/ws_moveit2/install/moveit_kinematics:/home/param/ws_moveit2/install/moveit_chomp_optimizer_adapter:/home/param/ws_moveit2/install/chomp_motion_planner:/home/param/ws_moveit2/install/moveit_core:/home/param/ws_moveit2/install/srdfdom:/home/param/ws_moveit2/install/rviz_marker_tools:/home/param/ws_moveit2/install/rosparam_shortcuts:/home/param/ws_moveit2/install/moveit_task_constructor_msgs:/home/param/ws_moveit2/install/moveit_resources_prbt_support:/home/param/ws_moveit2/install/moveit_resources:/home/param/ws_moveit2/install/moveit_resources_pr2_description:/home/param/ws_moveit2/install/moveit_resources_panda_moveit_config:/home/param/ws_moveit2/install/moveit_resources_panda_description:/home/param/ws_moveit2/install/moveit_resources_fanuc_moveit_config:/home/param/ws_moveit2/install/moveit_resources_fanuc_description:/home/param/ws_moveit2/install/moveit_common:/home/param/ws_moveit2/install/moveit_configs_utils:/home/param/ws_moveit2/install/launch_param_builder:/opt/ros/humble /usr/bin/cmake --build /home/param/nash_ws/build/nashbot_moveit_config -- -j32 -l32
[0.542s] DEBUG:colcon.colcon_core.event_handler.log_command:Invoking command in '/home/param/nash_ws/build/nashbot_moveit_config': CMAKE_PREFIX_PATH=/home/param/nash_ws/install/nashbot:/home/param/nash_ws/install/nashbot_moveit_config:/home/param/ws_moveit2/install/pilz_industrial_motion_planner_testutils:/home/param/ws_moveit2/install/moveit_runtime:/home/param/ws_moveit2/install/moveit2_tutorials:/home/param/ws_moveit2/install/moveit:/home/param/ws_moveit2/install/moveit_planners:/home/param/ws_moveit2/install/pilz_industrial_motion_planner:/home/param/ws_moveit2/install/moveit_visual_tools:/home/param/ws_moveit2/install/moveit_task_constructor_visualization:/home/param/ws_moveit2/install/moveit_task_constructor_demo:/home/param/ws_moveit2/install/moveit_task_constructor_capabilities:/home/param/ws_moveit2/install/moveit_task_constructor_core:/home/param/ws_moveit2/install/moveit_ros_control_interface:/home/param/ws_moveit2/install/moveit_plugins:/home/param/ws_moveit2/install/moveit_simple_controller_manager:/home/param/ws_moveit2/install/moveit_setup_assistant:/home/param/ws_moveit2/install/moveit_setup_srdf_plugins:/home/param/ws_moveit2/install/moveit_setup_core_plugins:/home/param/ws_moveit2/install/moveit_setup_controllers:/home/param/ws_moveit2/install/moveit_setup_app_plugins:/home/param/ws_moveit2/install/moveit_setup_framework:/home/param/ws_moveit2/install/moveit_servo:/home/param/ws_moveit2/install/moveit_ros:/home/param/ws_moveit2/install/moveit_ros_visualization:/home/param/ws_moveit2/install/moveit_hybrid_planning:/home/param/ws_moveit2/install/moveit_ros_planning_interface:/home/param/ws_moveit2/install/moveit_ros_benchmarks:/home/param/ws_moveit2/install/moveit_ros_warehouse:/home/param/ws_moveit2/install/moveit_ros_robot_interaction:/home/param/ws_moveit2/install/moveit_ros_perception:/home/param/ws_moveit2/install/moveit_resources_prbt_pg70_support:/home/param/ws_moveit2/install/moveit_resources_prbt_moveit_config:/home/param/ws_moveit2/install/moveit_ros_move_group:/home/param/ws_moveit2/install/moveit_planners_ompl:/home/param/ws_moveit2/install/moveit_ros_planning:/home/param/ws_moveit2/install/moveit_ros_occupancy_map_monitor:/home/param/ws_moveit2/install/moveit_resources_prbt_ikfast_manipulator_plugin:/home/param/ws_moveit2/install/moveit_planners_chomp:/home/param/ws_moveit2/install/moveit_kinematics:/home/param/ws_moveit2/install/moveit_chomp_optimizer_adapter:/home/param/ws_moveit2/install/chomp_motion_planner:/home/param/ws_moveit2/install/moveit_core:/home/param/ws_moveit2/install/srdfdom:/home/param/ws_moveit2/install/rviz_marker_tools:/home/param/ws_moveit2/install/rosparam_shortcuts:/home/param/ws_moveit2/install/moveit_task_constructor_msgs:/home/param/ws_moveit2/install/moveit_resources_prbt_support:/home/param/ws_moveit2/install/moveit_resources:/home/param/ws_moveit2/install/moveit_resources_pr2_description:/home/param/ws_moveit2/install/moveit_resources_panda_moveit_config:/home/param/ws_moveit2/install/moveit_resources_panda_description:/home/param/ws_moveit2/install/moveit_resources_fanuc_moveit_config:/home/param/ws_moveit2/install/moveit_resources_fanuc_description:/home/param/ws_moveit2/install/moveit_common:/home/param/ws_moveit2/install/moveit_configs_utils:/home/param/ws_moveit2/install/launch_param_builder:/opt/ros/humble /usr/bin/cmake --install /home/param/nash_ws/build/nashbot_moveit_config
[0.552s] Level 1:colcon.colcon_core.environment:create_environment_scripts_only(nashbot_moveit_config)
[0.553s] Level 1:colcon.colcon_core.environment:checking '/home/param/nash_ws/install/nashbot_moveit_config' for CMake module files
[0.553s] DEBUG:colcon.colcon_core.event_handler.log_command:Invoked command in '/home/param/nash_ws/build/nashbot_moveit_config' returned '0': CMAKE_PREFIX_PATH=/home/param/nash_ws/install/nashbot:/home/param/nash_ws/install/nashbot_moveit_config:/home/param/ws_moveit2/install/pilz_industrial_motion_planner_testutils:/home/param/ws_moveit2/install/moveit_runtime:/home/param/ws_moveit2/install/moveit2_tutorials:/home/param/ws_moveit2/install/moveit:/home/param/ws_moveit2/install/moveit_planners:/home/param/ws_moveit2/install/pilz_industrial_motion_planner:/home/param/ws_moveit2/install/moveit_visual_tools:/home/param/ws_moveit2/install/moveit_task_constructor_visualization:/home/param/ws_moveit2/install/moveit_task_constructor_demo:/home/param/ws_moveit2/install/moveit_task_constructor_capabilities:/home/param/ws_moveit2/install/moveit_task_constructor_core:/home/param/ws_moveit2/install/moveit_ros_control_interface:/home/param/ws_moveit2/install/moveit_plugins:/home/param/ws_moveit2/install/moveit_simple_controller_manager:/home/param/ws_moveit2/install/moveit_setup_assistant:/home/param/ws_moveit2/install/moveit_setup_srdf_plugins:/home/param/ws_moveit2/install/moveit_setup_core_plugins:/home/param/ws_moveit2/install/moveit_setup_controllers:/home/param/ws_moveit2/install/moveit_setup_app_plugins:/home/param/ws_moveit2/install/moveit_setup_framework:/home/param/ws_moveit2/install/moveit_servo:/home/param/ws_moveit2/install/moveit_ros:/home/param/ws_moveit2/install/moveit_ros_visualization:/home/param/ws_moveit2/install/moveit_hybrid_planning:/home/param/ws_moveit2/install/moveit_ros_planning_interface:/home/param/ws_moveit2/install/moveit_ros_benchmarks:/home/param/ws_moveit2/install/moveit_ros_warehouse:/home/param/ws_moveit2/install/moveit_ros_robot_interaction:/home/param/ws_moveit2/install/moveit_ros_perception:/home/param/ws_moveit2/install/moveit_resources_prbt_pg70_support:/home/param/ws_moveit2/install/moveit_resources_prbt_moveit_config:/home/param/ws_moveit2/install/moveit_ros_move_group:/home/param/ws_moveit2/install/moveit_planners_ompl:/home/param/ws_moveit2/install/moveit_ros_planning:/home/param/ws_moveit2/install/moveit_ros_occupancy_map_monitor:/home/param/ws_moveit2/install/moveit_resources_prbt_ikfast_manipulator_plugin:/home/param/ws_moveit2/install/moveit_planners_chomp:/home/param/ws_moveit2/install/moveit_kinematics:/home/param/ws_moveit2/install/moveit_chomp_optimizer_adapter:/home/param/ws_moveit2/install/chomp_motion_planner:/home/param/ws_moveit2/install/moveit_core:/home/param/ws_moveit2/install/srdfdom:/home/param/ws_moveit2/install/rviz_marker_tools:/home/param/ws_moveit2/install/rosparam_shortcuts:/home/param/ws_moveit2/install/moveit_task_constructor_msgs:/home/param/ws_moveit2/install/moveit_resources_prbt_support:/home/param/ws_moveit2/install/moveit_resources:/home/param/ws_moveit2/install/moveit_resources_pr2_description:/home/param/ws_moveit2/install/moveit_resources_panda_moveit_config:/home/param/ws_moveit2/install/moveit_resources_panda_description:/home/param/ws_moveit2/install/moveit_resources_fanuc_moveit_config:/home/param/ws_moveit2/install/moveit_resources_fanuc_description:/home/param/ws_moveit2/install/moveit_common:/home/param/ws_moveit2/install/moveit_configs_utils:/home/param/ws_moveit2/install/launch_param_builder:/opt/ros/humble /usr/bin/cmake --install /home/param/nash_ws/build/nashbot_moveit_config
[0.554s] Level 1:colcon.colcon_core.environment:checking '/home/param/nash_ws/install/nashbot_moveit_config' for CMake config files
[0.554s] Level 1:colcon.colcon_core.shell:create_environment_hook('nashbot_moveit_config', 'cmake_prefix_path')
[0.554s] INFO:colcon.colcon_core.shell:Creating environment hook '/home/param/nash_ws/install/nashbot_moveit_config/share/nashbot_moveit_config/hook/cmake_prefix_path.ps1'
[0.555s] INFO:colcon.colcon_core.shell:Creating environment descriptor '/home/param/nash_ws/install/nashbot_moveit_config/share/nashbot_moveit_config/hook/cmake_prefix_path.dsv'
[0.555s] INFO:colcon.colcon_core.shell:Creating environment hook '/home/param/nash_ws/install/nashbot_moveit_config/share/nashbot_moveit_config/hook/cmake_prefix_path.sh'
[0.555s] Level 1:colcon.colcon_core.environment:checking '/home/param/nash_ws/install/nashbot_moveit_config/bin'
[0.555s] Level 1:colcon.colcon_core.environment:checking '/home/param/nash_ws/install/nashbot_moveit_config/lib/pkgconfig/nashbot_moveit_config.pc'
[0.556s] Level 1:colcon.colcon_core.environment:checking '/home/param/nash_ws/install/nashbot_moveit_config/lib/python3.10/site-packages'
[0.556s] Level 1:colcon.colcon_core.environment:checking '/home/param/nash_ws/install/nashbot_moveit_config/bin'
[0.556s] INFO:colcon.colcon_core.shell:Creating package script '/home/param/nash_ws/install/nashbot_moveit_config/share/nashbot_moveit_config/package.ps1'
[0.556s] INFO:colcon.colcon_core.shell:Creating package descriptor '/home/param/nash_ws/install/nashbot_moveit_config/share/nashbot_moveit_config/package.dsv'
[0.556s] INFO:colcon.colcon_core.shell:Creating package script '/home/param/nash_ws/install/nashbot_moveit_config/share/nashbot_moveit_config/package.sh'
[0.557s] INFO:colcon.colcon_core.shell:Creating package script '/home/param/nash_ws/install/nashbot_moveit_config/share/nashbot_moveit_config/package.bash'
[0.557s] INFO:colcon.colcon_core.shell:Creating package script '/home/param/nash_ws/install/nashbot_moveit_config/share/nashbot_moveit_config/package.zsh'
[0.557s] Level 1:colcon.colcon_core.environment:create_file_with_runtime_dependencies(/home/param/nash_ws/install/nashbot_moveit_config/share/colcon-core/packages/nashbot_moveit_config)
[0.585s] Level 1:colcon.colcon_core.environment:create_environment_scripts_only(nashbot_moveit_config)
[0.585s] Level 1:colcon.colcon_core.environment:checking '/home/param/nash_ws/install/nashbot_moveit_config' for CMake module files
[0.585s] Level 1:colcon.colcon_core.environment:checking '/home/param/nash_ws/install/nashbot_moveit_config' for CMake config files
[0.585s] Level 1:colcon.colcon_core.shell:create_environment_hook('nashbot_moveit_config', 'cmake_prefix_path')
[0.586s] INFO:colcon.colcon_core.shell:Creating environment hook '/home/param/nash_ws/install/nashbot_moveit_config/share/nashbot_moveit_config/hook/cmake_prefix_path.ps1'
[0.586s] INFO:colcon.colcon_core.shell:Creating environment descriptor '/home/param/nash_ws/install/nashbot_moveit_config/share/nashbot_moveit_config/hook/cmake_prefix_path.dsv'
[0.586s] INFO:colcon.colcon_core.shell:Creating environment hook '/home/param/nash_ws/install/nashbot_moveit_config/share/nashbot_moveit_config/hook/cmake_prefix_path.sh'
[0.586s] Level 1:colcon.colcon_core.environment:checking '/home/param/nash_ws/install/nashbot_moveit_config/bin'
[0.586s] Level 1:colcon.colcon_core.environment:checking '/home/param/nash_ws/install/nashbot_moveit_config/lib/pkgconfig/nashbot_moveit_config.pc'
[0.587s] Level 1:colcon.colcon_core.environment:checking '/home/param/nash_ws/install/nashbot_moveit_config/lib/python3.10/site-packages'
[0.587s] Level 1:colcon.colcon_core.environment:checking '/home/param/nash_ws/install/nashbot_moveit_config/bin'
[0.587s] INFO:colcon.colcon_core.shell:Creating package script '/home/param/nash_ws/install/nashbot_moveit_config/share/nashbot_moveit_config/package.ps1'
[0.587s] INFO:colcon.colcon_core.shell:Creating package descriptor '/home/param/nash_ws/install/nashbot_moveit_config/share/nashbot_moveit_config/package.dsv'
[0.588s] INFO:colcon.colcon_core.shell:Creating package script '/home/param/nash_ws/install/nashbot_moveit_config/share/nashbot_moveit_config/package.sh'
[0.588s] INFO:colcon.colcon_core.shell:Creating package script '/home/param/nash_ws/install/nashbot_moveit_config/share/nashbot_moveit_config/package.bash'
[0.588s] INFO:colcon.colcon_core.shell:Creating package script '/home/param/nash_ws/install/nashbot_moveit_config/share/nashbot_moveit_config/package.zsh'
[0.588s] Level 1:colcon.colcon_core.environment:create_file_with_runtime_dependencies(/home/param/nash_ws/install/nashbot_moveit_config/share/colcon-core/packages/nashbot_moveit_config)
[0.588s] DEBUG:colcon.colcon_parallel_executor.executor.parallel:closing loop
[0.589s] DEBUG:colcon.colcon_parallel_executor.executor.parallel:loop closed
[0.589s] DEBUG:colcon.colcon_parallel_executor.executor.parallel:run_until_complete finished with '0'
[0.589s] DEBUG:colcon.colcon_core.event_reactor:joining thread
[0.593s] INFO:colcon.colcon_core.plugin_system:Skipping extension 'colcon_notification.desktop_notification.terminal_notifier': Not used on non-Darwin systems
[0.593s] INFO:colcon.colcon_core.plugin_system:Skipping extension 'colcon_notification.desktop_notification.win32': Not used on non-Windows systems
[0.593s] INFO:colcon.colcon_notification.desktop_notification:Sending desktop notification using 'notify2'
[0.603s] DEBUG:colcon.colcon_core.event_reactor:joined thread
[0.604s] INFO:colcon.colcon_core.shell:Creating prefix script '/home/param/nash_ws/install/local_setup.ps1'
[0.604s] INFO:colcon.colcon_core.shell:Creating prefix util module '/home/param/nash_ws/install/_local_setup_util_ps1.py'
[0.605s] INFO:colcon.colcon_core.shell:Creating prefix chain script '/home/param/nash_ws/install/setup.ps1'
[0.608s] INFO:colcon.colcon_core.shell:Creating prefix script '/home/param/nash_ws/install/local_setup.sh'
[0.608s] INFO:colcon.colcon_core.shell:Creating prefix util module '/home/param/nash_ws/install/_local_setup_util_sh.py'
[0.608s] INFO:colcon.colcon_core.shell:Creating prefix chain script '/home/param/nash_ws/install/setup.sh'
[0.610s] INFO:colcon.colcon_core.shell:Creating prefix script '/home/param/nash_ws/install/local_setup.bash'
[0.611s] INFO:colcon.colcon_core.shell:Creating prefix chain script '/home/param/nash_ws/install/setup.bash'
[0.612s] INFO:colcon.colcon_core.shell:Creating prefix script '/home/param/nash_ws/install/local_setup.zsh'
[0.613s] INFO:colcon.colcon_core.shell:Creating prefix chain script '/home/param/nash_ws/install/setup.zsh'
