[0.109s] DEBUG:colcon:Command line arguments: ['/home/param/.local/bin/colcon', 'build']
[0.110s] DEBUG:colcon:Parsed command line arguments: Namespace(log_base=None, log_level=None, verb_name='build', build_base='build', install_base='install', merge_install=False, symlink_install=False, test_result_base=None, continue_on_error=False, executor='parallel', parallel_workers=32, event_handlers=None, ignore_user_meta=False, metas=['./colcon.meta'], base_paths=['.'], packages_ignore=None, packages_ignore_regex=None, paths=None, packages_up_to=None, packages_up_to_regex=None, packages_above=None, packages_above_and_dependencies=None, packages_above_depth=None, packages_select_by_dep=None, packages_skip_by_dep=None, packages_skip_up_to=None, packages_select_build_failed=False, packages_skip_build_finished=False, packages_select_test_failures=False, packages_skip_test_passed=False, packages_select=None, packages_skip=None, packages_select_regex=None, packages_skip_regex=None, packages_start=None, packages_end=None, allow_overriding=[], cmake_args=None, cmake_target=None, cmake_target_skip_unavailable=False, cmake_clean_cache=False, cmake_clean_first=False, cmake_force_configure=False, ament_cmake_args=None, catkin_cmake_args=None, catkin_skip_building_tests=False, mixin_files=None, mixin=None, verb_parser=<colcon_mixin.mixin.mixin_argument.MixinArgumentDecorator object at 0x74a0639fdb10>, verb_extension=<colcon_core.verb.build.BuildVerb object at 0x74a063aea2f0>, main=<bound method BuildVerb.main of <colcon_core.verb.build.BuildVerb object at 0x74a063aea2f0>>, mixin_verb=('build',))
[0.230s] Level 1:colcon.colcon_core.package_discovery:discover_packages(colcon_meta) check parameters
[0.230s] Level 1:colcon.colcon_core.package_discovery:discover_packages(recursive) check parameters
[0.230s] Level 1:colcon.colcon_core.package_discovery:discover_packages(ignore) check parameters
[0.230s] Level 1:colcon.colcon_core.package_discovery:discover_packages(path) check parameters
[0.230s] Level 1:colcon.colcon_core.package_discovery:discover_packages(colcon_meta) discover
[0.230s] Level 1:colcon.colcon_core.package_discovery:discover_packages(recursive) discover
[0.230s] INFO:colcon.colcon_core.package_discovery:Crawling recursively for packages in '/home/param/nash_ws'
[0.230s] Level 1:colcon.colcon_core.package_identification:_identify(.) by extensions ['ignore', 'ignore_ament_install']
[0.230s] Level 1:colcon.colcon_core.package_identification:_identify(.) by extension 'ignore'
[0.230s] Level 1:colcon.colcon_core.package_identification:_identify(.) by extension 'ignore_ament_install'
[0.230s] Level 1:colcon.colcon_core.package_identification:_identify(.) by extensions ['colcon_pkg']
[0.230s] Level 1:colcon.colcon_core.package_identification:_identify(.) by extension 'colcon_pkg'
[0.231s] Level 1:colcon.colcon_core.package_identification:_identify(.) by extensions ['colcon_meta']
[0.231s] Level 1:colcon.colcon_core.package_identification:_identify(.) by extension 'colcon_meta'
[0.231s] Level 1:colcon.colcon_core.package_identification:_identify(.) by extensions ['ros']
[0.231s] Level 1:colcon.colcon_core.package_identification:_identify(.) by extension 'ros'
[0.239s] Level 1:colcon.colcon_core.package_identification:_identify(.) by extensions ['cmake', 'python']
[0.239s] Level 1:colcon.colcon_core.package_identification:_identify(.) by extension 'cmake'
[0.239s] Level 1:colcon.colcon_core.package_identification:_identify(.) by extension 'python'
[0.239s] Level 1:colcon.colcon_core.package_identification:_identify(.) by extensions ['python_setup_py']
[0.239s] Level 1:colcon.colcon_core.package_identification:_identify(.) by extension 'python_setup_py'
[0.239s] Level 1:colcon.colcon_core.package_identification:_identify(build) by extensions ['ignore', 'ignore_ament_install']
[0.239s] Level 1:colcon.colcon_core.package_identification:_identify(build) by extension 'ignore'
[0.239s] Level 1:colcon.colcon_core.package_identification:_identify(build) ignored
[0.240s] Level 1:colcon.colcon_core.package_identification:_identify(install) by extensions ['ignore', 'ignore_ament_install']
[0.240s] Level 1:colcon.colcon_core.package_identification:_identify(install) by extension 'ignore'
[0.240s] Level 1:colcon.colcon_core.package_identification:_identify(install) ignored
[0.240s] Level 1:colcon.colcon_core.package_identification:_identify(log) by extensions ['ignore', 'ignore_ament_install']
[0.240s] Level 1:colcon.colcon_core.package_identification:_identify(log) by extension 'ignore'
[0.240s] Level 1:colcon.colcon_core.package_identification:_identify(log) ignored
[0.240s] Level 1:colcon.colcon_core.package_identification:_identify(src) by extensions ['ignore', 'ignore_ament_install']
[0.240s] Level 1:colcon.colcon_core.package_identification:_identify(src) by extension 'ignore'
[0.240s] Level 1:colcon.colcon_core.package_identification:_identify(src) by extension 'ignore_ament_install'
[0.240s] Level 1:colcon.colcon_core.package_identification:_identify(src) by extensions ['colcon_pkg']
[0.240s] Level 1:colcon.colcon_core.package_identification:_identify(src) by extension 'colcon_pkg'
[0.240s] Level 1:colcon.colcon_core.package_identification:_identify(src) by extensions ['colcon_meta']
[0.240s] Level 1:colcon.colcon_core.package_identification:_identify(src) by extension 'colcon_meta'
[0.240s] Level 1:colcon.colcon_core.package_identification:_identify(src) by extensions ['ros']
[0.240s] Level 1:colcon.colcon_core.package_identification:_identify(src) by extension 'ros'
[0.240s] Level 1:colcon.colcon_core.package_identification:_identify(src) by extensions ['cmake', 'python']
[0.240s] Level 1:colcon.colcon_core.package_identification:_identify(src) by extension 'cmake'
[0.240s] Level 1:colcon.colcon_core.package_identification:_identify(src) by extension 'python'
[0.240s] Level 1:colcon.colcon_core.package_identification:_identify(src) by extensions ['python_setup_py']
[0.240s] Level 1:colcon.colcon_core.package_identification:_identify(src) by extension 'python_setup_py'
[0.240s] Level 1:colcon.colcon_core.package_identification:_identify(src/nashbot) by extensions ['ignore', 'ignore_ament_install']
[0.240s] Level 1:colcon.colcon_core.package_identification:_identify(src/nashbot) by extension 'ignore'
[0.240s] Level 1:colcon.colcon_core.package_identification:_identify(src/nashbot) by extension 'ignore_ament_install'
[0.240s] Level 1:colcon.colcon_core.package_identification:_identify(src/nashbot) by extensions ['colcon_pkg']
[0.240s] Level 1:colcon.colcon_core.package_identification:_identify(src/nashbot) by extension 'colcon_pkg'
[0.240s] Level 1:colcon.colcon_core.package_identification:_identify(src/nashbot) by extensions ['colcon_meta']
[0.240s] Level 1:colcon.colcon_core.package_identification:_identify(src/nashbot) by extension 'colcon_meta'
[0.240s] Level 1:colcon.colcon_core.package_identification:_identify(src/nashbot) by extensions ['ros']
[0.240s] Level 1:colcon.colcon_core.package_identification:_identify(src/nashbot) by extension 'ros'
[0.243s] DEBUG:colcon.colcon_core.package_identification:Package 'src/nashbot' with type 'ros.ament_cmake' and name 'nashbot'
[0.243s] Level 1:colcon.colcon_core.package_identification:_identify(src/nashbot_moveit_config) by extensions ['ignore', 'ignore_ament_install']
[0.243s] Level 1:colcon.colcon_core.package_identification:_identify(src/nashbot_moveit_config) by extension 'ignore'
[0.243s] Level 1:colcon.colcon_core.package_identification:_identify(src/nashbot_moveit_config) by extension 'ignore_ament_install'
[0.243s] Level 1:colcon.colcon_core.package_identification:_identify(src/nashbot_moveit_config) by extensions ['colcon_pkg']
[0.243s] Level 1:colcon.colcon_core.package_identification:_identify(src/nashbot_moveit_config) by extension 'colcon_pkg'
[0.243s] Level 1:colcon.colcon_core.package_identification:_identify(src/nashbot_moveit_config) by extensions ['colcon_meta']
[0.243s] Level 1:colcon.colcon_core.package_identification:_identify(src/nashbot_moveit_config) by extension 'colcon_meta'
[0.243s] Level 1:colcon.colcon_core.package_identification:_identify(src/nashbot_moveit_config) by extensions ['ros']
[0.243s] Level 1:colcon.colcon_core.package_identification:_identify(src/nashbot_moveit_config) by extension 'ros'
[0.244s] DEBUG:colcon.colcon_core.package_identification:Package 'src/nashbot_moveit_config' with type 'ros.ament_cmake' and name 'nashbot_moveit_config'
[0.244s] Level 1:colcon.colcon_core.package_identification:_identify(src/nb_config) by extensions ['ignore', 'ignore_ament_install']
[0.244s] Level 1:colcon.colcon_core.package_identification:_identify(src/nb_config) by extension 'ignore'
[0.244s] Level 1:colcon.colcon_core.package_identification:_identify(src/nb_config) by extension 'ignore_ament_install'
[0.244s] Level 1:colcon.colcon_core.package_identification:_identify(src/nb_config) by extensions ['colcon_pkg']
[0.244s] Level 1:colcon.colcon_core.package_identification:_identify(src/nb_config) by extension 'colcon_pkg'
[0.244s] Level 1:colcon.colcon_core.package_identification:_identify(src/nb_config) by extensions ['colcon_meta']
[0.244s] Level 1:colcon.colcon_core.package_identification:_identify(src/nb_config) by extension 'colcon_meta'
[0.244s] Level 1:colcon.colcon_core.package_identification:_identify(src/nb_config) by extensions ['ros']
[0.244s] Level 1:colcon.colcon_core.package_identification:_identify(src/nb_config) by extension 'ros'
[0.245s] DEBUG:colcon.colcon_core.package_identification:Package 'src/nb_config' with type 'ros.ament_cmake' and name 'nb_config'
[0.245s] Level 1:colcon.colcon_core.package_discovery:discover_packages(recursive) using defaults
[0.245s] Level 1:colcon.colcon_core.package_discovery:discover_packages(ignore) discover
[0.245s] Level 1:colcon.colcon_core.package_discovery:discover_packages(ignore) using defaults
[0.245s] Level 1:colcon.colcon_core.package_discovery:discover_packages(path) discover
[0.245s] Level 1:colcon.colcon_core.package_discovery:discover_packages(path) using defaults
[0.267s] Level 1:colcon.colcon_core.package_discovery:discover_packages(prefix_path) check parameters
[0.267s] Level 1:colcon.colcon_core.package_discovery:discover_packages(prefix_path) discover
[0.270s] DEBUG:colcon.colcon_installed_package_information.package_discovery:Found 55 installed packages in /home/param/ws_moveit2/install
[0.271s] DEBUG:colcon.colcon_installed_package_information.package_discovery:Found 5 installed packages in /home/param/nash_ws/install
[0.272s] DEBUG:colcon.colcon_installed_package_information.package_discovery:Found 314 installed packages in /opt/ros/humble
[0.273s] Level 1:colcon.colcon_core.package_discovery:discover_packages(prefix_path) using defaults
[0.304s] WARNING:colcon.colcon_core.package_selection:Some selected packages are already built in one or more underlay workspaces:
	'nashbot' is in: /home/param/nash_ws/install/nashbot
If a package in a merged underlay workspace is overridden and it installs headers, then all packages in the overlay must sort their include directories by workspace order. Failure to do so may result in build failures or undefined behavior at run time.
If the overridden package is used by another package in any underlay, then the overriding package in the overlay must be API and ABI compatible or undefined behavior at run time may occur.

If you understand the risks and want to override a package anyways, add the following to the command line:
	--allow-overriding nashbot

This may be promoted to an error in a future release of colcon-override-check.
[0.304s] Level 5:colcon.colcon_core.verb:set package 'nashbot' build argument 'cmake_args' from command line to 'None'
[0.304s] Level 5:colcon.colcon_core.verb:set package 'nashbot' build argument 'cmake_target' from command line to 'None'
[0.304s] Level 5:colcon.colcon_core.verb:set package 'nashbot' build argument 'cmake_target_skip_unavailable' from command line to 'False'
[0.304s] Level 5:colcon.colcon_core.verb:set package 'nashbot' build argument 'cmake_clean_cache' from command line to 'False'
[0.304s] Level 5:colcon.colcon_core.verb:set package 'nashbot' build argument 'cmake_clean_first' from command line to 'False'
[0.304s] Level 5:colcon.colcon_core.verb:set package 'nashbot' build argument 'cmake_force_configure' from command line to 'False'
[0.304s] Level 5:colcon.colcon_core.verb:set package 'nashbot' build argument 'ament_cmake_args' from command line to 'None'
[0.304s] Level 5:colcon.colcon_core.verb:set package 'nashbot' build argument 'catkin_cmake_args' from command line to 'None'
[0.304s] Level 5:colcon.colcon_core.verb:set package 'nashbot' build argument 'catkin_skip_building_tests' from command line to 'False'
[0.304s] DEBUG:colcon.colcon_core.verb:Building package 'nashbot' with the following arguments: {'ament_cmake_args': None, 'build_base': '/home/param/nash_ws/build/nashbot', 'catkin_cmake_args': None, 'catkin_skip_building_tests': False, 'cmake_args': None, 'cmake_clean_cache': False, 'cmake_clean_first': False, 'cmake_force_configure': False, 'cmake_target': None, 'cmake_target_skip_unavailable': False, 'install_base': '/home/param/nash_ws/install/nashbot', 'merge_install': False, 'path': '/home/param/nash_ws/src/nashbot', 'symlink_install': False, 'test_result_base': None}
[0.305s] Level 5:colcon.colcon_core.verb:set package 'nashbot_moveit_config' build argument 'cmake_args' from command line to 'None'
[0.305s] Level 5:colcon.colcon_core.verb:set package 'nashbot_moveit_config' build argument 'cmake_target' from command line to 'None'
[0.305s] Level 5:colcon.colcon_core.verb:set package 'nashbot_moveit_config' build argument 'cmake_target_skip_unavailable' from command line to 'False'
[0.305s] Level 5:colcon.colcon_core.verb:set package 'nashbot_moveit_config' build argument 'cmake_clean_cache' from command line to 'False'
[0.305s] Level 5:colcon.colcon_core.verb:set package 'nashbot_moveit_config' build argument 'cmake_clean_first' from command line to 'False'
[0.305s] Level 5:colcon.colcon_core.verb:set package 'nashbot_moveit_config' build argument 'cmake_force_configure' from command line to 'False'
[0.305s] Level 5:colcon.colcon_core.verb:set package 'nashbot_moveit_config' build argument 'ament_cmake_args' from command line to 'None'
[0.305s] Level 5:colcon.colcon_core.verb:set package 'nashbot_moveit_config' build argument 'catkin_cmake_args' from command line to 'None'
[0.305s] Level 5:colcon.colcon_core.verb:set package 'nashbot_moveit_config' build argument 'catkin_skip_building_tests' from command line to 'False'
[0.305s] DEBUG:colcon.colcon_core.verb:Building package 'nashbot_moveit_config' with the following arguments: {'ament_cmake_args': None, 'build_base': '/home/param/nash_ws/build/nashbot_moveit_config', 'catkin_cmake_args': None, 'catkin_skip_building_tests': False, 'cmake_args': None, 'cmake_clean_cache': False, 'cmake_clean_first': False, 'cmake_force_configure': False, 'cmake_target': None, 'cmake_target_skip_unavailable': False, 'install_base': '/home/param/nash_ws/install/nashbot_moveit_config', 'merge_install': False, 'path': '/home/param/nash_ws/src/nashbot_moveit_config', 'symlink_install': False, 'test_result_base': None}
[0.305s] Level 5:colcon.colcon_core.verb:set package 'nb_config' build argument 'cmake_args' from command line to 'None'
[0.305s] Level 5:colcon.colcon_core.verb:set package 'nb_config' build argument 'cmake_target' from command line to 'None'
[0.305s] Level 5:colcon.colcon_core.verb:set package 'nb_config' build argument 'cmake_target_skip_unavailable' from command line to 'False'
[0.305s] Level 5:colcon.colcon_core.verb:set package 'nb_config' build argument 'cmake_clean_cache' from command line to 'False'
[0.305s] Level 5:colcon.colcon_core.verb:set package 'nb_config' build argument 'cmake_clean_first' from command line to 'False'
[0.305s] Level 5:colcon.colcon_core.verb:set package 'nb_config' build argument 'cmake_force_configure' from command line to 'False'
[0.305s] Level 5:colcon.colcon_core.verb:set package 'nb_config' build argument 'ament_cmake_args' from command line to 'None'
[0.305s] Level 5:colcon.colcon_core.verb:set package 'nb_config' build argument 'catkin_cmake_args' from command line to 'None'
[0.305s] Level 5:colcon.colcon_core.verb:set package 'nb_config' build argument 'catkin_skip_building_tests' from command line to 'False'
[0.305s] DEBUG:colcon.colcon_core.verb:Building package 'nb_config' with the following arguments: {'ament_cmake_args': None, 'build_base': '/home/param/nash_ws/build/nb_config', 'catkin_cmake_args': None, 'catkin_skip_building_tests': False, 'cmake_args': None, 'cmake_clean_cache': False, 'cmake_clean_first': False, 'cmake_force_configure': False, 'cmake_target': None, 'cmake_target_skip_unavailable': False, 'install_base': '/home/param/nash_ws/install/nb_config', 'merge_install': False, 'path': '/home/param/nash_ws/src/nb_config', 'symlink_install': False, 'test_result_base': None}
[0.305s] INFO:colcon.colcon_core.executor:Executing jobs using 'parallel' executor
[0.306s] DEBUG:colcon.colcon_parallel_executor.executor.parallel:run_until_complete
[0.306s] INFO:colcon.colcon_ros.task.ament_cmake.build:Building ROS package in '/home/param/nash_ws/src/nashbot' with build type 'ament_cmake'
[0.307s] INFO:colcon.colcon_cmake.task.cmake.build:Building CMake package in '/home/param/nash_ws/src/nashbot'
[0.308s] INFO:colcon.colcon_core.plugin_system:Skipping extension 'colcon_core.shell.bat': Not used on non-Windows systems
[0.308s] INFO:colcon.colcon_core.shell:Skip shell extension 'powershell' for command environment: Not usable outside of PowerShell
[0.308s] DEBUG:colcon.colcon_core.shell:Skip shell extension 'dsv' for command environment
[0.319s] DEBUG:colcon.colcon_core.event_handler.log_command:Invoking command in '/home/param/nash_ws/build/nashbot': CMAKE_PREFIX_PATH=${CMAKE_PREFIX_PATH}:/home/param/ws_moveit2/install/moveit_configs_utils:/home/param/ws_moveit2/install/launch_param_builder:/opt/ros/humble /usr/bin/cmake --build /home/param/nash_ws/build/nashbot -- -j32 -l32
[0.355s] DEBUG:colcon.colcon_core.event_handler.log_command:Invoked command in '/home/param/nash_ws/build/nashbot' returned '0': CMAKE_PREFIX_PATH=${CMAKE_PREFIX_PATH}:/home/param/ws_moveit2/install/moveit_configs_utils:/home/param/ws_moveit2/install/launch_param_builder:/opt/ros/humble /usr/bin/cmake --build /home/param/nash_ws/build/nashbot -- -j32 -l32
[0.390s] DEBUG:colcon.colcon_core.event_handler.log_command:Invoking command in '/home/param/nash_ws/build/nashbot': CMAKE_PREFIX_PATH=${CMAKE_PREFIX_PATH}:/home/param/ws_moveit2/install/moveit_configs_utils:/home/param/ws_moveit2/install/launch_param_builder:/opt/ros/humble /usr/bin/cmake --install /home/param/nash_ws/build/nashbot
[0.414s] Level 1:colcon.colcon_core.environment:create_environment_scripts_only(nashbot)
[0.414s] DEBUG:colcon.colcon_core.event_handler.log_command:Invoked command in '/home/param/nash_ws/build/nashbot' returned '0': CMAKE_PREFIX_PATH=${CMAKE_PREFIX_PATH}:/home/param/ws_moveit2/install/moveit_configs_utils:/home/param/ws_moveit2/install/launch_param_builder:/opt/ros/humble /usr/bin/cmake --install /home/param/nash_ws/build/nashbot
[0.416s] Level 1:colcon.colcon_core.environment:checking '/home/param/nash_ws/install/nashbot' for CMake module files
[0.416s] Level 1:colcon.colcon_core.environment:checking '/home/param/nash_ws/install/nashbot' for CMake config files
[0.417s] Level 1:colcon.colcon_core.shell:create_environment_hook('nashbot', 'cmake_prefix_path')
[0.417s] INFO:colcon.colcon_core.shell:Creating environment hook '/home/param/nash_ws/install/nashbot/share/nashbot/hook/cmake_prefix_path.ps1'
[0.418s] INFO:colcon.colcon_core.shell:Creating environment descriptor '/home/param/nash_ws/install/nashbot/share/nashbot/hook/cmake_prefix_path.dsv'
[0.418s] INFO:colcon.colcon_core.shell:Creating environment hook '/home/param/nash_ws/install/nashbot/share/nashbot/hook/cmake_prefix_path.sh'
[0.419s] Level 1:colcon.colcon_core.environment:checking '/home/param/nash_ws/install/nashbot/bin'
[0.419s] Level 1:colcon.colcon_core.environment:checking '/home/param/nash_ws/install/nashbot/lib/pkgconfig/nashbot.pc'
[0.419s] Level 1:colcon.colcon_core.environment:checking '/home/param/nash_ws/install/nashbot/lib/python3.10/site-packages'
[0.419s] Level 1:colcon.colcon_core.environment:checking '/home/param/nash_ws/install/nashbot/bin'
[0.419s] INFO:colcon.colcon_core.shell:Creating package script '/home/param/nash_ws/install/nashbot/share/nashbot/package.ps1'
[0.420s] INFO:colcon.colcon_core.shell:Creating package descriptor '/home/param/nash_ws/install/nashbot/share/nashbot/package.dsv'
[0.420s] INFO:colcon.colcon_core.shell:Creating package script '/home/param/nash_ws/install/nashbot/share/nashbot/package.sh'
[0.420s] INFO:colcon.colcon_core.shell:Creating package script '/home/param/nash_ws/install/nashbot/share/nashbot/package.bash'
[0.421s] INFO:colcon.colcon_core.shell:Creating package script '/home/param/nash_ws/install/nashbot/share/nashbot/package.zsh'
[0.421s] Level 1:colcon.colcon_core.environment:create_file_with_runtime_dependencies(/home/param/nash_ws/install/nashbot/share/colcon-core/packages/nashbot)
[0.447s] Level 1:colcon.colcon_core.environment:create_environment_scripts_only(nashbot)
[0.447s] Level 1:colcon.colcon_core.environment:checking '/home/param/nash_ws/install/nashbot' for CMake module files
[0.447s] Level 1:colcon.colcon_core.environment:checking '/home/param/nash_ws/install/nashbot' for CMake config files
[0.448s] Level 1:colcon.colcon_core.shell:create_environment_hook('nashbot', 'cmake_prefix_path')
[0.448s] INFO:colcon.colcon_core.shell:Creating environment hook '/home/param/nash_ws/install/nashbot/share/nashbot/hook/cmake_prefix_path.ps1'
[0.448s] INFO:colcon.colcon_core.shell:Creating environment descriptor '/home/param/nash_ws/install/nashbot/share/nashbot/hook/cmake_prefix_path.dsv'
[0.449s] INFO:colcon.colcon_core.shell:Creating environment hook '/home/param/nash_ws/install/nashbot/share/nashbot/hook/cmake_prefix_path.sh'
[0.449s] Level 1:colcon.colcon_core.environment:checking '/home/param/nash_ws/install/nashbot/bin'
[0.449s] Level 1:colcon.colcon_core.environment:checking '/home/param/nash_ws/install/nashbot/lib/pkgconfig/nashbot.pc'
[0.449s] Level 1:colcon.colcon_core.environment:checking '/home/param/nash_ws/install/nashbot/lib/python3.10/site-packages'
[0.449s] Level 1:colcon.colcon_core.environment:checking '/home/param/nash_ws/install/nashbot/bin'
[0.449s] INFO:colcon.colcon_core.shell:Creating package script '/home/param/nash_ws/install/nashbot/share/nashbot/package.ps1'
[0.450s] INFO:colcon.colcon_core.shell:Creating package descriptor '/home/param/nash_ws/install/nashbot/share/nashbot/package.dsv'
[0.450s] INFO:colcon.colcon_core.shell:Creating package script '/home/param/nash_ws/install/nashbot/share/nashbot/package.sh'
[0.450s] INFO:colcon.colcon_core.shell:Creating package script '/home/param/nash_ws/install/nashbot/share/nashbot/package.bash'
[0.450s] INFO:colcon.colcon_core.shell:Creating package script '/home/param/nash_ws/install/nashbot/share/nashbot/package.zsh'
[0.451s] Level 1:colcon.colcon_core.environment:create_file_with_runtime_dependencies(/home/param/nash_ws/install/nashbot/share/colcon-core/packages/nashbot)
[0.451s] INFO:colcon.colcon_ros.task.ament_cmake.build:Building ROS package in '/home/param/nash_ws/src/nashbot_moveit_config' with build type 'ament_cmake'
[0.451s] INFO:colcon.colcon_cmake.task.cmake.build:Building CMake package in '/home/param/nash_ws/src/nashbot_moveit_config'
[0.451s] INFO:colcon.colcon_core.shell:Skip shell extension 'powershell' for command environment: Not usable outside of PowerShell
[0.451s] DEBUG:colcon.colcon_core.shell:Skip shell extension 'dsv' for command environment
[0.457s] INFO:colcon.colcon_ros.task.ament_cmake.build:Building ROS package in '/home/param/nash_ws/src/nb_config' with build type 'ament_cmake'
[0.457s] INFO:colcon.colcon_cmake.task.cmake.build:Building CMake package in '/home/param/nash_ws/src/nb_config'
[0.457s] INFO:colcon.colcon_core.shell:Skip shell extension 'powershell' for command environment: Not usable outside of PowerShell
[0.458s] DEBUG:colcon.colcon_core.shell:Skip shell extension 'dsv' for command environment
[0.465s] DEBUG:colcon.colcon_core.event_handler.log_command:Invoking command in '/home/param/nash_ws/build/nashbot_moveit_config': CMAKE_PREFIX_PATH=/home/param/nash_ws/install/nashbot:/home/param/ws_moveit2/install/pilz_industrial_motion_planner_testutils:/home/param/ws_moveit2/install/moveit_runtime:/home/param/ws_moveit2/install/moveit2_tutorials:/home/param/ws_moveit2/install/moveit:/home/param/ws_moveit2/install/moveit_planners:/home/param/ws_moveit2/install/pilz_industrial_motion_planner:/home/param/ws_moveit2/install/moveit_visual_tools:/home/param/ws_moveit2/install/moveit_task_constructor_visualization:/home/param/ws_moveit2/install/moveit_task_constructor_demo:/home/param/ws_moveit2/install/moveit_task_constructor_capabilities:/home/param/ws_moveit2/install/moveit_task_constructor_core:/home/param/ws_moveit2/install/moveit_ros_control_interface:/home/param/ws_moveit2/install/moveit_plugins:/home/param/ws_moveit2/install/moveit_simple_controller_manager:/home/param/ws_moveit2/install/moveit_setup_assistant:/home/param/ws_moveit2/install/moveit_setup_srdf_plugins:/home/param/ws_moveit2/install/moveit_setup_core_plugins:/home/param/ws_moveit2/install/moveit_setup_controllers:/home/param/ws_moveit2/install/moveit_setup_app_plugins:/home/param/ws_moveit2/install/moveit_setup_framework:/home/param/ws_moveit2/install/moveit_servo:/home/param/ws_moveit2/install/moveit_ros:/home/param/ws_moveit2/install/moveit_ros_visualization:/home/param/ws_moveit2/install/moveit_hybrid_planning:/home/param/ws_moveit2/install/moveit_ros_planning_interface:/home/param/ws_moveit2/install/moveit_ros_benchmarks:/home/param/ws_moveit2/install/moveit_ros_warehouse:/home/param/ws_moveit2/install/moveit_ros_robot_interaction:/home/param/ws_moveit2/install/moveit_ros_perception:/home/param/ws_moveit2/install/moveit_resources_prbt_pg70_support:/home/param/ws_moveit2/install/moveit_resources_prbt_moveit_config:/home/param/ws_moveit2/install/moveit_ros_move_group:/home/param/ws_moveit2/install/moveit_planners_ompl:/home/param/ws_moveit2/install/moveit_ros_planning:/home/param/ws_moveit2/install/moveit_ros_occupancy_map_monitor:/home/param/ws_moveit2/install/moveit_resources_prbt_ikfast_manipulator_plugin:/home/param/ws_moveit2/install/moveit_planners_chomp:/home/param/ws_moveit2/install/moveit_kinematics:/home/param/ws_moveit2/install/moveit_chomp_optimizer_adapter:/home/param/ws_moveit2/install/chomp_motion_planner:/home/param/ws_moveit2/install/moveit_core:/home/param/ws_moveit2/install/srdfdom:/home/param/ws_moveit2/install/rviz_marker_tools:/home/param/ws_moveit2/install/rosparam_shortcuts:/home/param/ws_moveit2/install/moveit_task_constructor_msgs:/home/param/ws_moveit2/install/moveit_resources_prbt_support:/home/param/ws_moveit2/install/moveit_resources:/home/param/ws_moveit2/install/moveit_resources_pr2_description:/home/param/ws_moveit2/install/moveit_resources_panda_moveit_config:/home/param/ws_moveit2/install/moveit_resources_panda_description:/home/param/ws_moveit2/install/moveit_resources_fanuc_moveit_config:/home/param/ws_moveit2/install/moveit_resources_fanuc_description:/home/param/ws_moveit2/install/moveit_common:/home/param/nash_ws/install/nb_moveit:/home/param/nash_ws/install/nb_config:/home/param/nash_ws/install/nashbot_moveit_config:/home/param/nash_ws/install/moveit:/home/param/ws_moveit2/install/moveit_configs_utils:/home/param/ws_moveit2/install/launch_param_builder:/opt/ros/humble /usr/bin/cmake --build /home/param/nash_ws/build/nashbot_moveit_config -- -j32 -l32
[0.468s] DEBUG:colcon.colcon_core.event_handler.log_command:Invoking command in '/home/param/nash_ws/build/nb_config': CMAKE_PREFIX_PATH=/home/param/nash_ws/install/nashbot:/home/param/ws_moveit2/install/pilz_industrial_motion_planner_testutils:/home/param/ws_moveit2/install/moveit_runtime:/home/param/ws_moveit2/install/moveit2_tutorials:/home/param/ws_moveit2/install/moveit:/home/param/ws_moveit2/install/moveit_planners:/home/param/ws_moveit2/install/pilz_industrial_motion_planner:/home/param/ws_moveit2/install/moveit_visual_tools:/home/param/ws_moveit2/install/moveit_task_constructor_visualization:/home/param/ws_moveit2/install/moveit_task_constructor_demo:/home/param/ws_moveit2/install/moveit_task_constructor_capabilities:/home/param/ws_moveit2/install/moveit_task_constructor_core:/home/param/ws_moveit2/install/moveit_ros_control_interface:/home/param/ws_moveit2/install/moveit_plugins:/home/param/ws_moveit2/install/moveit_simple_controller_manager:/home/param/ws_moveit2/install/moveit_setup_assistant:/home/param/ws_moveit2/install/moveit_setup_srdf_plugins:/home/param/ws_moveit2/install/moveit_setup_core_plugins:/home/param/ws_moveit2/install/moveit_setup_controllers:/home/param/ws_moveit2/install/moveit_setup_app_plugins:/home/param/ws_moveit2/install/moveit_setup_framework:/home/param/ws_moveit2/install/moveit_servo:/home/param/ws_moveit2/install/moveit_ros:/home/param/ws_moveit2/install/moveit_ros_visualization:/home/param/ws_moveit2/install/moveit_hybrid_planning:/home/param/ws_moveit2/install/moveit_ros_planning_interface:/home/param/ws_moveit2/install/moveit_ros_benchmarks:/home/param/ws_moveit2/install/moveit_ros_warehouse:/home/param/ws_moveit2/install/moveit_ros_robot_interaction:/home/param/ws_moveit2/install/moveit_ros_perception:/home/param/ws_moveit2/install/moveit_resources_prbt_pg70_support:/home/param/ws_moveit2/install/moveit_resources_prbt_moveit_config:/home/param/ws_moveit2/install/moveit_ros_move_group:/home/param/ws_moveit2/install/moveit_planners_ompl:/home/param/ws_moveit2/install/moveit_ros_planning:/home/param/ws_moveit2/install/moveit_ros_occupancy_map_monitor:/home/param/ws_moveit2/install/moveit_resources_prbt_ikfast_manipulator_plugin:/home/param/ws_moveit2/install/moveit_planners_chomp:/home/param/ws_moveit2/install/moveit_kinematics:/home/param/ws_moveit2/install/moveit_chomp_optimizer_adapter:/home/param/ws_moveit2/install/chomp_motion_planner:/home/param/ws_moveit2/install/moveit_core:/home/param/ws_moveit2/install/srdfdom:/home/param/ws_moveit2/install/rviz_marker_tools:/home/param/ws_moveit2/install/rosparam_shortcuts:/home/param/ws_moveit2/install/moveit_task_constructor_msgs:/home/param/ws_moveit2/install/moveit_resources_prbt_support:/home/param/ws_moveit2/install/moveit_resources:/home/param/ws_moveit2/install/moveit_resources_pr2_description:/home/param/ws_moveit2/install/moveit_resources_panda_moveit_config:/home/param/ws_moveit2/install/moveit_resources_panda_description:/home/param/ws_moveit2/install/moveit_resources_fanuc_moveit_config:/home/param/ws_moveit2/install/moveit_resources_fanuc_description:/home/param/ws_moveit2/install/moveit_common:/home/param/nash_ws/install/nb_moveit:/home/param/nash_ws/install/nb_config:/home/param/nash_ws/install/nashbot_moveit_config:/home/param/nash_ws/install/moveit:/home/param/ws_moveit2/install/moveit_configs_utils:/home/param/ws_moveit2/install/launch_param_builder:/opt/ros/humble /usr/bin/cmake --build /home/param/nash_ws/build/nb_config -- -j32 -l32
[0.501s] DEBUG:colcon.colcon_core.event_handler.log_command:Invoked command in '/home/param/nash_ws/build/nashbot_moveit_config' returned '0': CMAKE_PREFIX_PATH=/home/param/nash_ws/install/nashbot:/home/param/ws_moveit2/install/pilz_industrial_motion_planner_testutils:/home/param/ws_moveit2/install/moveit_runtime:/home/param/ws_moveit2/install/moveit2_tutorials:/home/param/ws_moveit2/install/moveit:/home/param/ws_moveit2/install/moveit_planners:/home/param/ws_moveit2/install/pilz_industrial_motion_planner:/home/param/ws_moveit2/install/moveit_visual_tools:/home/param/ws_moveit2/install/moveit_task_constructor_visualization:/home/param/ws_moveit2/install/moveit_task_constructor_demo:/home/param/ws_moveit2/install/moveit_task_constructor_capabilities:/home/param/ws_moveit2/install/moveit_task_constructor_core:/home/param/ws_moveit2/install/moveit_ros_control_interface:/home/param/ws_moveit2/install/moveit_plugins:/home/param/ws_moveit2/install/moveit_simple_controller_manager:/home/param/ws_moveit2/install/moveit_setup_assistant:/home/param/ws_moveit2/install/moveit_setup_srdf_plugins:/home/param/ws_moveit2/install/moveit_setup_core_plugins:/home/param/ws_moveit2/install/moveit_setup_controllers:/home/param/ws_moveit2/install/moveit_setup_app_plugins:/home/param/ws_moveit2/install/moveit_setup_framework:/home/param/ws_moveit2/install/moveit_servo:/home/param/ws_moveit2/install/moveit_ros:/home/param/ws_moveit2/install/moveit_ros_visualization:/home/param/ws_moveit2/install/moveit_hybrid_planning:/home/param/ws_moveit2/install/moveit_ros_planning_interface:/home/param/ws_moveit2/install/moveit_ros_benchmarks:/home/param/ws_moveit2/install/moveit_ros_warehouse:/home/param/ws_moveit2/install/moveit_ros_robot_interaction:/home/param/ws_moveit2/install/moveit_ros_perception:/home/param/ws_moveit2/install/moveit_resources_prbt_pg70_support:/home/param/ws_moveit2/install/moveit_resources_prbt_moveit_config:/home/param/ws_moveit2/install/moveit_ros_move_group:/home/param/ws_moveit2/install/moveit_planners_ompl:/home/param/ws_moveit2/install/moveit_ros_planning:/home/param/ws_moveit2/install/moveit_ros_occupancy_map_monitor:/home/param/ws_moveit2/install/moveit_resources_prbt_ikfast_manipulator_plugin:/home/param/ws_moveit2/install/moveit_planners_chomp:/home/param/ws_moveit2/install/moveit_kinematics:/home/param/ws_moveit2/install/moveit_chomp_optimizer_adapter:/home/param/ws_moveit2/install/chomp_motion_planner:/home/param/ws_moveit2/install/moveit_core:/home/param/ws_moveit2/install/srdfdom:/home/param/ws_moveit2/install/rviz_marker_tools:/home/param/ws_moveit2/install/rosparam_shortcuts:/home/param/ws_moveit2/install/moveit_task_constructor_msgs:/home/param/ws_moveit2/install/moveit_resources_prbt_support:/home/param/ws_moveit2/install/moveit_resources:/home/param/ws_moveit2/install/moveit_resources_pr2_description:/home/param/ws_moveit2/install/moveit_resources_panda_moveit_config:/home/param/ws_moveit2/install/moveit_resources_panda_description:/home/param/ws_moveit2/install/moveit_resources_fanuc_moveit_config:/home/param/ws_moveit2/install/moveit_resources_fanuc_description:/home/param/ws_moveit2/install/moveit_common:/home/param/nash_ws/install/nb_moveit:/home/param/nash_ws/install/nb_config:/home/param/nash_ws/install/nashbot_moveit_config:/home/param/nash_ws/install/moveit:/home/param/ws_moveit2/install/moveit_configs_utils:/home/param/ws_moveit2/install/launch_param_builder:/opt/ros/humble /usr/bin/cmake --build /home/param/nash_ws/build/nashbot_moveit_config -- -j32 -l32
[0.528s] DEBUG:colcon.colcon_core.event_handler.log_command:Invoking command in '/home/param/nash_ws/build/nashbot_moveit_config': CMAKE_PREFIX_PATH=/home/param/nash_ws/install/nashbot:/home/param/ws_moveit2/install/pilz_industrial_motion_planner_testutils:/home/param/ws_moveit2/install/moveit_runtime:/home/param/ws_moveit2/install/moveit2_tutorials:/home/param/ws_moveit2/install/moveit:/home/param/ws_moveit2/install/moveit_planners:/home/param/ws_moveit2/install/pilz_industrial_motion_planner:/home/param/ws_moveit2/install/moveit_visual_tools:/home/param/ws_moveit2/install/moveit_task_constructor_visualization:/home/param/ws_moveit2/install/moveit_task_constructor_demo:/home/param/ws_moveit2/install/moveit_task_constructor_capabilities:/home/param/ws_moveit2/install/moveit_task_constructor_core:/home/param/ws_moveit2/install/moveit_ros_control_interface:/home/param/ws_moveit2/install/moveit_plugins:/home/param/ws_moveit2/install/moveit_simple_controller_manager:/home/param/ws_moveit2/install/moveit_setup_assistant:/home/param/ws_moveit2/install/moveit_setup_srdf_plugins:/home/param/ws_moveit2/install/moveit_setup_core_plugins:/home/param/ws_moveit2/install/moveit_setup_controllers:/home/param/ws_moveit2/install/moveit_setup_app_plugins:/home/param/ws_moveit2/install/moveit_setup_framework:/home/param/ws_moveit2/install/moveit_servo:/home/param/ws_moveit2/install/moveit_ros:/home/param/ws_moveit2/install/moveit_ros_visualization:/home/param/ws_moveit2/install/moveit_hybrid_planning:/home/param/ws_moveit2/install/moveit_ros_planning_interface:/home/param/ws_moveit2/install/moveit_ros_benchmarks:/home/param/ws_moveit2/install/moveit_ros_warehouse:/home/param/ws_moveit2/install/moveit_ros_robot_interaction:/home/param/ws_moveit2/install/moveit_ros_perception:/home/param/ws_moveit2/install/moveit_resources_prbt_pg70_support:/home/param/ws_moveit2/install/moveit_resources_prbt_moveit_config:/home/param/ws_moveit2/install/moveit_ros_move_group:/home/param/ws_moveit2/install/moveit_planners_ompl:/home/param/ws_moveit2/install/moveit_ros_planning:/home/param/ws_moveit2/install/moveit_ros_occupancy_map_monitor:/home/param/ws_moveit2/install/moveit_resources_prbt_ikfast_manipulator_plugin:/home/param/ws_moveit2/install/moveit_planners_chomp:/home/param/ws_moveit2/install/moveit_kinematics:/home/param/ws_moveit2/install/moveit_chomp_optimizer_adapter:/home/param/ws_moveit2/install/chomp_motion_planner:/home/param/ws_moveit2/install/moveit_core:/home/param/ws_moveit2/install/srdfdom:/home/param/ws_moveit2/install/rviz_marker_tools:/home/param/ws_moveit2/install/rosparam_shortcuts:/home/param/ws_moveit2/install/moveit_task_constructor_msgs:/home/param/ws_moveit2/install/moveit_resources_prbt_support:/home/param/ws_moveit2/install/moveit_resources:/home/param/ws_moveit2/install/moveit_resources_pr2_description:/home/param/ws_moveit2/install/moveit_resources_panda_moveit_config:/home/param/ws_moveit2/install/moveit_resources_panda_description:/home/param/ws_moveit2/install/moveit_resources_fanuc_moveit_config:/home/param/ws_moveit2/install/moveit_resources_fanuc_description:/home/param/ws_moveit2/install/moveit_common:/home/param/nash_ws/install/nb_moveit:/home/param/nash_ws/install/nb_config:/home/param/nash_ws/install/nashbot_moveit_config:/home/param/nash_ws/install/moveit:/home/param/ws_moveit2/install/moveit_configs_utils:/home/param/ws_moveit2/install/launch_param_builder:/opt/ros/humble /usr/bin/cmake --install /home/param/nash_ws/build/nashbot_moveit_config
[0.538s] Level 1:colcon.colcon_core.environment:create_environment_scripts_only(nashbot_moveit_config)
[0.539s] Level 1:colcon.colcon_core.environment:checking '/home/param/nash_ws/install/nashbot_moveit_config' for CMake module files
[0.540s] DEBUG:colcon.colcon_core.event_handler.log_command:Invoked command in '/home/param/nash_ws/build/nashbot_moveit_config' returned '0': CMAKE_PREFIX_PATH=/home/param/nash_ws/install/nashbot:/home/param/ws_moveit2/install/pilz_industrial_motion_planner_testutils:/home/param/ws_moveit2/install/moveit_runtime:/home/param/ws_moveit2/install/moveit2_tutorials:/home/param/ws_moveit2/install/moveit:/home/param/ws_moveit2/install/moveit_planners:/home/param/ws_moveit2/install/pilz_industrial_motion_planner:/home/param/ws_moveit2/install/moveit_visual_tools:/home/param/ws_moveit2/install/moveit_task_constructor_visualization:/home/param/ws_moveit2/install/moveit_task_constructor_demo:/home/param/ws_moveit2/install/moveit_task_constructor_capabilities:/home/param/ws_moveit2/install/moveit_task_constructor_core:/home/param/ws_moveit2/install/moveit_ros_control_interface:/home/param/ws_moveit2/install/moveit_plugins:/home/param/ws_moveit2/install/moveit_simple_controller_manager:/home/param/ws_moveit2/install/moveit_setup_assistant:/home/param/ws_moveit2/install/moveit_setup_srdf_plugins:/home/param/ws_moveit2/install/moveit_setup_core_plugins:/home/param/ws_moveit2/install/moveit_setup_controllers:/home/param/ws_moveit2/install/moveit_setup_app_plugins:/home/param/ws_moveit2/install/moveit_setup_framework:/home/param/ws_moveit2/install/moveit_servo:/home/param/ws_moveit2/install/moveit_ros:/home/param/ws_moveit2/install/moveit_ros_visualization:/home/param/ws_moveit2/install/moveit_hybrid_planning:/home/param/ws_moveit2/install/moveit_ros_planning_interface:/home/param/ws_moveit2/install/moveit_ros_benchmarks:/home/param/ws_moveit2/install/moveit_ros_warehouse:/home/param/ws_moveit2/install/moveit_ros_robot_interaction:/home/param/ws_moveit2/install/moveit_ros_perception:/home/param/ws_moveit2/install/moveit_resources_prbt_pg70_support:/home/param/ws_moveit2/install/moveit_resources_prbt_moveit_config:/home/param/ws_moveit2/install/moveit_ros_move_group:/home/param/ws_moveit2/install/moveit_planners_ompl:/home/param/ws_moveit2/install/moveit_ros_planning:/home/param/ws_moveit2/install/moveit_ros_occupancy_map_monitor:/home/param/ws_moveit2/install/moveit_resources_prbt_ikfast_manipulator_plugin:/home/param/ws_moveit2/install/moveit_planners_chomp:/home/param/ws_moveit2/install/moveit_kinematics:/home/param/ws_moveit2/install/moveit_chomp_optimizer_adapter:/home/param/ws_moveit2/install/chomp_motion_planner:/home/param/ws_moveit2/install/moveit_core:/home/param/ws_moveit2/install/srdfdom:/home/param/ws_moveit2/install/rviz_marker_tools:/home/param/ws_moveit2/install/rosparam_shortcuts:/home/param/ws_moveit2/install/moveit_task_constructor_msgs:/home/param/ws_moveit2/install/moveit_resources_prbt_support:/home/param/ws_moveit2/install/moveit_resources:/home/param/ws_moveit2/install/moveit_resources_pr2_description:/home/param/ws_moveit2/install/moveit_resources_panda_moveit_config:/home/param/ws_moveit2/install/moveit_resources_panda_description:/home/param/ws_moveit2/install/moveit_resources_fanuc_moveit_config:/home/param/ws_moveit2/install/moveit_resources_fanuc_description:/home/param/ws_moveit2/install/moveit_common:/home/param/nash_ws/install/nb_moveit:/home/param/nash_ws/install/nb_config:/home/param/nash_ws/install/nashbot_moveit_config:/home/param/nash_ws/install/moveit:/home/param/ws_moveit2/install/moveit_configs_utils:/home/param/ws_moveit2/install/launch_param_builder:/opt/ros/humble /usr/bin/cmake --install /home/param/nash_ws/build/nashbot_moveit_config
[0.540s] Level 1:colcon.colcon_core.environment:checking '/home/param/nash_ws/install/nashbot_moveit_config' for CMake config files
[0.540s] Level 1:colcon.colcon_core.shell:create_environment_hook('nashbot_moveit_config', 'cmake_prefix_path')
[0.540s] INFO:colcon.colcon_core.shell:Creating environment hook '/home/param/nash_ws/install/nashbot_moveit_config/share/nashbot_moveit_config/hook/cmake_prefix_path.ps1'
[0.541s] INFO:colcon.colcon_core.shell:Creating environment descriptor '/home/param/nash_ws/install/nashbot_moveit_config/share/nashbot_moveit_config/hook/cmake_prefix_path.dsv'
[0.541s] INFO:colcon.colcon_core.shell:Creating environment hook '/home/param/nash_ws/install/nashbot_moveit_config/share/nashbot_moveit_config/hook/cmake_prefix_path.sh'
[0.541s] Level 1:colcon.colcon_core.environment:checking '/home/param/nash_ws/install/nashbot_moveit_config/bin'
[0.541s] Level 1:colcon.colcon_core.environment:checking '/home/param/nash_ws/install/nashbot_moveit_config/lib/pkgconfig/nashbot_moveit_config.pc'
[0.541s] Level 1:colcon.colcon_core.environment:checking '/home/param/nash_ws/install/nashbot_moveit_config/lib/python3.10/site-packages'
[0.542s] Level 1:colcon.colcon_core.environment:checking '/home/param/nash_ws/install/nashbot_moveit_config/bin'
[0.542s] INFO:colcon.colcon_core.shell:Creating package script '/home/param/nash_ws/install/nashbot_moveit_config/share/nashbot_moveit_config/package.ps1'
[0.542s] INFO:colcon.colcon_core.shell:Creating package descriptor '/home/param/nash_ws/install/nashbot_moveit_config/share/nashbot_moveit_config/package.dsv'
[0.542s] INFO:colcon.colcon_core.shell:Creating package script '/home/param/nash_ws/install/nashbot_moveit_config/share/nashbot_moveit_config/package.sh'
[0.543s] INFO:colcon.colcon_core.shell:Creating package script '/home/param/nash_ws/install/nashbot_moveit_config/share/nashbot_moveit_config/package.bash'
[0.543s] INFO:colcon.colcon_core.shell:Creating package script '/home/param/nash_ws/install/nashbot_moveit_config/share/nashbot_moveit_config/package.zsh'
[0.543s] Level 1:colcon.colcon_core.environment:create_file_with_runtime_dependencies(/home/param/nash_ws/install/nashbot_moveit_config/share/colcon-core/packages/nashbot_moveit_config)
[0.569s] Level 1:colcon.colcon_core.environment:create_environment_scripts_only(nashbot_moveit_config)
[0.569s] Level 1:colcon.colcon_core.environment:checking '/home/param/nash_ws/install/nashbot_moveit_config' for CMake module files
[0.569s] Level 1:colcon.colcon_core.environment:checking '/home/param/nash_ws/install/nashbot_moveit_config' for CMake config files
[0.569s] Level 1:colcon.colcon_core.shell:create_environment_hook('nashbot_moveit_config', 'cmake_prefix_path')
[0.569s] INFO:colcon.colcon_core.shell:Creating environment hook '/home/param/nash_ws/install/nashbot_moveit_config/share/nashbot_moveit_config/hook/cmake_prefix_path.ps1'
[0.570s] INFO:colcon.colcon_core.shell:Creating environment descriptor '/home/param/nash_ws/install/nashbot_moveit_config/share/nashbot_moveit_config/hook/cmake_prefix_path.dsv'
[0.570s] INFO:colcon.colcon_core.shell:Creating environment hook '/home/param/nash_ws/install/nashbot_moveit_config/share/nashbot_moveit_config/hook/cmake_prefix_path.sh'
[0.570s] Level 1:colcon.colcon_core.environment:checking '/home/param/nash_ws/install/nashbot_moveit_config/bin'
[0.570s] Level 1:colcon.colcon_core.environment:checking '/home/param/nash_ws/install/nashbot_moveit_config/lib/pkgconfig/nashbot_moveit_config.pc'
[0.571s] Level 1:colcon.colcon_core.environment:checking '/home/param/nash_ws/install/nashbot_moveit_config/lib/python3.10/site-packages'
[0.571s] Level 1:colcon.colcon_core.environment:checking '/home/param/nash_ws/install/nashbot_moveit_config/bin'
[0.571s] INFO:colcon.colcon_core.shell:Creating package script '/home/param/nash_ws/install/nashbot_moveit_config/share/nashbot_moveit_config/package.ps1'
[0.571s] INFO:colcon.colcon_core.shell:Creating package descriptor '/home/param/nash_ws/install/nashbot_moveit_config/share/nashbot_moveit_config/package.dsv'
[0.571s] INFO:colcon.colcon_core.shell:Creating package script '/home/param/nash_ws/install/nashbot_moveit_config/share/nashbot_moveit_config/package.sh'
[0.572s] INFO:colcon.colcon_core.shell:Creating package script '/home/param/nash_ws/install/nashbot_moveit_config/share/nashbot_moveit_config/package.bash'
[0.572s] INFO:colcon.colcon_core.shell:Creating package script '/home/param/nash_ws/install/nashbot_moveit_config/share/nashbot_moveit_config/package.zsh'
[0.572s] Level 1:colcon.colcon_core.environment:create_file_with_runtime_dependencies(/home/param/nash_ws/install/nashbot_moveit_config/share/colcon-core/packages/nashbot_moveit_config)
[0.682s] DEBUG:colcon.colcon_core.event_handler.log_command:Invoked command in '/home/param/nash_ws/build/nb_config' returned '0': CMAKE_PREFIX_PATH=/home/param/nash_ws/install/nashbot:/home/param/ws_moveit2/install/pilz_industrial_motion_planner_testutils:/home/param/ws_moveit2/install/moveit_runtime:/home/param/ws_moveit2/install/moveit2_tutorials:/home/param/ws_moveit2/install/moveit:/home/param/ws_moveit2/install/moveit_planners:/home/param/ws_moveit2/install/pilz_industrial_motion_planner:/home/param/ws_moveit2/install/moveit_visual_tools:/home/param/ws_moveit2/install/moveit_task_constructor_visualization:/home/param/ws_moveit2/install/moveit_task_constructor_demo:/home/param/ws_moveit2/install/moveit_task_constructor_capabilities:/home/param/ws_moveit2/install/moveit_task_constructor_core:/home/param/ws_moveit2/install/moveit_ros_control_interface:/home/param/ws_moveit2/install/moveit_plugins:/home/param/ws_moveit2/install/moveit_simple_controller_manager:/home/param/ws_moveit2/install/moveit_setup_assistant:/home/param/ws_moveit2/install/moveit_setup_srdf_plugins:/home/param/ws_moveit2/install/moveit_setup_core_plugins:/home/param/ws_moveit2/install/moveit_setup_controllers:/home/param/ws_moveit2/install/moveit_setup_app_plugins:/home/param/ws_moveit2/install/moveit_setup_framework:/home/param/ws_moveit2/install/moveit_servo:/home/param/ws_moveit2/install/moveit_ros:/home/param/ws_moveit2/install/moveit_ros_visualization:/home/param/ws_moveit2/install/moveit_hybrid_planning:/home/param/ws_moveit2/install/moveit_ros_planning_interface:/home/param/ws_moveit2/install/moveit_ros_benchmarks:/home/param/ws_moveit2/install/moveit_ros_warehouse:/home/param/ws_moveit2/install/moveit_ros_robot_interaction:/home/param/ws_moveit2/install/moveit_ros_perception:/home/param/ws_moveit2/install/moveit_resources_prbt_pg70_support:/home/param/ws_moveit2/install/moveit_resources_prbt_moveit_config:/home/param/ws_moveit2/install/moveit_ros_move_group:/home/param/ws_moveit2/install/moveit_planners_ompl:/home/param/ws_moveit2/install/moveit_ros_planning:/home/param/ws_moveit2/install/moveit_ros_occupancy_map_monitor:/home/param/ws_moveit2/install/moveit_resources_prbt_ikfast_manipulator_plugin:/home/param/ws_moveit2/install/moveit_planners_chomp:/home/param/ws_moveit2/install/moveit_kinematics:/home/param/ws_moveit2/install/moveit_chomp_optimizer_adapter:/home/param/ws_moveit2/install/chomp_motion_planner:/home/param/ws_moveit2/install/moveit_core:/home/param/ws_moveit2/install/srdfdom:/home/param/ws_moveit2/install/rviz_marker_tools:/home/param/ws_moveit2/install/rosparam_shortcuts:/home/param/ws_moveit2/install/moveit_task_constructor_msgs:/home/param/ws_moveit2/install/moveit_resources_prbt_support:/home/param/ws_moveit2/install/moveit_resources:/home/param/ws_moveit2/install/moveit_resources_pr2_description:/home/param/ws_moveit2/install/moveit_resources_panda_moveit_config:/home/param/ws_moveit2/install/moveit_resources_panda_description:/home/param/ws_moveit2/install/moveit_resources_fanuc_moveit_config:/home/param/ws_moveit2/install/moveit_resources_fanuc_description:/home/param/ws_moveit2/install/moveit_common:/home/param/nash_ws/install/nb_moveit:/home/param/nash_ws/install/nb_config:/home/param/nash_ws/install/nashbot_moveit_config:/home/param/nash_ws/install/moveit:/home/param/ws_moveit2/install/moveit_configs_utils:/home/param/ws_moveit2/install/launch_param_builder:/opt/ros/humble /usr/bin/cmake --build /home/param/nash_ws/build/nb_config -- -j32 -l32
[0.707s] DEBUG:colcon.colcon_core.event_handler.log_command:Invoking command in '/home/param/nash_ws/build/nb_config': CMAKE_PREFIX_PATH=/home/param/nash_ws/install/nashbot:/home/param/ws_moveit2/install/pilz_industrial_motion_planner_testutils:/home/param/ws_moveit2/install/moveit_runtime:/home/param/ws_moveit2/install/moveit2_tutorials:/home/param/ws_moveit2/install/moveit:/home/param/ws_moveit2/install/moveit_planners:/home/param/ws_moveit2/install/pilz_industrial_motion_planner:/home/param/ws_moveit2/install/moveit_visual_tools:/home/param/ws_moveit2/install/moveit_task_constructor_visualization:/home/param/ws_moveit2/install/moveit_task_constructor_demo:/home/param/ws_moveit2/install/moveit_task_constructor_capabilities:/home/param/ws_moveit2/install/moveit_task_constructor_core:/home/param/ws_moveit2/install/moveit_ros_control_interface:/home/param/ws_moveit2/install/moveit_plugins:/home/param/ws_moveit2/install/moveit_simple_controller_manager:/home/param/ws_moveit2/install/moveit_setup_assistant:/home/param/ws_moveit2/install/moveit_setup_srdf_plugins:/home/param/ws_moveit2/install/moveit_setup_core_plugins:/home/param/ws_moveit2/install/moveit_setup_controllers:/home/param/ws_moveit2/install/moveit_setup_app_plugins:/home/param/ws_moveit2/install/moveit_setup_framework:/home/param/ws_moveit2/install/moveit_servo:/home/param/ws_moveit2/install/moveit_ros:/home/param/ws_moveit2/install/moveit_ros_visualization:/home/param/ws_moveit2/install/moveit_hybrid_planning:/home/param/ws_moveit2/install/moveit_ros_planning_interface:/home/param/ws_moveit2/install/moveit_ros_benchmarks:/home/param/ws_moveit2/install/moveit_ros_warehouse:/home/param/ws_moveit2/install/moveit_ros_robot_interaction:/home/param/ws_moveit2/install/moveit_ros_perception:/home/param/ws_moveit2/install/moveit_resources_prbt_pg70_support:/home/param/ws_moveit2/install/moveit_resources_prbt_moveit_config:/home/param/ws_moveit2/install/moveit_ros_move_group:/home/param/ws_moveit2/install/moveit_planners_ompl:/home/param/ws_moveit2/install/moveit_ros_planning:/home/param/ws_moveit2/install/moveit_ros_occupancy_map_monitor:/home/param/ws_moveit2/install/moveit_resources_prbt_ikfast_manipulator_plugin:/home/param/ws_moveit2/install/moveit_planners_chomp:/home/param/ws_moveit2/install/moveit_kinematics:/home/param/ws_moveit2/install/moveit_chomp_optimizer_adapter:/home/param/ws_moveit2/install/chomp_motion_planner:/home/param/ws_moveit2/install/moveit_core:/home/param/ws_moveit2/install/srdfdom:/home/param/ws_moveit2/install/rviz_marker_tools:/home/param/ws_moveit2/install/rosparam_shortcuts:/home/param/ws_moveit2/install/moveit_task_constructor_msgs:/home/param/ws_moveit2/install/moveit_resources_prbt_support:/home/param/ws_moveit2/install/moveit_resources:/home/param/ws_moveit2/install/moveit_resources_pr2_description:/home/param/ws_moveit2/install/moveit_resources_panda_moveit_config:/home/param/ws_moveit2/install/moveit_resources_panda_description:/home/param/ws_moveit2/install/moveit_resources_fanuc_moveit_config:/home/param/ws_moveit2/install/moveit_resources_fanuc_description:/home/param/ws_moveit2/install/moveit_common:/home/param/nash_ws/install/nb_moveit:/home/param/nash_ws/install/nb_config:/home/param/nash_ws/install/nashbot_moveit_config:/home/param/nash_ws/install/moveit:/home/param/ws_moveit2/install/moveit_configs_utils:/home/param/ws_moveit2/install/launch_param_builder:/opt/ros/humble /usr/bin/cmake --install /home/param/nash_ws/build/nb_config
[0.720s] Level 1:colcon.colcon_core.environment:create_environment_scripts_only(nb_config)
[0.720s] Level 1:colcon.colcon_core.environment:checking '/home/param/nash_ws/install/nb_config' for CMake module files
[0.721s] DEBUG:colcon.colcon_core.event_handler.log_command:Invoked command in '/home/param/nash_ws/build/nb_config' returned '0': CMAKE_PREFIX_PATH=/home/param/nash_ws/install/nashbot:/home/param/ws_moveit2/install/pilz_industrial_motion_planner_testutils:/home/param/ws_moveit2/install/moveit_runtime:/home/param/ws_moveit2/install/moveit2_tutorials:/home/param/ws_moveit2/install/moveit:/home/param/ws_moveit2/install/moveit_planners:/home/param/ws_moveit2/install/pilz_industrial_motion_planner:/home/param/ws_moveit2/install/moveit_visual_tools:/home/param/ws_moveit2/install/moveit_task_constructor_visualization:/home/param/ws_moveit2/install/moveit_task_constructor_demo:/home/param/ws_moveit2/install/moveit_task_constructor_capabilities:/home/param/ws_moveit2/install/moveit_task_constructor_core:/home/param/ws_moveit2/install/moveit_ros_control_interface:/home/param/ws_moveit2/install/moveit_plugins:/home/param/ws_moveit2/install/moveit_simple_controller_manager:/home/param/ws_moveit2/install/moveit_setup_assistant:/home/param/ws_moveit2/install/moveit_setup_srdf_plugins:/home/param/ws_moveit2/install/moveit_setup_core_plugins:/home/param/ws_moveit2/install/moveit_setup_controllers:/home/param/ws_moveit2/install/moveit_setup_app_plugins:/home/param/ws_moveit2/install/moveit_setup_framework:/home/param/ws_moveit2/install/moveit_servo:/home/param/ws_moveit2/install/moveit_ros:/home/param/ws_moveit2/install/moveit_ros_visualization:/home/param/ws_moveit2/install/moveit_hybrid_planning:/home/param/ws_moveit2/install/moveit_ros_planning_interface:/home/param/ws_moveit2/install/moveit_ros_benchmarks:/home/param/ws_moveit2/install/moveit_ros_warehouse:/home/param/ws_moveit2/install/moveit_ros_robot_interaction:/home/param/ws_moveit2/install/moveit_ros_perception:/home/param/ws_moveit2/install/moveit_resources_prbt_pg70_support:/home/param/ws_moveit2/install/moveit_resources_prbt_moveit_config:/home/param/ws_moveit2/install/moveit_ros_move_group:/home/param/ws_moveit2/install/moveit_planners_ompl:/home/param/ws_moveit2/install/moveit_ros_planning:/home/param/ws_moveit2/install/moveit_ros_occupancy_map_monitor:/home/param/ws_moveit2/install/moveit_resources_prbt_ikfast_manipulator_plugin:/home/param/ws_moveit2/install/moveit_planners_chomp:/home/param/ws_moveit2/install/moveit_kinematics:/home/param/ws_moveit2/install/moveit_chomp_optimizer_adapter:/home/param/ws_moveit2/install/chomp_motion_planner:/home/param/ws_moveit2/install/moveit_core:/home/param/ws_moveit2/install/srdfdom:/home/param/ws_moveit2/install/rviz_marker_tools:/home/param/ws_moveit2/install/rosparam_shortcuts:/home/param/ws_moveit2/install/moveit_task_constructor_msgs:/home/param/ws_moveit2/install/moveit_resources_prbt_support:/home/param/ws_moveit2/install/moveit_resources:/home/param/ws_moveit2/install/moveit_resources_pr2_description:/home/param/ws_moveit2/install/moveit_resources_panda_moveit_config:/home/param/ws_moveit2/install/moveit_resources_panda_description:/home/param/ws_moveit2/install/moveit_resources_fanuc_moveit_config:/home/param/ws_moveit2/install/moveit_resources_fanuc_description:/home/param/ws_moveit2/install/moveit_common:/home/param/nash_ws/install/nb_moveit:/home/param/nash_ws/install/nb_config:/home/param/nash_ws/install/nashbot_moveit_config:/home/param/nash_ws/install/moveit:/home/param/ws_moveit2/install/moveit_configs_utils:/home/param/ws_moveit2/install/launch_param_builder:/opt/ros/humble /usr/bin/cmake --install /home/param/nash_ws/build/nb_config
[0.721s] Level 1:colcon.colcon_core.environment:checking '/home/param/nash_ws/install/nb_config' for CMake config files
[0.721s] Level 1:colcon.colcon_core.shell:create_environment_hook('nb_config', 'cmake_prefix_path')
[0.722s] INFO:colcon.colcon_core.shell:Creating environment hook '/home/param/nash_ws/install/nb_config/share/nb_config/hook/cmake_prefix_path.ps1'
[0.722s] INFO:colcon.colcon_core.shell:Creating environment descriptor '/home/param/nash_ws/install/nb_config/share/nb_config/hook/cmake_prefix_path.dsv'
[0.722s] INFO:colcon.colcon_core.shell:Creating environment hook '/home/param/nash_ws/install/nb_config/share/nb_config/hook/cmake_prefix_path.sh'
[0.722s] Level 1:colcon.colcon_core.environment:checking '/home/param/nash_ws/install/nb_config/bin'
[0.722s] Level 1:colcon.colcon_core.environment:checking '/home/param/nash_ws/install/nb_config/lib/pkgconfig/nb_config.pc'
[0.722s] Level 1:colcon.colcon_core.environment:checking '/home/param/nash_ws/install/nb_config/lib/python3.10/site-packages'
[0.723s] Level 1:colcon.colcon_core.environment:checking '/home/param/nash_ws/install/nb_config/bin'
[0.723s] INFO:colcon.colcon_core.shell:Creating package script '/home/param/nash_ws/install/nb_config/share/nb_config/package.ps1'
[0.723s] INFO:colcon.colcon_core.shell:Creating package descriptor '/home/param/nash_ws/install/nb_config/share/nb_config/package.dsv'
[0.723s] INFO:colcon.colcon_core.shell:Creating package script '/home/param/nash_ws/install/nb_config/share/nb_config/package.sh'
[0.724s] INFO:colcon.colcon_core.shell:Creating package script '/home/param/nash_ws/install/nb_config/share/nb_config/package.bash'
[0.724s] INFO:colcon.colcon_core.shell:Creating package script '/home/param/nash_ws/install/nb_config/share/nb_config/package.zsh'
[0.724s] Level 1:colcon.colcon_core.environment:create_file_with_runtime_dependencies(/home/param/nash_ws/install/nb_config/share/colcon-core/packages/nb_config)
[0.748s] Level 1:colcon.colcon_core.environment:create_environment_scripts_only(nb_config)
[0.748s] Level 1:colcon.colcon_core.environment:checking '/home/param/nash_ws/install/nb_config' for CMake module files
[0.749s] Level 1:colcon.colcon_core.environment:checking '/home/param/nash_ws/install/nb_config' for CMake config files
[0.749s] Level 1:colcon.colcon_core.shell:create_environment_hook('nb_config', 'cmake_prefix_path')
[0.749s] INFO:colcon.colcon_core.shell:Creating environment hook '/home/param/nash_ws/install/nb_config/share/nb_config/hook/cmake_prefix_path.ps1'
[0.749s] INFO:colcon.colcon_core.shell:Creating environment descriptor '/home/param/nash_ws/install/nb_config/share/nb_config/hook/cmake_prefix_path.dsv'
[0.750s] INFO:colcon.colcon_core.shell:Creating environment hook '/home/param/nash_ws/install/nb_config/share/nb_config/hook/cmake_prefix_path.sh'
[0.750s] Level 1:colcon.colcon_core.environment:checking '/home/param/nash_ws/install/nb_config/bin'
[0.750s] Level 1:colcon.colcon_core.environment:checking '/home/param/nash_ws/install/nb_config/lib/pkgconfig/nb_config.pc'
[0.750s] Level 1:colcon.colcon_core.environment:checking '/home/param/nash_ws/install/nb_config/lib/python3.10/site-packages'
[0.750s] Level 1:colcon.colcon_core.environment:checking '/home/param/nash_ws/install/nb_config/bin'
[0.750s] INFO:colcon.colcon_core.shell:Creating package script '/home/param/nash_ws/install/nb_config/share/nb_config/package.ps1'
[0.751s] INFO:colcon.colcon_core.shell:Creating package descriptor '/home/param/nash_ws/install/nb_config/share/nb_config/package.dsv'
[0.751s] INFO:colcon.colcon_core.shell:Creating package script '/home/param/nash_ws/install/nb_config/share/nb_config/package.sh'
[0.751s] INFO:colcon.colcon_core.shell:Creating package script '/home/param/nash_ws/install/nb_config/share/nb_config/package.bash'
[0.752s] INFO:colcon.colcon_core.shell:Creating package script '/home/param/nash_ws/install/nb_config/share/nb_config/package.zsh'
[0.752s] Level 1:colcon.colcon_core.environment:create_file_with_runtime_dependencies(/home/param/nash_ws/install/nb_config/share/colcon-core/packages/nb_config)
[0.752s] DEBUG:colcon.colcon_parallel_executor.executor.parallel:closing loop
[0.752s] DEBUG:colcon.colcon_parallel_executor.executor.parallel:loop closed
[0.752s] DEBUG:colcon.colcon_parallel_executor.executor.parallel:run_until_complete finished with '0'
[0.752s] DEBUG:colcon.colcon_core.event_reactor:joining thread
[0.757s] INFO:colcon.colcon_core.plugin_system:Skipping extension 'colcon_notification.desktop_notification.terminal_notifier': Not used on non-Darwin systems
[0.757s] INFO:colcon.colcon_core.plugin_system:Skipping extension 'colcon_notification.desktop_notification.win32': Not used on non-Windows systems
[0.757s] INFO:colcon.colcon_notification.desktop_notification:Sending desktop notification using 'notify2'
[0.766s] DEBUG:colcon.colcon_core.event_reactor:joined thread
[0.767s] INFO:colcon.colcon_core.shell:Creating prefix script '/home/param/nash_ws/install/local_setup.ps1'
[0.767s] INFO:colcon.colcon_core.shell:Creating prefix util module '/home/param/nash_ws/install/_local_setup_util_ps1.py'
[0.768s] INFO:colcon.colcon_core.shell:Creating prefix chain script '/home/param/nash_ws/install/setup.ps1'
[0.770s] INFO:colcon.colcon_core.shell:Creating prefix script '/home/param/nash_ws/install/local_setup.sh'
[0.770s] INFO:colcon.colcon_core.shell:Creating prefix util module '/home/param/nash_ws/install/_local_setup_util_sh.py'
[0.771s] INFO:colcon.colcon_core.shell:Creating prefix chain script '/home/param/nash_ws/install/setup.sh'
[0.772s] INFO:colcon.colcon_core.shell:Creating prefix script '/home/param/nash_ws/install/local_setup.bash'
[0.773s] INFO:colcon.colcon_core.shell:Creating prefix chain script '/home/param/nash_ws/install/setup.bash'
[0.774s] INFO:colcon.colcon_core.shell:Creating prefix script '/home/param/nash_ws/install/local_setup.zsh'
[0.775s] INFO:colcon.colcon_core.shell:Creating prefix chain script '/home/param/nash_ws/install/setup.zsh'
