-- Install configuration: ""
-- Up-to-date: /home/param/nash_ws/install/nb_neew2/share/ament_index/resource_index/package_run_dependencies/nb_neew2
-- Up-to-date: /home/param/nash_ws/install/nb_neew2/share/ament_index/resource_index/parent_prefix_path/nb_neew2
-- Up-to-date: /home/param/nash_ws/install/nb_neew2/share/nb_neew2/environment/ament_prefix_path.sh
-- Up-to-date: /home/param/nash_ws/install/nb_neew2/share/nb_neew2/environment/ament_prefix_path.dsv
-- Up-to-date: /home/param/nash_ws/install/nb_neew2/share/nb_neew2/environment/path.sh
-- Up-to-date: /home/param/nash_ws/install/nb_neew2/share/nb_neew2/environment/path.dsv
-- Up-to-date: /home/param/nash_ws/install/nb_neew2/share/nb_neew2/local_setup.bash
-- Up-to-date: /home/param/nash_ws/install/nb_neew2/share/nb_neew2/local_setup.sh
-- Up-to-date: /home/param/nash_ws/install/nb_neew2/share/nb_neew2/local_setup.zsh
-- Up-to-date: /home/param/nash_ws/install/nb_neew2/share/nb_neew2/local_setup.dsv
-- Up-to-date: /home/param/nash_ws/install/nb_neew2/share/nb_neew2/package.dsv
-- Up-to-date: /home/param/nash_ws/install/nb_neew2/share/ament_index/resource_index/packages/nb_neew2
-- Up-to-date: /home/param/nash_ws/install/nb_neew2/share/nb_neew2/cmake/nb_neew2Config.cmake
-- Up-to-date: /home/param/nash_ws/install/nb_neew2/share/nb_neew2/cmake/nb_neew2Config-version.cmake
-- Up-to-date: /home/param/nash_ws/install/nb_neew2/share/nb_neew2/package.xml
-- Up-to-date: /home/param/nash_ws/install/nb_neew2/share/nb_neew2/launch
-- Up-to-date: /home/param/nash_ws/install/nb_neew2/share/nb_neew2/launch/warehouse_db.launch.py
-- Up-to-date: /home/param/nash_ws/install/nb_neew2/share/nb_neew2/launch/demo.launch.py
-- Up-to-date: /home/param/nash_ws/install/nb_neew2/share/nb_neew2/launch/static_virtual_joint_tfs.launch.py
-- Up-to-date: /home/param/nash_ws/install/nb_neew2/share/nb_neew2/launch/rsp.launch.py
-- Up-to-date: /home/param/nash_ws/install/nb_neew2/share/nb_neew2/launch/setup_assistant.launch.py
-- Up-to-date: /home/param/nash_ws/install/nb_neew2/share/nb_neew2/launch/spawn_controllers.launch.py
-- Up-to-date: /home/param/nash_ws/install/nb_neew2/share/nb_neew2/launch/move_group.launch.py
-- Up-to-date: /home/param/nash_ws/install/nb_neew2/share/nb_neew2/launch/moveit_rviz.launch.py
-- Up-to-date: /home/param/nash_ws/install/nb_neew2/share/nb_neew2/config
-- Up-to-date: /home/param/nash_ws/install/nb_neew2/share/nb_neew2/config/moveit.rviz
-- Up-to-date: /home/param/nash_ws/install/nb_neew2/share/nb_neew2/config/nashbot.srdf
-- Up-to-date: /home/param/nash_ws/install/nb_neew2/share/nb_neew2/config/sensors_3d.yaml
-- Up-to-date: /home/param/nash_ws/install/nb_neew2/share/nb_neew2/config/kinematics.yaml
-- Up-to-date: /home/param/nash_ws/install/nb_neew2/share/nb_neew2/config/nashbot.ros2_control.xacro
-- Installing: /home/param/nash_ws/install/nb_neew2/share/nb_neew2/config/initial_positions.yaml
-- Installing: /home/param/nash_ws/install/nb_neew2/share/nb_neew2/config/joint_limits.yaml
-- Up-to-date: /home/param/nash_ws/install/nb_neew2/share/nb_neew2/config/ros2_controllers.yaml
-- Up-to-date: /home/param/nash_ws/install/nb_neew2/share/nb_neew2/config/nashbot.urdf.xacro
-- Up-to-date: /home/param/nash_ws/install/nb_neew2/share/nb_neew2/config/moveit_controllers.yaml
-- Up-to-date: /home/param/nash_ws/install/nb_neew2/share/nb_neew2/config/pilz_cartesian_limits.yaml
-- Up-to-date: /home/param/nash_ws/install/nb_neew2/share/nb_neew2/.setup_assistant
