[0.011s] Invoking command in '/home/param/nash_ws/build/nashbot_moveit_config': CMAKE_PREFIX_PATH=${CMAKE_PREFIX_PATH}:/home/param/ws_moveit2/install/moveit_configs_utils:/home/param/ws_moveit2/install/launch_param_builder:/opt/ros/humble /usr/bin/cmake --build /home/param/nash_ws/build/nashbot_moveit_config -- -j32 -l32
[0.051s] Invoked command in '/home/param/nash_ws/build/nashbot_moveit_config' returned '0': CMAKE_PREFIX_PATH=${CMAKE_PREFIX_PATH}:/home/param/ws_moveit2/install/moveit_configs_utils:/home/param/ws_moveit2/install/launch_param_builder:/opt/ros/humble /usr/bin/cmake --build /home/param/nash_ws/build/nashbot_moveit_config -- -j32 -l32
[0.088s] Invoking command in '/home/param/nash_ws/build/nashbot_moveit_config': CMAKE_PREFIX_PATH=${CMAKE_PREFIX_PATH}:/home/param/ws_moveit2/install/moveit_configs_utils:/home/param/ws_moveit2/install/launch_param_builder:/opt/ros/humble /usr/bin/cmake --install /home/param/nash_ws/build/nashbot_moveit_config
[0.096s] -- Install configuration: ""
[0.096s] -- Up-to-date: /home/param/nash_ws/install/nashbot_moveit_config/share/ament_index/resource_index/package_run_dependencies/nashbot_moveit_config
[0.096s] -- Up-to-date: /home/param/nash_ws/install/nashbot_moveit_config/share/ament_index/resource_index/parent_prefix_path/nashbot_moveit_config
[0.096s] -- Up-to-date: /home/param/nash_ws/install/nashbot_moveit_config/share/nashbot_moveit_config/environment/ament_prefix_path.sh
[0.096s] -- Up-to-date: /home/param/nash_ws/install/nashbot_moveit_config/share/nashbot_moveit_config/environment/ament_prefix_path.dsv
[0.097s] -- Up-to-date: /home/param/nash_ws/install/nashbot_moveit_config/share/nashbot_moveit_config/environment/path.sh
[0.097s] -- Up-to-date: /home/param/nash_ws/install/nashbot_moveit_config/share/nashbot_moveit_config/environment/path.dsv
[0.097s] -- Up-to-date: /home/param/nash_ws/install/nashbot_moveit_config/share/nashbot_moveit_config/local_setup.bash
[0.097s] -- Up-to-date: /home/param/nash_ws/install/nashbot_moveit_config/share/nashbot_moveit_config/local_setup.sh
[0.097s] -- Up-to-date: /home/param/nash_ws/install/nashbot_moveit_config/share/nashbot_moveit_config/local_setup.zsh
[0.097s] -- Up-to-date: /home/param/nash_ws/install/nashbot_moveit_config/share/nashbot_moveit_config/local_setup.dsv
[0.097s] -- Installing: /home/param/nash_ws/install/nashbot_moveit_config/share/nashbot_moveit_config/package.dsv
[0.097s] -- Up-to-date: /home/param/nash_ws/install/nashbot_moveit_config/share/ament_index/resource_index/packages/nashbot_moveit_config
[0.097s] -- Up-to-date: /home/param/nash_ws/install/nashbot_moveit_config/share/nashbot_moveit_config/cmake/nashbot_moveit_configConfig.cmake
[0.097s] -- Up-to-date: /home/param/nash_ws/install/nashbot_moveit_config/share/nashbot_moveit_config/cmake/nashbot_moveit_configConfig-version.cmake
[0.097s] -- Up-to-date: /home/param/nash_ws/install/nashbot_moveit_config/share/nashbot_moveit_config/package.xml
[0.097s] -- Up-to-date: /home/param/nash_ws/install/nashbot_moveit_config/share/nashbot_moveit_config/launch
[0.097s] -- Up-to-date: /home/param/nash_ws/install/nashbot_moveit_config/share/nashbot_moveit_config/launch/warehouse_db.launch.py
[0.097s] -- Up-to-date: /home/param/nash_ws/install/nashbot_moveit_config/share/nashbot_moveit_config/launch/demo.launch.py
[0.097s] -- Up-to-date: /home/param/nash_ws/install/nashbot_moveit_config/share/nashbot_moveit_config/launch/static_virtual_joint_tfs.launch.py
[0.097s] -- Up-to-date: /home/param/nash_ws/install/nashbot_moveit_config/share/nashbot_moveit_config/launch/rsp.launch.py
[0.098s] -- Up-to-date: /home/param/nash_ws/install/nashbot_moveit_config/share/nashbot_moveit_config/launch/setup_assistant.launch.py
[0.098s] -- Up-to-date: /home/param/nash_ws/install/nashbot_moveit_config/share/nashbot_moveit_config/launch/spawn_controllers.launch.py
[0.098s] -- Up-to-date: /home/param/nash_ws/install/nashbot_moveit_config/share/nashbot_moveit_config/launch/move_group.launch.py
[0.098s] -- Up-to-date: /home/param/nash_ws/install/nashbot_moveit_config/share/nashbot_moveit_config/launch/moveit_rviz.launch.py
[0.098s] -- Up-to-date: /home/param/nash_ws/install/nashbot_moveit_config/share/nashbot_moveit_config/config
[0.098s] -- Up-to-date: /home/param/nash_ws/install/nashbot_moveit_config/share/nashbot_moveit_config/config/moveit.rviz
[0.098s] -- Up-to-date: /home/param/nash_ws/install/nashbot_moveit_config/share/nashbot_moveit_config/config/nashbot.srdf
[0.098s] -- Up-to-date: /home/param/nash_ws/install/nashbot_moveit_config/share/nashbot_moveit_config/config/kinematics.yaml
[0.098s] -- Up-to-date: /home/param/nash_ws/install/nashbot_moveit_config/share/nashbot_moveit_config/config/nashbot.ros2_control.xacro
[0.098s] -- Up-to-date: /home/param/nash_ws/install/nashbot_moveit_config/share/nashbot_moveit_config/config/initial_positions.yaml
[0.098s] -- Up-to-date: /home/param/nash_ws/install/nashbot_moveit_config/share/nashbot_moveit_config/config/joint_limits.yaml
[0.098s] -- Up-to-date: /home/param/nash_ws/install/nashbot_moveit_config/share/nashbot_moveit_config/config/ros2_controllers.yaml
[0.098s] -- Up-to-date: /home/param/nash_ws/install/nashbot_moveit_config/share/nashbot_moveit_config/config/nashbot.urdf.xacro
[0.098s] -- Up-to-date: /home/param/nash_ws/install/nashbot_moveit_config/share/nashbot_moveit_config/config/pilz_cartesian_limits.yaml
[0.098s] -- Up-to-date: /home/param/nash_ws/install/nashbot_moveit_config/share/nashbot_moveit_config/.setup_assistant
[0.099s] Invoked command in '/home/param/nash_ws/build/nashbot_moveit_config' returned '0': CMAKE_PREFIX_PATH=${CMAKE_PREFIX_PATH}:/home/param/ws_moveit2/install/moveit_configs_utils:/home/param/ws_moveit2/install/launch_param_builder:/opt/ros/humble /usr/bin/cmake --install /home/param/nash_ws/build/nashbot_moveit_config
