[0.004s] Invoking command in '/home/param/nash_ws/build/nashbot': CMAKE_PREFIX_PATH=/opt/ros/humble /usr/bin/cmake /home/param/nash_ws/src/nashbot -DCMAKE_INSTALL_PREFIX=/home/param/nash_ws/install/nashbot
[0.031s] -- The C compiler identification is GNU 11.4.0
[0.057s] -- The CXX compiler identification is GNU 11.4.0
[0.061s] -- Detecting C compiler ABI info
[0.093s] -- Detecting C compiler ABI info - done
[0.096s] -- Check for working C compiler: /usr/bin/cc - skipped
[0.096s] -- Detecting C compile features
[0.097s] -- Detecting C compile features - done
[0.098s] -- Detecting CXX compiler ABI info
[0.135s] -- Detecting CXX compiler ABI info - done
[0.138s] -- Check for working CXX compiler: /usr/bin/c++ - skipped
[0.139s] -- Detecting CXX compile features
[0.139s] -- Detecting CXX compile features - done
[0.140s] -- Found ament_cmake: 1.3.9 (/opt/ros/humble/share/ament_cmake/cmake)
[0.216s] -- Found Python3: /usr/bin/python3 (found version "3.10.12") found components: Interpreter 
[0.254s] -- Found ament_lint_auto: 0.12.11 (/opt/ros/humble/share/ament_lint_auto/cmake)
[0.288s] -- Added test 'lint_cmake' to check CMake code style
[0.288s] -- Added test 'xmllint' to check XML markup files
[0.288s] -- Configuring done
[0.289s] -- Generating done
[0.290s] -- Build files have been written to: /home/param/nash_ws/build/nashbot
[0.293s] Invoked command in '/home/param/nash_ws/build/nashbot' returned '0': CMAKE_PREFIX_PATH=/opt/ros/humble /usr/bin/cmake /home/param/nash_ws/src/nashbot -DCMAKE_INSTALL_PREFIX=/home/param/nash_ws/install/nashbot
[0.293s] Invoking command in '/home/param/nash_ws/build/nashbot': CMAKE_PREFIX_PATH=/opt/ros/humble /usr/bin/cmake --build /home/param/nash_ws/build/nashbot -- -j32 -l32
[0.311s] Invoked command in '/home/param/nash_ws/build/nashbot' returned '0': CMAKE_PREFIX_PATH=/opt/ros/humble /usr/bin/cmake --build /home/param/nash_ws/build/nashbot -- -j32 -l32
[0.326s] Invoking command in '/home/param/nash_ws/build/nashbot': CMAKE_PREFIX_PATH=/opt/ros/humble /usr/bin/cmake --install /home/param/nash_ws/build/nashbot
[0.329s] -- Install configuration: ""
[0.329s] -- Installing: /home/param/nash_ws/install/nashbot/share/ament_index/resource_index/package_run_dependencies/nashbot
[0.329s] -- Installing: /home/param/nash_ws/install/nashbot/share/ament_index/resource_index/parent_prefix_path/nashbot
[0.329s] -- Installing: /home/param/nash_ws/install/nashbot/share/nashbot/environment/ament_prefix_path.sh
[0.329s] -- Installing: /home/param/nash_ws/install/nashbot/share/nashbot/environment/ament_prefix_path.dsv
[0.329s] -- Installing: /home/param/nash_ws/install/nashbot/share/nashbot/environment/path.sh
[0.329s] -- Installing: /home/param/nash_ws/install/nashbot/share/nashbot/environment/path.dsv
[0.329s] -- Installing: /home/param/nash_ws/install/nashbot/share/nashbot/local_setup.bash
[0.329s] -- Installing: /home/param/nash_ws/install/nashbot/share/nashbot/local_setup.sh
[0.329s] -- Installing: /home/param/nash_ws/install/nashbot/share/nashbot/local_setup.zsh
[0.329s] -- Installing: /home/param/nash_ws/install/nashbot/share/nashbot/local_setup.dsv
[0.329s] -- Installing: /home/param/nash_ws/install/nashbot/share/nashbot/package.dsv
[0.329s] -- Installing: /home/param/nash_ws/install/nashbot/share/ament_index/resource_index/packages/nashbot
[0.329s] -- Installing: /home/param/nash_ws/install/nashbot/share/nashbot/cmake/nashbotConfig.cmake
[0.329s] -- Installing: /home/param/nash_ws/install/nashbot/share/nashbot/cmake/nashbotConfig-version.cmake
[0.329s] -- Installing: /home/param/nash_ws/install/nashbot/share/nashbot/package.xml
[0.330s] Invoked command in '/home/param/nash_ws/build/nashbot' returned '0': CMAKE_PREFIX_PATH=/opt/ros/humble /usr/bin/cmake --install /home/param/nash_ws/build/nashbot
